D:\2filerj\anaconda3\envs\torch\python.exe D:\Pythonnnn\弱监督的农业社会化销售服务评价\4句法依存\read_finel_precess.py
因为 送货 拖 得 太 久 ， 有的 两 头 已经 发 白发硬 。
很 酸 ， 没有 办法 入口 ， 这 不 是 正宗 的 上饶柚
口感 酸 ， 皮厚 ， 买 的 礼盒装 也 没有 发礼盒 ， 就 一个 普通 纸箱 装 一 块 寄 给 我 。 退货 也 不行 ， 算 了 ， 下次 不再 上当 受骗 了
酸 ， 皮厚 ， 还 不 给 退
好评
不好 吃 ，
好像 摘 下来 了 很 久 了
本来 以为 在 京东 买 的 广丰柚子 是 正宗 的 吃 了 之后 又 是 假 的 没 一点 诚信
绝 了 客服 也 很 棒
真心 无 语 、 完全 不 能 吃 了 还要 放 着 卖 ？ 干 的 一 点 水 份 都 没有 还要 放 卖 、 真是 能 骗 一个 算 一个 吗 ？
柚子 又 老 又 苦
？ 这种 货 也 发 ？ ！
比较 酸 ， 皮厚 ， 水分 很足
跟 超市 买 的 不 一样 味道 太 酸 了
有 柚子 的 味道
不好 吃 ， 比 去年 买 的 差远 了
不好 ， 核小皮厚 ， 肉 咬 不 动
买 了 直接 发给 外地 亲戚家 的 ， 尴尬 的 是 其中 一个 有 小虫 。。。
还 可以 会 考虑 再 买 的
没 传说 的 那么 惊艳
还 行
东西 居然 是 大籽 的 ， 不 和 以前 其他 渠道 买 的 一样 。
买 过 很多 品种 的 柚子 ， 第一 次 买 到 是 有 籽 的 柚子 ， 最 主要 皮 特别 厚 ， 酸得来 ， 不 会 再 购买 了
元 就 买 这种 精品 ， 晕 死 我 了 。 差评 差评 差评
柚子 太 次 了 一点 也 不好
估计 不 是 吃 柚子 的 季节 ， 不好吃
这 次 的 柚子皮 特别 厚 ， 不好吃 ！
物美价廉 ， 老人 喜欢 。
正宗 ， 确确实实 的 江西 名牌 产品 ！
垃圾 都 烂 了
东西 收到 后 已经 坏 了 ！
无话可说 ， 看 图 吧 ！
号 下单 ， 号 终于 到 了 ， 打开 箱子 就 发现 坏 了 一个 ， 疫情 期间 这 也 情有可原 吧 ， 尝 过 后 再 追评 。
至今 未 收货
收到 了
酸
水 份 差点
到 现在 也 没 收到 退款 差评
有点 酸
说实话 就是 有 点 酸
买 四 个 烂 两 个
常 买 ， 全家人 一起 享用
回购
特别 垃圾 旗舰店 ， 特别 垃圾 旗舰店 ， 千万 别 买
是 种 树 浇水 得 的 ， 但 质量 也 得 过硬 才 行 呢
太酸 ， 还 红心 ， 一点 都 不 红
建议 大家 别 买 。 买 个 有 两 个 都 要 不 的 。 （ 照片 二 上 那个 柚子 已经 完全 软 了 ， 咋 吃 ？ ）
皮薄 肉 多 ， 已 回购 ， 下次 还 来 。
差差差差
买 了 好几 次 了 ， 果肉 有些 老 了 ， 不 准备 再 下 单 了 。 最后 这 次 不好 ，
会 说话 的 产品 ， 杠杠的
烂 的
不好 ， 非常 干 没 水分
还 可以
一个 是 苦 的 ， 吐 了 ， 上当
没 水份
物美价廉 ， 香甜 可口 ， 非常 棒 的 红柚 ， 必须 好评 ！ ！ ！ ！ ！ ！
有 点 苦
非常 感谢 京东 ， 玩 东东 游戏 获 赠品
吃 着 是 苦 的
放 了 一 段 时间 吃 的 ， 水分 很足 。 靠皮 地 方略 苦 。
发货 速度 很快 ， 等等 再 吃 。
红心 的 ， 发苦 。
质量 杠杠 的 ， 购买 直 的 信赖 ！
太 苦 了
柚子 很 正 ， ！ ！ ！ ！ ！ ！ ！ ！ ！ ！ ！ ！ ，
个 中型 噶柚子 ， 皮薄 ， 给 了 家里 人食 ， 发货 速度 很快
宝贝 收到 了 ！ 非常 感谢 ！
口感 很 棒 ， 原产地 直接 发货
不 红 都 五星好评 吧
买 了 个 ， 坏 了 个
不好吃
水果 有 欠 新鲜感 ， 不 是 很 能 接受 。
好久 之前 买 的 了 ， 用 来 做 杨枝 甘露 家人 很 喜欢
很 喜欢
橘子 吧 ？
太 酸 了
没 放 几 天 就 烂 了
坏 了 一个 忘记 索赔 了
口感 不 酸 ， 有点 微微 的 苦味 ， 气味 芳香 ， 已经 多次 购买 了 。
还 可以 ， 买 了 好几 次 。
宝贝 已 收到 ， 超级 喜欢 ， 颜值 高 又 实用 ， 超级 喜欢 ！
本来 还 很 担心 东西 不好 ， 拿 到 手 发现 完全 多 虑 了 ， 五星好评
酸 ！
有时候 真 的 觉得 有些 事情
巨难吃 ！ 苦 到 家 了 ， 也 好意思 卖
皮太 厚 了
第一 次 买 京东 水果 ， 各种 问题 都 有 ， 不 会 复购 。
大果 小果 一起 买 的 ， 建议 大果
换购 ： 物美价廉
太 软 了 ， 酸略苦
物超所值 ， 话 不 多 说 ， 这 四 个 字 已经 说明 了 一切
不 太行 ， 外皮 硬 而 难 剥 ， 内皮 又 很 坚韧 ， 嚼 不 动
超级 无敌 喜欢 西柚 很 健康 酸爽 开 胃 啊 ！
干巴 ， 果皮 很 厚 ， 水分 还 可以 。 不 是 特别 优质 的 西柚 。
本来 买 了 个 ， 准备 自己 好好 做 个 美容 结果 被 妈妈 吃 完 了 才 记得 拍 视频 记录 下 ， 关键 ～ ～ ～ 只 剩下 西柚 皮 了 妈妈 嘴 很 挑 的 ， 被 她 吃光 的 东西 绝对 差不了
苦 的
相信 京东 到 家 ， 太 赞 了 五星好评
帮 同事 买 的 很 喜欢
西柚 水果 之 王 ， 我 的 最 嗨 ， 京东 商城 的 水果 物美价廉 ， 还 会 继续 关注 ！
两 个 柚子 一个 黄 一点 一个 白 一点
有 一个 果 还 行 ， 有 一个 皮 超级 厚
柚子 超甜 ， 喜欢
太 酸 了 ， 而且 稍微 有 点 干
柚子 好好 ， 推荐 了 很多 朋友 买 ， 回购 了 很多 次 ， 京东 yyds
东西 物美价廉 、 建议 大家 购买
摸 起来 有 点儿 焉 巴
还 可以 稍 微 点 酸 ， 凑单 买 的
味道 可以 ！
大家 都 说 我 的 脸皮 比 城墙 都 要 厚 今天 遇到 了 比 我 脸皮 还 厚 的 柚子 ！ ！ ！
还 行 吧
水份 不 多 ， 不怎么样 ， 柚子 难 买 。
哇塞 ！ 这个 产品 服务 真是 太 棒 了 ！ 我 简直 被 它 迷住 了 ！ 它 的 设计 功能 质量 简直 是 一流 的 ！ 我 简直 无法 抗拒 它 的 魅力 ！ 它 简直 就 是 我 的 新 宠儿 ！ 我 真的 超级 喜欢 它 ！
柚子 寄 给 公婆 吃 的 ， 反馈 说 快递 小哥 在 取件 时 怕 他们 万一 有 坏 的 不 会 拍照 申请 售 后 ， 特意 帮忙 检查 了 ， 很 愉快 的 每次 购物 ， 信赖 京东 ！
报 吃 ， 酸
分量 十足 ， 但 就 三 个 字 ： 太 酸 了
水分 很足 ， 回购 很多 次 了
味道 一级 棒 ， 希望 以后 还 能 买 到 一样 的 品质
第一 次 购买 ， 切 开 时 柚子 的 香味 扑鼻 而 来 ， 满满的 果肉 ， 真 的 是 鲜美 多 汁 ， 家人 很 喜欢 ， 吃 完 后 还 会 继续 光顾 。 为 商家点 赞 ！
没 水分
非常 感谢 快递员 郑茂蔚 先生 ， 这 几 年 来 家里 的 所有 生活 用品 ， 吃 的 喝 的 都 在 京东 买 ， 每次 都 是 那么 和蔼可亲 ， 特别 是 这 次 买 了 几 箱 柚子 ， 我 搬 不 上去 ， 他 主动 说 帮 我 搬 上 楼 ， 真 的 辛苦 了 ， 也 非常 感谢 郑茂蔚
物流 很快 ， 物品 完好无损 ， 用 起来 很 舒服 ， 喜欢
甜中略酸带 略苦 非常 喜欢 。
一直 在 京东 上 买 的 ， 价廉物美
你 几 周 回 一 次 家里 该 有 多 好看
一直 都 喜欢 在 京东 买 东西 物流 超赞 物品 品质 也好 我 相信 我 选择
跟 描述 的 是 一样 的 ， 很 显 高档 ， 物美价廉 ， 要 买 的 朋友 可以 下 单 噢 ！
汁 多 饱满 ， 但是 ！ 没有 最 酸 ， 只有 更 酸 ！ ！ ！ 是 在 下 草率 了
一 盒 ， 包装 时间 为 ， 三 个 是 软吧吧 的 ， 其中 一个 顶部 已 发 黑 的 霉
看 起来 还 行 ， 比 想象 中 略 微小 一点
酸酸甜甜的 ， 稍 带 些 苦味 ， 可以 接受
泡 水 喝 的 陪 着 红茶 一起 喝 的
换购 的 ， 还 没有 吃 。 不 知道 。
酸到盲 的 都 开 眼 啊
这 次 买 的 可能 放 的 时间 长 ， 打开 一 盒 有 个 果子 烂 了 ～ 三 盒 个 比较 软泡
我 以为 你 说 的 苦 是 有 一点点 苦 ， 但 我 没 想到 是 能够 苦 的 我 怀疑 人生
汁水 很足 但是 真 的 太 酸 了 ～
苦 的 ， 有 一个 是 烂 的
西柚 个人 不 太 喜欢 有 点 酸
孩子 说 很 酸 ， 不好吃
一直 回购
太 苦 了 ， 不好吃 ， 不 喜欢
又 酸 又 苦
有点 酸 ！
下次 不 敢 在 这里 买 水果 了 ， 买 了 四 个 柚子 ， 两 个 是 烂 的 ， 真是 郁闷 啊 ， 吃亏 上当 ， 就 这 一 次 ， 下次 不 买 了
柚子 太 酸 了 ， 只好 看 不好吃 哦
酸和苦 ， ， ，
不 想 说 啥 ， 下次 一定 谨慎 购买 ， 售 后 很 麻烦 ， 自己 认 吃亏 了 。
太 酸 了 ， 可惜 不 能 无 理由 退货
皮厚 囊干 ， 又 苦 又 涩 ， 扔 了
很 难 吃苦 的 还 烂 了 两 个 ， 但是 京东 已经 赔付 了
太 酸 了 太 酸 了 太 酸 了 酸苦酸苦
一 颗 坏 的 其余 的 酸 到 跟 柠檬 差不多 的 程度
苦水分 流失 差劲
又 酸 又 苦 ， 一 股 涩味
没 想到 啊 ！ 在 和 京东 买 东西 是 有 差别 的 ， 价格 一样 ， 品质 不 一样 ， 想 着 把 京 豆 用 了 抵扣 还有 充值卡 的 钱 用 掉 ， 结果 收到 的 西柚 都 是 摔 伤 的 ！ 失望
别 买 ， 真 的 又 苦 又 酸 ， 一共 个 ， 都 丢 了 ，
赞
我 一年四季 吃 西柚 ， 头 一 次 碰到 坏 的 ， 申请 售 后 居然 告知 收货 后 小时 才 能 处理 ， 请问 我 小时 内 能 吃 完 那么 多 个 吗 ？
还 凑合
柚子 小不说 ， 还 特别 酸 ， 强烈 建议 大家 不要 买 ， 五十 多 块 钱 买 了 几 个 橙子 大小 的 ， 还 特酸
太 酸 了 ， 又 苦 ！
凑单 买 的 ， 不好吃 ， 酸死 了 ， 个 只 吃 了 一个 ， 丢 了 个 。
这个 西柚 ， 真是 太 酸 了 ， 京东 也 卖 这么 垃圾 的 东西 了 ！ 失望 透顶
很 酸 很 涩 ， 尝 了 一个 ， 剩下 个 说 不 能 退 ， 要 买 的 慎重 考虑
好酸 啊 ， 比 柠檬 还 酸
也 太 酸 了 ， 吃 了 三 个 ， 都 是 酸 的 要 死 ， 不 可能 不 评价 ， 等于 钱 白 花 。
本人 没有 签收 。 快递 显示 送达 。
太太太 太太 酸 了 ， 没法儿 吃
吃 到 了 有史以来 最 酸 的 西柚 ， 无法 下 嘴
太 苦 了 ， 几 个 人 都 说 苦 的 难以下咽 ， 直接 扔 了
都 是 苦 的 ， 真是 不好吃
不好吃 ， 特别 酸 ， 都 扔 了
尝 了 下 ， 又 酸 又 苦 ， 买 了 几 个 没 人 吃 ！
又 酸 又 苦 ， 什么 鬼 ！
太 酸 了 ， 根本 不 能 吃
吃 的 是 苦 的 ， 酸 的
不好皮 都 干巴 了
味道 不好吃 难过
柚子肉 挺红 ， 但是 不好吃 ！ ！ ！
吃 了 第一 个 ， 太 酸 了 。
可以
想 买 的 别 犹豫 哇 ！ 没有 廉价 的 感觉 ， 很 高端 ， 特别 棒 ！
比 去年 的 小五分之一
偏酸
下 了 好几 单 啦 ， 这个 柚子 真 的 阔 以 ！
坏 了 一个
好评 ！
物美价廉 ， 还 会 再 回购
这 柚子 根本 不 能 吃 ， 丢 垃圾桶 了
两 个 都 烂 了
柚子 表面 看上去 很 美 ， 但 有 一个 摆 两 天 就 坏 了
有 一个 坏 的
为什么 收 钱 ， 不 是 一 分 钱 吗
好好好
很 干酸 ， 就 吃 了 半 个
收货
放天 就 坏 了
好吃田
京东 自营 太 牛 了 ， 好评 ！
五 颗 星星 超赞
这个 还 可以 ， 不过 还 没 吃
地址 改 错 了 ， 也 给 我 发 过来 了 。
柚惑 收到 感谢 感谢 快递员 ， 感谢 老板 ， 祝 老板 生意 兴隆 ， 财源 滚滚 ！
收到 都 烂 了 ， 而且 有 虫子
我 这 次 特意 京东 上 买 了 两 种 柚子 ， 这个 是 。 另外 的 是 。 结果 收到 货 看 了 一下 没 啥 区别
狗 都 不 吃
挂羊头 ， 卖狗肉 。
货 收到 了 ， 等 一下 尝 鲜 ！ 再 作 评价 ！
十分酸
五星好评 了
这家 店 真 是 啥 也 不 是 ， 到 了 六 个 坏 了 四 个 ， 其他 两 个 还 很 苦 ， 这 这家 店 从此 取关 ！ 差评
宝贝 描述 与 实货 十分 吻合 ！ 质量 棒棒 哒 ！ ！ 以后 还 会 再 来 光顾 的 ！
很 不好
售 后 ， 客服 只 会 复制 粘贴 ， 你 跟 它 讲 道理 ， 他 跟 你 复制 粘贴 ， 像 机器人 。
买 来 熬柚 子茶 ， 有 一个 坏 了 ， 卖家 赔付 了
为啥 不 是 顺丰 快递 呢 ？ 都 找 不 到 快递点
垃圾 的 很 ， 到货 都 被 压 扁 了 ， 客服 说 不 支持 拒收 。 以后 再 也 不 买 这家 的 东西 了 ， 垃圾
严重 不 符合 产品 宣传 的 样子
酸 不好吃
买 的 柚子 有 一个 是 坏 的
坏 了 另 一个 不 给 退
这个 样子 还 可以 发货 ， 这 商家 真牛 。 差差 差差评 ，
感觉 平台 在 帮助 商家 消差评 ， 为什么 评论 不 是 按照 时间 顺序 展示 。 评论区 对于 这家 的 差评 绝对 是 真实 的 ， 而 好评 怎么 来 估计 买 了 他 家 的 东西 就 都 知道 怎么 来 的 了 。
根本 没法 吃 酸 的 不行
两 单 三 个 果子 ， 两 个 坏 的 ， 第一 次 购买 的 还 可以 ， 回购 的 就 不好 了 ， 骗人 的 ，
柚子 味道 还 可以 ， 还是 可以 冲 的
不好吃 ， 一个 太 酸 ， 一个 根本 没 熟透
实物 和 图片 完全 不 符合
只有 一个 ！ ！ ！ ！
味道 有 点 酸 ， 已 给 客户 提 了 建议 ！
皮 超级 厚
皮厚 不 说 ， 第一 次 吃 到 这么 酸 的 柚子
可以 ， 买 的 ， 现在 还有
好像 还 可以 的
太 干 吧 了 ， 不好吃
会 回购
橙子 又 酸 又 硬 又 柴 。 根本 就 不 能 吃 呀 。
这 是 一个 好评 模板 ， 这 是 一个 信任 模板 ！
垃圾 玩意 ， 真会 。 全 是 皮 ！ ！ ！
送 人 的 ， 包装 还 可以 ， 不 知道 味道 如何
粒 中 粒 不 一样 的 ， 发 错 了 吧
买 来 送 人 的 ， 包装 看 着 还 可以
赞 赞赞 赞赞 哒赞 赞赞
偏酸 不 建议 买
承诺号 到 ， 号 才 到 ， 东西 还 不 咋 滴
女孩子 一 只 手 都 能 抓 起来 ， 与 描述 kg 个 描述 不符 。
我 那 箱子 还 行
买 给 家人 的 ， 具体 什么 情况 不 太 清楚
很 干 ， 一 看 就 是 放 了 很 久 的 。 没 水分 也 没 得 那么 有 滋味 。 不如 美团 优选
哈比比 从 秘鲁 娃娃 你 还 呢 吧
中秋 的 时候 买 来 送礼 的 ， 然后 第二 天 降价 多 ， 心 累
商品 不好 ， 买 这家 商品 都 被 骗 了 ， 因为 显示 的 是 东家 ， 发货 是 西家 的 。 并且 不 是 一个 省 的 。
继续 回购 ， 可以 何 ， 继续
果皮厚 ， 味 酸涩苦 ， 喜欢 的 可以 拍
诚实 评论 柚子 是 挺 酸 的 ， 有 话 说话
烂 的 都 不 肯 退货
游戏 所得 ， 京东 是 越来越 好玩 了 ！ 种 柚子 得 柚子 ， 两 个 大大 滴 柚子 ， 必须 是 五星好评 ！ 五星好评 ！ 继续 游戏 ！
没有 豆豆 ！ 没有 豆豆 ！ 没有 豆豆 ！
口感 可以 ， 味道 太 酸
可以 买
还 不 不 哦
都 烂 掉 一个
还 可以 啊 ！ ！
酸 的 要命
韵达 快递 不 送货上门 。。。。。。。。。
硬 的 颗粒 的 没有 什么 水分 酸 完全 不 是 琯溪 蜜柚 不 推荐
感觉 水果 一般化 。。。。。。
感觉 很 棒 ！ 是 朋友 叫 我 在 京东 领 京豆 兑换 流量 ， 同时 还 可以 种 果树 领 水果 ， 我 疑惑 不 可能 的 事 ， 本着 试试 的 看 的 心态 ， 结果 是 真 的 。 感谢 京东 平台 以及 所有 服务 的 朋友 ！ 为 您 们 的 辛劳点 赞 ！
计水 挺 多 的 ， 味道 也 可以
太 慢慢 了 我 以为 掉 在 路上 了
有点 老 了
产品 可以
还 可以 吧 ， 寄 给 家里人 的
商品 与 实物 图 不符
物美价廉
还 可以 。
不好 ， 果子 里面 干 的 ， 没 水分 ， 垃圾 ， 差评
牛 的
可以 的
很 棒
汁 多 肉 嫩 ， 份量 十足 物流 很快
味道 可以
表皮 有 伤疤 ， 不 影响 口感 。
水分 可以 ， 太 酸 了
买 了 好几 次 了 ， 第一 次 这个 品相 失望
第一 次 吃 皮 这么 厚 的 柚子
酸酸的
买 给 父母 的 ， 都 乐 的 品质 还是 很 可以 的 ， 多次 购买 啦 。
最 垃圾 的 快递
一 堆 乱七八糟 ， 且 买 且 珍惜
买 了 两 次 了 水 很多
辣鸡 卖家
第二 次 购买 ， 又 苦 又 涩 。 第一 次 买 的 味道 还 可以 才 买 了 第二 次 。 看来 对 老 买主 不 友好 啊
感觉 还 行 ， 又 买 了 一 箱 ， 斤 个 。
与 图片 天差地别
有 坏 的 ！ ！
大家 自行 看 图 ， 谨慎 入 坑
苦苦 苦苦 苦苦 苦苦 苦苦 苦苦
味道 特苦 ， 客服 告诉 我 别 吃膜 ， 我 用 你 告诉 我 不用 吃膜 ， 还 告诉 我 榨汁 喝 ， 榨汁 就 不 苦 啦 ， 我 也 是 服 了
商品 收到 了 ， 使用 下来 感觉 可以 。
商品 非常 喜欢 ， 已经 多次 回购
水份 很足
好苦 啊 ！ 我 苦瓜 都 能 出 的 ， 都 觉得 难以下咽
不好吃 ， 两端 干 水 ， 而且 还 没什么 味道
不好 吃 ， 没什么 甜味 。
价格 是 真 可以
中
没收 到
京东 自营 的 这 款 红心柚 真的 好好吃 ， 酸甜可口
有 一个 坏 掉 了
收到 了 三 个 黄 胖胖 ， 还是 羡慕 人家 有 四五 个 的
就 这 ， 什么 情况 。 烂 了 也 发
果子 不怎么 滴 。 辜负 了
水分 很足 ， 吃 的 我 都 呛 到 了 。 喜欢 的 宝子 冲鸭 。
红心柚 含 糖 低 ， 这个 就 很 适合
红心柚 太 赞 了
非常 喜欢 ， 物流 很快 ， 下次 有 需要 还 会 买
物有所值 ， 家人 超 喜欢 ！
很 好看 哈哈哈 家 得 抄 吃 先进 事迹 是 什么
孩子 们 很 喜欢 ， 酸甜口 ， 榨汁 喝
孩子 们 爱吃 ， 酸甜口 ， 榨汁 喝
苦 得 要命 一 点 甜味 没有
太 干
可 ！
放 久 了 有点 酸
说是 水果 净重 斤 到 斤 。 实际 收到 的 缺斤少两 ， 建议 看 完 后 自己 选择 。
太 干巴 ， 没 啥 水分 ， 皮 还 厚
糟心
太 酸 了 ， 堪 比 柠檬
苦味 比较 重 ， 平均 一个 太 不 值
买 了 三 个 ， 全部 都 坏 了 ， 太 了 ， 建议 ： 大家 不要 买 哦 ！
一起 收到 个 ， 烂 了 一个 ， 不 会 再次 购买 。
我 在 京东 购物 非常 多 ， 没有 出现 任何 问题 ， 这 次 买 了 斤 水果 却 了 两 斤 多 。
给 孩子 买 了 几 个 结果 酸 的 没法 吃
就 这 ？ 西柚 ？ 又 酸 又 涩 难以 入口 ， 果肉 发 白 ， 绝 不 会 再 买 这家
之前 从来 没有 买 过 是 朋友 推介 的 感觉 这个 皮薄 肉 很 安逸 而且 是 比较 水 可以
吃 着 还 行不甜
这 是 我 买 的 最 差劲 的 西柚 ， 又 苦 又 酸
东西 还 可以 ， 但是 缺斤少两 的 问题 存在
三 个 ， 有点 酸
红心 蜜柚 ， 就是 没有 蜜 ， 还 带 点 苦
老酸 了
烂货 ， 千万 别 上当
烂 了 好几 个 ， 没有 多少 钱 ， 就 当 买 教训 了
一共 三 个 ， 二 个 里面 空 了
今天 特价 他们 特价 买 他们 明天
还 没有 收 到
又 苦 又 酸 还是 烂 的
南非 进口 的 西柚 有 点 苦 ！
不好吃
进口 南非 红柚 下单 时 说 斤 约 个 ， 但 只 收到 个 ， 有 短斤缺两 嫌疑 。
收到 一 份 四 个 ， 不 新鲜皮 都 干 了 。
很 酸 不 能 吃
约 四 个 ， 等于 两 个
柚子 我 的 最 爱 ， 酸酸甜甜 ， 水 份 很足 ， 第一 次 在 网上 买 柚子
挺重 的 ， 哈哈 ，
真的 很 无 语 两 次 买 的 同样 的 价格 大小 不 一样 ， 说 送 的 榨汁机 也 没有 。
还 没 熟透 ， 两边 是 干 的 ， 建议 再 等等
大肚婆 吃 的 ， 水分 很足 ， 酸得 让 你 闭上 眼睛 。
买 了 两 箱 吃 着 还 可以
如 图 所 示 ， 物流 信息 很快 。
有 点 苦 ， 但是 回味 甘甜
物美价廉 ！
有点 软塌塌
西柚 的 香味 很 浓厚 ， 而且 水份 很足 ， 酸酸甜甜 的 。 很 喜欢
这个 价格 ， 称得上 物美价廉
这个 价格 确实 物美价廉
味道 杠杠滴
坏 了 好几 个 好歹 也 是 品牌 店 尽 拿 些 坏 的 来 卖
有 两 个 里面 都 干巴 了
好看 ， 酸 的 很 ！
很 好额
好酸 不过 孕妇 很 爱吃
小孩 很 爱吃 吃 了 一个 呢
看上去 非常 棒 ， 特别 心满意足
回购 了 次 感觉 还 可以
水分 很足 ， 很 容易 储存 ， 酸酸甜甜的
果肉酸
希望 商家 可以 看看 这 品质 ！ 都 臭 到 流水 要 一个 孕妇 打开 ！ 柚子 放 家 了 半 个 月 也 不 会 出现 这种 情况
两 个 柚子 硬邦邦 的 ， 一点 水份 没有 ， 十几 块 钱 浪费 了 。
一 星 好评
尚 可
物美价廉物美价廉 ， 。
一 次 不好 的 购物 ， 拍 两 个 ， 只 发 了 一个 ，
不怎样 ， 没 水份 。
孩子 说 吃起来 很 有 家乡 的 味道
不 想 评价 ， 请 看 图 。 品相 真 的 一言难尽
还 可以 回购 了 次
， 再 也 不 会 买
马唬 ， 手机 号 搞 错 了 ， 查 等 半天 。
甜度 可以 ， 就 是 皮厚 ！
还 行 吧 。
柚子 都 老 了 ， 不好 吃 ， 柚子 外面 都 长霉 了 ， 看 图片 。
收到 的 柚子 半生不熟 ， 全部 扔 了 ， 可惜 了 。 不 知道 算 不 算 质量 问题 。 紧慎 购买 ！
与 实物 有 一定 差距 ， 保存 时间 较 长 ，
赞
不能 吃 ， 都 是 皮和籽 ， 不 能 买 ， 不 能 下单
给 家人 买 的 ， 不 知道 如何
没 水 、 太 干 了 ！
送到 现在 都 没有 收到 货 ， 我 不 知道 他们 怎么 工作 的
不好吃 ， 太 苦 了
请问 这 柚子 怎么 吃 ， 都 成子 了 ， 硌牙 都 ， 真是 骗人
忘记 给 我 拿 红西 柚子 了
个 全 烂 了
行
拿 到 手 都 已经 坏 了 软 不 隆冬 的 。 唉
果肉 是 苦 涩味
垃圾
不好 吃 ， 没味
很 苦
根本 没法 吃 ， 苦死 了 。
商品 暂时 不 评价 ， 货物 日 已经 送 到 丰巢 快递柜 ， 但是 没有 通知 我 ， 今天 看 京东 商城 的 信息 才 知道 已经 早 到 了 ， 给 快递员 打电话 才 告诉 我 快递柜 号码 才 取 到 货物 。 耽误 了 接近 两 天 时间 。 同时 丰巢 快递 柜 在 输入取 件码 后 ， 没有 立即 开门 而是 弹 出 一个 要求 ， 即 要 同意 使用 丰巢 快递柜 ， 同意 则 可 给 元 快递 钱 ， 开始 我 没有 同意 ， 快递 柜门 没有 打开 ， 再次 输入 取件码 仍然 没有 开门 ， 仍然 要求 同意 使用 丰巢 快递柜 ， 有 这样 来 推销 产品 的 吗 ， 是 在 绑架 客户 ， 门 不 开 我 只能 违心 同意 使用 丰巢 快递柜 ， 门 才 打开 ， 我 才 取出 货物 。况且 每次 在 网络 上 购物 ， 到 货物 送 来 ， 使用 哪个 快递柜 是 由 快递员 决定 ， 我 怎么 能够 知道 呢 。 丰巢 快递柜 采用 这样 方式 对 吗 。 其他 暂时 不 评价 。
给 家里 寄 的 家里人 开 了 一个 说 太 酸 了 ， 现在 放 在 屋里 当 摆设
没 一个 能 吃 的
这个 很 不好 ， 都 是 苦 的 ， 坏 的 ， 两 箱 都 这个 样子 ， 坑人
谁 买 谁 后悔 ， 黄莲 都 没 它 苦
相对 于 这个 价位 ， 总体 还 可以 ！ 有的 地方 比较 干 ， 但是 大多数 还 可以 。
好家伙 ， 送 了 天 我 忍 了 ， 还 苦 的 不 能 入嘴
柚子 可以 ， 就是 太 苦 了 ， 没有 一点 甜味 ，
稍微 有 点 苦味
苦
份量 不够 ， 个柚子 总共 斤 半 。
买 了 一 周 左右 ， 降价 了 一半 。
买 了 一 周 左右 ， 降价 了 一半
酸 的 ， 大家 不要 买
香甜 多 汁 非常 爱吃 ， 下次 再 来 。
淡水 的 ， 不 喜欢
拍 的 大果 ， 发 过来 其中 两 个 迷你果 ， 商品 描述 与 实物 不符
个 柚子 ， 带箱 只 有 斤
一点 也 不好吃 呀
严重 缺斤少两
有点 发 苦 ， 而且 有 坏 的 。
很 喜欢 ， 自己 也 很 喜欢 ， 行
汁 水 满 多 的 酸酸甜甜
大小 不一 ， 这
又 苦 ， 肉 不 黄 ！ 退 都 不 想 退 了 。
还 行 吧 ，
有点 酸 哦 。
我 记得 我 好像 没有 买 过 这个 东西 呀 。 忘记 了 ， 哎 ， 这个 评价 真 不 知道 怎么 给 。
这家 店 我 买 了 好多 次 了 ， 一 口 下去 汁 很 多 ， 皮薄 肉 厚 ， 收到 也 没有 压伤 的 ， 完好无损 ， 推荐 噢 ， 赞 ！
营养 价值 都 是 非常 的 高 ， 皮 也 很 轻松 就 剥 开 了 ， 一 口 咬 下去 汁 很 多 ， 还 能 补充 维生素 c ， 这家 店 我 买 了 好多 次 了
成熟度 不够 ， 五 斤 只 给 了 四 斤 ， 对 净 含量 有 误解 ！ 做 生意 要 诚信 哦 ！
买 了 个 福
要 的 是 红心柚子 ， 发 来 是 白心 的 。 因为 过 了 四十八 小时 ， 不 给 售 后 了 。
送 了 两 次 都 没 到 到 ， 快递 都 不 知道 到 哪里 去 了 ， 补发 了 也 没有
太酸 太 酸 了
还 可以 ， 有 微微 的 酸 。
还 没 吃 ， 好评 先 ， 重量 到 是 十足
酸酸甜甜的
收到 就 这样 ， 商家 说 不 是 水果 质量 问题 ， 里面 果肉 是 干 的 也 不 是 质量 问题 ， 怪 我 没有 等 几 天 再 切开 。 真是 厉害
水分 很足
坏 了 ， 商家 立马 补发 了
就 这样 吧
又 酸 又 涩
个 大汁 多 ， 味 美
吃 了 再 评价
白薅 回来 的 东西 ， 自己 知道 了 ～
超级 无敌酸 ， 皮 是 软 的 ， 应该 成熟 了 ， 但 肉 是 粉红色 的 ， 类 比 柠檬
京东 果园 种 的 ， 已 收到
太酸
唔 错 唔 错 。
还 可以 吧
品尝 了 再 补 评价 吧 ！
我 没 拿 到 东西
不好吃 又 酸 又 苦 我 给 丢掉 了
大大小小 三 个 ， 吃 口 有 点 酸但 还 能 接受
中秋节 买 给 父母 吃 的 ， 没 看见 样子 ， 妈妈 说 还 可以 ， 习惯性 好评 。
不 会 回购 ， 太 干 了
建议 去 市场 上 买 ！
没什么 水份 ， 太 干 了 。
上面 部分 都 干 了 ，
斤 就 三 个 是 不 是 被 偷 了
不 知道 是 摘 了 多久 ， 蔫 了 吧唧 的
不好
有 点 老
东西 收到 了 ， 不过 打开 是 坏 的 ， 而且 巨酸
干 ， 不 喜欢
个人 感觉 不好
太 垃圾 了 ， 不 知道 放 了 多久 ？ 皮 都 干 了
个 柚子 ， 两 个 干心 ， 你们 还 敢 买 吗
不 是 福建发 的 货 不 联系 ， 南宁 发 的 货 要不得
皮太厚 了 ！ ！
味道 不行 ， 下次 不 买 了
有 好多 是 比较 干 的 ， 差评 差评 差评
纸箱 全部 破损
放 了 好几 天 才 吃 ， 感觉 还 行
皮 太 厚 ，
水果 还 没 吃 ， 先 来 评价 快递 ， 号 到 货 放 到 驿站 ， 不 送货上门 就 算 了 ， 短信 都 没 一个 ， 打电话 也 不 接 ， 快递 差评
评价
垃圾 ， 直接 扔 了
商品 和 描述 一致 价廉物美
没 汁
一次性
可能 没有 长 很 成熟 ， 有点 苦 。
由于 疫情 没收 到
好评 ， 谢谢 快递员 的 辛苦 付出
干 不好吃
果子 都 干 了 ， 你 发 过来 ， 猪 都 不 吃 ， 千万 别 买
还 算 可以 吧 ， 给 个 好评 吧
看 着 还 行 ， 给 爸 妈 买 的 ， 还 没 吃
没 水分 不好吃
水分 还 可以 就是 很 酸 哦
皮薄 肉 饱满 ， 酸酸甜甜 的 ， 孩子 很 爱吃 建议 购买 ！
多次 购买 ， 十一 期间 买 来 送 朋友
多次 购买 了 ， 十一 期间 买 来 送 朋友
十一 期间 买 来 送 朋友 的
干 吧 的 ， 一点 不好吃 ， 还 没有 市场 买 的 水灵
不 太 水灵 了
给 老人 买 的 ， 说 比较 酸 有点 干
买 了 几百 的 东西 ， 以后 不 会 再 来 的 ， 坏 的 很多 ， 就 这样 吧 ， 还 送 人 的 ， 我 呸 。
物流 很快 ， 第二 天 就 收到 了 。 柚子 红彤彤 的 ， 酸酸甜甜
皮 很 厚
不 是 正宗平 和 三 红柚 ， 偏酸
购买 的 是 红心柚 子 ， 收到 的 却 是 白心柚子 ， 差评
变质 烂 了 没 人 管 ， 这 是 什么 情况
还 行 吧 ， 就 是 有 点 干 ， 可能 刚 上市 的 原因 吧
还 可以 ， 大中小 各 一个
不 想 说 啥 了 ， 看 图 吧
皮 太 厚 ， 不 建议 购买
很 酸 吃 不 了
是 白心
味道 可以 呀 ！
块 买 了 个 这 b 玩意 ， 到 货厚 直接 降 到 ， 谁 买 谁
送给 家人 的 中秋 礼物 ， 家人 很 开心 ！
购买 的 斤斤 的 套餐 ， 用 电子秤 称 了 一下 不 到 斤 。 这种 套餐 都 是 按 最低 标准 卖 ？ ？ ？ 懂 的 都 懂 ～
送给 远方 亲人 的 中秋 礼物 ， 家人 开心 ！
要 的 是 四 到 五 斤 的 ， 收到 货 才 三 斤 八 两 ， 哎 这个 平台 也 不 咋 地
评价
这 次 买 的 很 酸 ， 皮 也 比 之前 厚 很多
红釉 真 美 ， 香甜 可口 。 水分 十足 。 还 会 来 复购 的 。
纯甜 无酸 ， 很 水灵
是 小果
非常 感谢
这个 皮 着实 有 点 厚 啊 ， 好不容易 掰开 来 ， 一点 也 不 红 ， 太 早 了 不 熟
收到 货 了 ， 质量 还 可以 ， 大家 可以 买 ， 不过 就 是 有 一 点 苦味 ， 应该 是 这个 水果 应有 的 味道 。
东西 可以 烂 的 都 给 赔付 了
月月 都 买 过 ， 每次 都 有 烂 的 ， 后来 就 换 其他 店 买 了 ， 这 次 又 到 你们 这里 买 ， 个 里面 烂 的 ， 占 一半 了 ， 太 过份 了 ！
好苦
最近 多次 购买 南非 西柚 了 ， 喜欢 的 口味 ， 好评 。
一直 在 回购 他们 家 的 西柚 非常 的 喜欢 买 了 五六 次 是 有 了 还 会 再 继续 回购 的
酸 到 怀疑 人生 。。。。
东西 收到 了 ， 吃 了 以后 再 进 进一步 评价
这 次 的 西柚 有 点点 欠 可以 放 几 天 。
有 点 苦 ， 水分 不 算 多 ， 整体 还 过得去
坏 的 ， 差评
不 知道 什么 原因 ， 柚子 是 苦 的 ， 非常 苦
烂 的 多
非常 差劲 ， 全 是 碰伤 的
好苦 ， 难以下咽
物美价廉 ， 下次 还 来
有 一个 缩水 坏 了 、 其它 还 行 ， 就 有 点 苦
非常 后悔 的 一 次 购物 。
盆友圈 推荐 、 果断 买 、 值值值
本身 就 六 个 果子 但 其中 有 一个 有 瑕疵 商家 不 认 算 了 不 想 多 说
还 可以 吧 ， 以前 也 没 在 这里 买 过 ， 这个 西柚
口感 尚 可 。
都 坏 了
不好吃 ， 不 像 超市 里 的 红心柚
没 收到 货 ， 直接 签收
水分 很足 ， 有 点 苦 ， 。。。
还 可以 ， 稍微 带 一 点 苦头 。 哈哈 哈哈 哈哈 哈哈 哈哈 哈哈哈哈
苦 啊 ， 不好吃 啊 ， 扒 不 出来 啊
不要 买 不 能 吃 。 没 水份 干巴巴
汁 多 皮薄 ， 非常 赞 ！
开 了 个 ， 两 个 没 水分 的 ， 没法 吃 的 ， 送 的 榨汁器 只能 做 个 摆设
口味 可以 ， 就 是 有 点 软 。
又 是 汁 很多 啊 ， 就 是 那个 字 太 多 了
才 收到 ， 还 末 偿 过 ， 能 在 过年 前 收到 ， 很 高兴 ！
地方 特产 ， 物美价廉 ， 保温 运送
不好 ， 坏 了 也 不管
如果 想 试试 自己 是 不 是 幸运儿 的 可以 试 一 试 我 到手 的 反正 是 分苦
非常
数量 还是 比较 多 ， 就 是 皮 有 点 苦
爆汁 ， 清甜 。 好评 ！
果 要 新鲜汁 水 很多 。 是 我 喜欢 的 口味 。 五星好评 。
刚 收到 货 就 开箱 了 ， 一共 有 四 个 ， 连 箱子 五 斤
非常 寡 淡水 份 是 不少 不好吃
多 汁 无味
红心柚 酸酸甜甜 ， 水分 可以
这 是 的 果 没 上次 买 的 靓 ！ 感觉 其 奇形怪状 的 ！ 还 没 吃 味道 待 知
柚子 真 的 狠好 吃 我 买 了 好几 次 了 。
差劲
下次 继续 购
这 是 红肉蜜柚 吗 ？ ？ ？ ？ ？ ？
没 啥 味道 不好吃
皮厚 味 苦 垃圾 至极
一个 味道 不好吃
肉 不 红 ， 没 水分 ， 一点 甜味 没有 ， 酸 的 不要 不要 的 ， 与 宣传 图片 严重 不符
一个 可以 吃 ， 另 一个 是 稍味 ！
太坑 了 ， 就 两 个 ， 还 到 个 那 我 还 不如 买 两 个 的 价格
酸酸甜甜 我 的 最 爱 ， 一 口 咬 下去 满 口 都 是 肉 ， 老妈 说 这 柚子 有 下 火 的 功效 ， 柚子 吃 完 了 柚子皮 还 可以 拿 来 做 一 道 菜 。
泛苦 ， 真是 晕 死 ， 不好 吃 ， 总共 三 个
纯甜 不 酸 ， 正宗 沙田柚 味道 。
去年 就 买 这家 ， 不过 今年 的 稍微 有 一 点 苦头 。
给 朋友 买 的 ， 据说 皮厚 ， 果肉 发干 。 哎 ， 看 了 评价 才 选择 了 这家 ， 上当
果子 干 到 要命 ！ 一点 水 份 都 没有 ！ 差评
亲身 体验 ， 还是 不要 买 这种 柚子 了 ， 买 的 大果 就 这样 ？ 主 打 一个 赶 鸭子 上架 ， 鸡蛋 当 鸡 卖
甜度 还 可以 ， 就是 有些 干
一点 都 不好吃 ， 皮 还是 青 的 ， 没 甜味
东西 很 下蜡 买 过 几 回 了 可以 试下 也许 你 也 会 喜欢
收到 了 ， 柚子 的 个 还 可以 ， 品尝 以后 再 追评 吧
终于 买 对 了 这个 柚子 ， 正宗 沙田柚
是 正宗 沙田柚
像 石头 一样 ， 吃 不 的
和 曾经 在 广州 吃 过 的 味道 一样
你们 应该 等 它 熟 了 再 卖
调味够 ， 热量 低 。 减脂 首选
标准 沙田柚 ， 色味 正道
正 货 ， 好食
还 可以 ，
红心柚 一直 很 喜欢 ， 还 没有 品尝
烂 了 一个
再次 回购 ， 还 没 开箱 。 相信 一定 还是 那么 好吃滴 。 这次 老板 改用 中通 快递
全 是 烂 的 申请 了 关键 是 不 赔说 产品 已 下 架 没 人 理会
多次 购买 ， 超出 了 预期 ， 超值 ， 还 会 再 来 。 买 吧 ， 不 会 后悔 的 哦 ！ 全 五 分 。
很 甜汁 多
与 描述 不 附
很快 就 送达 了 ！ nice
太 小个 ， 还 有 点 干
还
今 再 购买 会 不 会 有 涩口
到货 有 一个 坏 了 ， 给 了 补偿 。果 不大
最 爱 梅州 沙田柚
味道 棒 极了 ， 多次 购买 了 。
尝 了 一个 ， 水分 很足 ， 酸度 刚好
肉小
第一 次 在 京东 买 红心柚 ， 酸甜可口
皮太厚 了 ！
下 单 第二 天 就 收到 了 ， 可惜 有 一个 柚子 是 烂 的
皮太厚
采购 给 公司 员工 ， 作为 中秋 礼品
好好 吃 ， 水份 很足 。。 ， 。。。。。。
还 可以 ， 一直 在 这里 买
皮太厚肉 小青涩
皮太 厚 了 ， 还 不如 超市 的 元柚子
皮 有 点 厚 ，
一个 柚子 全 是 皮
实在 是 太 酸 了 ！ 酸 到 流口水 根本 没 办法 下 口
皮厚 ， 汁 水 多 ， 甜度 低
一 箱 三 个 柚子 很 有 水分
最 多 值 五 块 钱 一个 ， 不能 再 多 了
颗 ， 皮厚 ， 汁 水 还 可以 吧
放 几 天 了 还是 酸 ， 这个 品种 就 这样 吗 ？ 而且 皮恨 不得 比 肉 多
这个 红心柚 又 苦 又 酸
发货 速度 很快 ， 已经 使用 了
还 可以 吃 吃 ， 拨 起来 比较 难 ， 有 一 点 酸 ， 吃 了 一个 另外 一个 不 吃 了
好好好 好好 好好 好好 超值 口感 可以 。
刚 到 试 了 一个 ， 有点 酸
发货 催 了 又 催 ， 生鲜 寄 了 天 也 是 无语 了
汁水 饱满
高效率
物流 很快
皮薄 多 汁
发货 速度 很快
酸
第一 次 买 ， 还 算 可以 吧
物有所值 ！ ！ ！ 口感 非常 哇塞 ！ ！ ！ 正宗 ！ ！ ！ ！ ！ ！ ！ ！ ！ ！ ！ ！ ！ ！
不 都 崔军 魔豆 弹 你 科诺
追 平 ， 不要 信 什么 可以 放 一个 月 ， 收到 一个 周不到 放 烂 了
还 行 吧 ， 皮 有些 厚 了 难 扒 一 点 。 里面 果肉 还 可以 吧 ， 到货 之后 过 两 天 在 吃 不 会 那么 酸 。
就 这个 口味 ， 还 敢 卖 这个 价格
不好吃 ， 酸
每年 都 要 买 的 ， 买 了 寄 回 老家
皮厚 ， 水 份 还 行
是 酸 的
买 的 是 大果 而 发 的 是 小果
这 柚 子皮 太 厚 了 吧 ， 太坑 了 ， 我 敲
总体 上 还 可以 ， 速度 也 可以
酸酸甜甜
可能 是 尾货 有 一个 不好 ， 但是 商家 赔 了 差价
用 柚子皮 做 了 柚子 茶 ， 成功
可能 需要 放 一 段 时间
买 了 ， 买 了 ， 京东 ， 我 买 了 mdashmdash 电商 ， 我 只 选择 京东
是 正货
味道 还 可以 。 就是 皮 很 厚
红心柚 又 小皮 又 厚 ， 还 干 的 不得了 ， 服 了 ， 第一 次 买 到 这么 干 的 红心柚 。
寄 回 老家 的 ， 据说 还 行 。
超级 多 蚂蚁 ， 靠 什么 鬼 东西 呀 ，
第一 次 买 此 柚 ， 还 没 吃 呢 ， 等 吃 过 再 来 追评 。
非常 正宗
红心柚 收到 ， 口感 还 可以 。
皮厚 无 滋味 ， 吃 过 有 嘴麻 的 感觉
感觉 自己 味道 还 可以 吧 。
皮薄 肉 多 ， 酸甜可口 ，
送礼 自用 两 相宜 ， 一 次 购足 。
纯甜 的 柚子 ， 每年 就 等 这 一刻 。
还 可以 的
喜欢 酸酸甜甜 的 还 可以 。 果肉 有点 散乱 ， 不 像 正常 那样 一 块 剥皮 ， 剥 皮 下来 就 是 肉 ， 下 品树 和 果 ， 需要 提高
老婆 很 喜欢 ， 家人 还 问 我 老婆 要 链接 呢
外皮硬 ， 但 酸甜可口 ， 会 回购 的 。
不 是 红心柚 说是 红心 的 ， 骗人 一点 不好吃 。
不 知道 什么 东西 肯定 不好吃
酸 的 很 ， 不 建议 买 ， 买 回来 都 放 了 十 来 天 了
皮厚 ， 味 酸 ！ 与 以前 吃 过 的 相 比较 ， 感觉 不 是 正宗 红心柚
没有 买 过 呀 ！
没 收到 货 ？ 做 何 评价
为 啥 多 了 个 评价 ， 差评 ， 我 又 没 买
赠品 在 哪里 ？ 目前 还 没 看到
这个 无 实物 ， 不知 如何 评价
这个 销量 有 假 ， 没 买 过 ， 居然 列 在 我 的 订单 里 。
不行
实物 收到 没 礼盒
无聊 ， 不 知道 这 是 个 什么 东西 ？
未 见
看 了 中央 电视台 的 节目 来 买 的 ， 味道 很 酸 ， 不知 是 不 是 正品 呀 ， 和 电视台 节目 的 不一祥
不 知道 这 是 干 啥 的
还 未 品尝
里面 有 几 个 是 坏 的
还 没 等 我 吃 ， 烂 了 一半
水份 不大
含
差评 ， 极其 酸
花 了 差不多 五十 块 钱 买 了 两 小小的 柚子味 的 和 在 拼夕夕 买 的 一样 才 十 块 ， 真是 个 服 了
你 店铺 那里 八百 年 没 卖 了 的 卖 给 我们
水果 水分 很足

717

Process finished with exit code 0
