D:\2filerj\anaconda3\envs\torch\python.exe D:\Pythonnnn\弱监督的农业社会化销售服务评价\4句法依存\read_finel_precess.py
断绝错误
不好 吃 ，
错别字
收获
差差差


？ 这种 货 也 发 ？ ！
有 柚子 的 味道
不好 吃 ， 比 去年 买 的 差远 了
买 了 直接 发给 外地 亲戚家 的 ， 尴尬 的 是 其中 一个 有 小虫 。。。
没 传说 的 那么 惊艳
东西 居然 是 大籽 的 ， 不 和 以前 其他 渠道 买 的 一样 。
柚子 太 次 了 一点 也 不好
估计 不 是 吃 柚子 的 季节 ， 不好吃
无话可说 ， 看 图 吧 ！
至今 未 收货
常 买 ， 全家人 一起 享用
太酸 ， 还 红心 ， 一点 都 不 红
差差差差
会 说话 的 产品 ， 杠杠的
没 水份
非常 感谢 京东 ， 玩 东东 游戏 获 赠品（价格1）
发货 速度 很快 ， 等等 再 吃 。
红心 的 ， 发苦 。
柚子 很 正 ， ！ ！ ！ ！ ！ ！ ！ ！ ！ ！ ！ ！ ，
不好吃
水果 有 欠 新鲜感 ， 不 是 很 能 接受 。




橘子 吧 ？
有时候 真 的 觉得 有些 事情
第一 次 买 京东 水果 ， 各种 问题 都 有 ， 不 会 复购 。
大果 小果 一起 买 的 ， 建议 大果
太 软 了 ， 酸略苦
两 个 柚子 一个 黄 一点 一个 白 一点
摸 起来 有 点儿 焉 巴
没 水分
非常 感谢 快递员 郑茂蔚 先生 ， 这 几 年 来 家里 的 所有 生活 用品 ， 吃 的 喝 的 都 在 京东 买 ， 每次 都 是 那么 和蔼可亲 ， 特别 是 这 次 买 了 几 箱 柚子 ， 我 搬 不 上去 ， 他 主动 说 帮 我 搬 上 楼 ， 真 的 辛苦 了 ， 也 非常 感谢 郑茂蔚
一直 在 京东 上 买 的 ， 价廉物美
你 几 周 回 一 次 家里 该 有 多 好看
一 盒 ， 包装 时间 为 ， 三 个 是 软吧吧 的 ， 其中 一个 顶部 已 发 黑 的 霉
泡 水 喝 的 陪 着 红茶 一起 喝 的
换购 的 ， 还 没有 吃 。 不 知道 。
酸到盲 的 都 开 眼 啊
水分 流失 ， 应该 是 放 的 时间 长 了
酸和苦 ， ， ，
苦水分 流失 差劲
不好皮 都 干巴 了
味道 不好吃 难过
柚子肉 挺红 ， 但是 不好吃 ！ ！ ！
比 去年 的 小五分之一
偏酸
下 了 好几 单 啦 ， 这个 柚子 真 的 阔 以 ！
为什么 收 钱 ， 不 是 一 分 钱 吗
好好好
很 干酸 ， 就 吃 了 半 个
收货
好吃田
五 颗 星星 超赞
地址 改 错 了 ， 也 给 我 发 过来 了 。
狗 都 不 吃
挂羊头 ， 卖狗肉 。
十分酸
很 不好
为啥 不 是 顺丰 快递 呢 ？ 都 找 不 到 快递点
只有 一个 ！ ！ ！ ！
粒 中 粒 不 一样 的 ， 发 错 了 吧
偏酸 不 建议 买
承诺号 到 ， 号 才 到 ， 东西 还 不 咋 滴
买 给 家人 的 ， 具体 什么 情况 不 太 清楚
哈比比 从 秘鲁 娃娃 你 还 呢 吧
中秋 的 时候 买 来 送礼 的 ， 然后 第二 天 降价 多 ， 心 累
没有 豆豆 ！ 没有 豆豆 ！ 没有 豆豆 ！
还 不 不 哦
感觉 水果 一般化 。。。。。。
牛 的
汁 多 肉 嫩 ， 份量 十足 物流 很快
买 了 好几 次 了 ， 第一 次 这个 品相 失望
酸酸的
一 堆 乱七八糟 ， 且 买 且 珍惜
买 了 两 次 了 水 很多
辣鸡 卖家
与 图片 天差地别
苦苦 苦苦 苦苦 苦苦 苦苦 苦苦
好苦 啊 ！ 我 苦瓜 都 能 出 的 ， 都 觉得 难以下咽
中
没收 到
果子 不怎么 滴 。 辜负 了
红心柚 含 糖 低 ， 这个 就 很 适合
很 好看 哈哈哈 家 得 抄 吃 先进 事迹 是 什么
可 ！
糟心
苦味 比较 重 ， 平均 一个 太 不 值
我 在 京东 购物 非常 多 ， 没有 出现 任何 问题 ， 这 次 买 了 斤 水果 却 了 两 斤 多 。
吃 着 还 行不甜
老酸 了
一共 三 个 ， 二 个 里面 空 了
今天 特价 他们 特价 买 他们 明天
还 没有 收 到
不好吃
约 四 个 ， 等于 两 个
挺重 的 ， 哈哈 ，
真的 很 无 语 两 次 买 的 同样 的 价格 大小 不 一样 ， 说 送 的 榨汁机 也 没有 。
如 图 所 示 ， 物流 信息 很快 。
有点 软塌塌
味道 杠杠滴
有 两 个 里面 都 干巴 了
很 好额
果肉酸
尚 可
物美价廉物美价廉 ， 。
一 次 不好 的 购物 ， 拍 两 个 ， 只 发 了 一个 ，
不怎样 ， 没 水份 。
孩子 说 吃起来 很 有 家乡 的 味道
不 想 评价 ， 请 看 图 。 品相 真 的 一言难尽
， 再 也 不 会 买
马唬 ， 手机 号 搞 错 了 ， 查 等 半天 。
与 实物 有 一定 差距 ， 保存 时间 较 长 ，
不能 吃 ， 都 是 皮和籽 ， 不 能 买 ， 不 能 下单
给 家人 买 的 ， 不 知道 如何
忘记 给 我 拿 红西 柚子 了
不好 吃 ， 没味
根本 没法 吃 ， 苦死 了 。
没 一个 能 吃 的
稍微 有 点 苦味
份量 不够 ， 个柚子 总共 斤 半 。
买 了 一 周 左右 ， 降价 了 一半 。
买 了 一 周 左右 ， 降价 了 一半
个 柚子 ， 带箱 只 有 斤
一点 也 不好吃 呀
大小 不一 ， 这
我 记得 我 好像 没有 买 过 这个 东西 呀 。 忘记 了 ， 哎 ， 这个 评价 真 不 知道 怎么 给 。
成熟度 不够 ， 五 斤 只 给 了 四 斤 ， 对 净 含量 有 误解 ！ 做 生意 要 诚信 哦 ！
买 了 个 福
要 的 是 红心柚子 ， 发 来 是 白心 的 。 因为 过 了 四十八 小时 ， 不 给 售 后 了 。
送 了 两 次 都 没 到 到 ， 快递 都 不 知道 到 哪里 去 了 ， 补发 了 也 没有
酸酸甜甜的
就 这样 吧
个 大汁 多 ， 味 美
吃 了 再 评价
白薅 回来 的 东西 ， 自己 知道 了 ～
超级 无敌酸 ， 皮 是 软 的 ， 应该 成熟 了 ， 但 肉 是 粉红色 的 ， 类 比 柠檬
太酸
唔 错 唔 错 。
品尝 了 再 补 评价 吧 ！
我 没 拿 到 东西
大大小小 三 个 ， 吃 口 有 点 酸但 还 能 接受
建议 去 市场 上 买 ！
斤 就 三 个 是 不 是 被 偷 了
不 知道 是 摘 了 多久 ， 蔫 了 吧唧 的
不好
个人 感觉 不好
个 柚子 ， 两 个 干心 ， 你们 还 敢 买 吗
不 是 福建发 的 货 不 联系 ， 南宁 发 的 货 要不得
皮太厚 了 ！ ！
纸箱 全部 破损
评价
没 汁
一次性
由于 疫情 没收 到
没 水分 不好吃
多次 购买 ， 十一 期间 买 来 送 朋友
多次 购买 了 ， 十一 期间 买 来 送 朋友
十一 期间 买 来 送 朋友 的
不 太 水灵 了
不 是 正宗平 和 三 红柚 ， 偏酸
是 白心
块 买 了 个 这 b 玩意 ， 到 货厚 直接 降 到 ， 谁 买 谁
送给 家人 的 中秋 礼物 ， 家人 很 开心 ！
送给 远方 亲人 的 中秋 礼物 ， 家人 开心 ！
评价
红釉 真 美 ， 香甜 可口 。 水分 十足 。 还 会 来 复购 的 。
纯甜 无酸 ， 很 水灵
是 小果
非常 感谢
好苦
非常 差劲 ， 全 是 碰伤 的
好苦 ， 难以下咽
非常 后悔 的 一 次 购物 。
盆友圈 推荐 、 果断 买 、 值值值
本身 就 六 个 果子 但 其中 有 一个 有 瑕疵 商家 不 认 算 了 不 想 多 说
不好吃 ， 不 像 超市 里 的 红心柚
不要 买 不 能 吃 。 没 水份 干巴巴
又 是 汁 很多 啊 ， 就 是 那个 字 太 多 了
非常
非常 寡 淡水 份 是 不少 不好吃
多 汁 无味
这 是 的 果 没 上次 买 的 靓 ！ 感觉 其 奇形怪状 的 ！ 还 没 吃 味道 待 知
柚子 真 的 狠好 吃 我 买 了 好几 次 了 。
差劲
下次 继续 购
这 是 红肉蜜柚 吗 ？ ？ ？ ？ ？ ？
没 啥 味道 不好吃
一个 味道 不好吃
太坑 了 ， 就 两 个 ， 还 到 个 那 我 还 不如 买 两 个 的 价格
泛苦 ， 真是 晕 死 ， 不好 吃 ， 总共 三 个
去年 就 买 这家 ， 不过 今年 的 稍微 有 一 点 苦头 。
亲身 体验 ， 还是 不要 买 这种 柚子 了 ， 买 的 大果 就 这样 ？ 主 打 一个 赶 鸭子 上架 ， 鸡蛋 当 鸡 卖
一点 都 不好吃 ， 皮 还是 青 的 ， 没 甜味
和 曾经 在 广州 吃 过 的 味道 一样
你们 应该 等 它 熟 了 再 卖
调味够 ， 热量 低 。 减脂 首选
标准 沙田柚 ， 色味 正道
正 货 ， 好食
多次 购买 ， 超出 了 预期 ， 超值 ， 还 会 再 来 。 买 吧 ， 不 会 后悔 的 哦 ！ 全 五 分 。
很 甜汁 多
与 描述 不 附
还
肉小
皮太厚 了 ！
皮太厚
采购 给 公司 员工 ， 作为 中秋 礼品
皮太厚肉 小青涩
一个 柚子 全 是 皮
一 箱 三 个 柚子 很 有 水分
最 多 值 五 块 钱 一个 ， 不能 再 多 了
发货 速度 很快 ， 已经 使用 了
汁水 饱满
高效率
物流 很快
发货 速度 很快
不 都 崔军 魔豆 弹 你 科诺
就 这个 口味 ， 还 敢 卖 这个 价格
每年 都 要 买 的 ， 买 了 寄 回 老家
买 的 是 大果 而 发 的 是 小果
可能 是 尾货 有 一个 不好 ， 但是 商家 赔 了 差价
用 柚子皮 做 了 柚子 茶 ， 成功
可能 需要 放 一 段 时间
买 了 ， 买 了 ， 京东 ， 我 买 了 mdashmdash 电商 ， 我 只 选择 京东
包装 完好无损 ， 汁水 多 ！ ！ ！ ！
超级 多 蚂蚁 ， 靠 什么 鬼 东西 呀 ，
第一 次 买 此 柚 ， 还 没 吃 呢 ， 等 吃 过 再 来 追评 。
送礼 自用 两 相宜 ， 一 次 购足 。
纯甜 的 柚子 ， 每年 就 等 这 一刻 。
不 知道 什么 东西 肯定 不好吃
包装 完好无损 。。。。。。。。。。。
包装 完好无损 。。。。。。。。。。
没有 买 过 呀 ！
赠品 在 哪里 ？ 目前 还 没 看到
这个 无 实物 ， 不知 如何 评价
这个 销量 有 假 ， 没 买 过 ， 居然 列 在 我 的 订单 里 。
不行
无聊 ， 不 知道 这 是 个 什么 东西 ？
未 见
还 未 品尝
含
花 了 差不多 五十 块 钱 买 了 两 小小的 柚子味 的 和 在 拼夕夕 买 的 一样 才 十 块 ， 真是 个 服 了
你 店铺 那里 八百 年 没 卖 了 的 卖 给 我们
241

Process finished with exit code 0

[55, 86, 99, 100, 115, 119, 125, 147, 155, 180, 205, 262, 285, 293, 335, 377, 854, 1001, 1049, 1144, 1308, 1309, 1360, 1411, 1427, 1435, 1461, 2402, 2545, 3252, 3408, 3489, 3490, 3530, 3540, 3541, 3556, 3611, 3632, 3645, 3704, 3705, 3706, 3730, 3737, 3751, 3808, 3809, 3813, 3849, 3859, 3869, 3930, 3976, 3977, 3994, 4051, 4062, 4195, 4434, 4441, 4446, 4486, 4513, 4526, 4624, 4659, 4717, 4911, 4919, 4986, 5018, 5072, 5076, 5082, 5134, 5171, 5191, 5222, 5239, 5317, 5396, 5415, 5516, 5605, 5635, 5645, 5661, 5688, 5704, 5707, 5711, 5733, 5776, 5827, 5847, 5872, 5938, 5964, 5971, 6017, 6056, 6094, 6100, 6102, 6104, 6106, 6108, 6208, 6250, 6276, 6279, 6281, 6297, 6319, 6322, 6334, 6364, 6383, 6387, 6388, 6472, 6488, 6508, 6527, 6540, 6541, 6566, 6577, 6623, 6643, 6662, 6665, 6677, 6680, 6682, 6690, 6706, 6711, 6747, 6758, 6764, 6769, 6776, 6804, 6817, 6818, 6828, 6839, 6860, 6880, 6921, 6989, 7021, 7044, 7045, 7046, 7070, 7092, 7225, 7233, 7238, 7243, 7253, 7278, 7288, 7317, 7319, 7409, 7528, 7534, 7549, 7554, 7556, 7686, 7741, 7767, 7824, 7938, 7947, 7998, 8011, 8029, 8033, 8081, 8105, 8134, 8164, 8199, 8216, 8237, 8244, 8296, 8297, 8309, 8320, 8321, 8454, 8455, 8457, 8473, 8514, 8542, 8571, 8576, 8590, 8623, 8640, 8641, 8698, 8800, 8811, 8813, 8837, 8894, 8922, 8952, 8964, 9008, 9011, 9013, 9015, 9035, 9091, 9118, 9181, 9221, 9248, 9267, 9268, 9274, 9298, 9307, 9308, 9315, 9319, 9321, 9332, 9366, 9386, 9403]


莫名其妙的评论、小广告
你 几 周 回 一 次 家里 该 有 多 好看,2,2,2,2,2,2,2,2
还没有吃，不知道
买 给 家人 的 ， 具体 什么 情况 不 太 清楚
给 家人 买 的 ， 不 知道 如何
我 记得 我 好像 没有 买 过 这个 东西 呀 。 忘记 了 ， 哎 ， 这个 评价 真 不 知道 怎么 给 。
吃 了 再 评价

方言：唔 错 唔 错