2023-12-06 17:15:48,555 - INFO - [2023-12-06 17:15:48] 当前轮数、批次数、总批次: [0][0/5]	
2023-12-06 17:15:48,555 - INFO - 本批次的训练损失是0.3400191366672516
2023-12-06 17:15:48,556 - INFO - 本批次的训练集准确率、macro-p\r\f是30.859375、0.2859021668295862、0.36617101536456376、0.20716551661561752
2023-12-06 17:15:48,879 - INFO - [2023-12-06 17:15:48] 当前轮数、批次数、总批次: [0][1/5]	
2023-12-06 17:15:48,879 - INFO - 本批次的训练损失是0.3921927213668823
2023-12-06 17:15:48,880 - INFO - 本批次的训练集准确率、macro-p\r\f是78.515625、0.2779947916666667、0.35416666666666663、0.308367697062609
2023-12-06 17:15:50,074 - INFO - [2023-12-06 17:15:50] 当前轮数、批次数、总批次: [0][2/5]	
2023-12-06 17:15:50,074 - INFO - 本批次的训练损失是0.41927874088287354
2023-12-06 17:15:50,074 - INFO - 本批次的训练集准确率、macro-p\r\f是6.25、0.06267844778429457、0.22731481481481478、0.041507523104363876
2023-12-06 17:15:51,164 - INFO - [2023-12-06 17:15:51] 当前轮数、批次数、总批次: [0][3/5]	
2023-12-06 17:15:51,164 - INFO - 本批次的训练损失是0.35663580894470215
2023-12-06 17:15:51,165 - INFO - 本批次的训练集准确率、macro-p\r\f是58.984375、0.3320087254815077、0.3906730334307561、0.3154639655425698
2023-12-06 17:15:52,429 - INFO - [2023-12-06 17:15:52] 当前轮数、批次数、总批次: [0][4/5]	
2023-12-06 17:15:52,429 - INFO - 本批次的训练损失是0.39135637879371643
2023-12-06 17:15:52,429 - INFO - 本批次的训练集准确率、macro-p\r\f是65.625、0.255859375、0.375、0.2920546874752729
2023-12-06 17:15:52,430 - INFO - 这一轮训练集的准确率、p、r、f1是48.046875、0.24288870135241106、0.34266510605536027、0.23291187796008664
2023-12-06 17:15:52,435 - INFO - 

以下是测试集


2023-12-06 17:15:53,333 - INFO - [2023-12-06 17:15:53] 当前轮数、批次数、总批次: [1][0/5]	
2023-12-06 17:15:53,333 - INFO - 本批次的训练损失是0.3803771734237671
2023-12-06 17:15:53,333 - INFO - 本批次的训练集准确率、macro-p\r\f是60.546875、0.32695312499999996、0.4415322580645161、0.30497099096087094
2023-12-06 17:15:54,517 - INFO - [2023-12-06 17:15:54] 当前轮数、批次数、总批次: [1][1/5]	
2023-12-06 17:15:54,517 - INFO - 本批次的训练损失是0.3685612082481384
2023-12-06 17:15:54,517 - INFO - 本批次的训练集准确率、macro-p\r\f是54.6875、0.2850195233007733、0.38240626710454295、0.26086941164239813
2023-12-06 17:15:55,601 - INFO - [2023-12-06 17:15:55] 当前轮数、批次数、总批次: [1][2/5]	
2023-12-06 17:15:55,601 - INFO - 本批次的训练损失是0.33490240573883057
2023-12-06 17:15:55,601 - INFO - 本批次的训练集准确率、macro-p\r\f是51.953125、0.44835279182843274、0.4003801670593275、0.3300200386482953
2023-12-06 17:15:56,392 - INFO - [2023-12-06 17:15:56] 当前轮数、批次数、总批次: [1][3/5]	
2023-12-06 17:15:56,392 - INFO - 本批次的训练损失是0.3319845497608185
2023-12-06 17:15:56,392 - INFO - 本批次的训练集准确率、macro-p\r\f是57.03125、0.32357749410551134、0.35906403233705864、0.27477389716181233
2023-12-06 17:15:56,989 - INFO - [2023-12-06 17:15:56] 当前轮数、批次数、总批次: [1][4/5]	
2023-12-06 17:15:56,990 - INFO - 本批次的训练损失是0.3330749273300171
2023-12-06 17:15:56,990 - INFO - 本批次的训练集准确率、macro-p\r\f是75.0、0.37149185823754793、0.3939861265948223、0.3586043867712475
2023-12-06 17:15:56,991 - INFO - 这一轮训练集的准确率、p、r、f1是59.84375、0.35107895849445303、0.39547377023205355、0.3058477450369248
2023-12-06 17:15:57,003 - INFO - 

以下是测试集


2023-12-06 17:15:57,622 - INFO - [2023-12-06 17:15:57] 当前轮数、批次数、总批次: [2][0/5]	
2023-12-06 17:15:57,622 - INFO - 本批次的训练损失是0.3305727243423462
2023-12-06 17:15:57,623 - INFO - 本批次的训练集准确率、macro-p\r\f是74.21875、0.46728275986205614、0.5201926631713383、0.46368186894881097
2023-12-06 17:15:58,120 - INFO - [2023-12-06 17:15:58] 当前轮数、批次数、总批次: [2][1/5]	
2023-12-06 17:15:58,120 - INFO - 本批次的训练损失是0.32817286252975464
2023-12-06 17:15:58,121 - INFO - 本批次的训练集准确率、macro-p\r\f是70.703125、0.4002891074422491、0.4462608053974278、0.3651833140177753
2023-12-06 17:15:58,443 - INFO - [2023-12-06 17:15:58] 当前轮数、批次数、总批次: [2][2/5]	
2023-12-06 17:15:58,443 - INFO - 本批次的训练损失是0.32687145471572876
2023-12-06 17:15:58,443 - INFO - 本批次的训练集准确率、macro-p\r\f是73.046875、0.39853239710789773、0.40398576313481765、0.3725777920391192
2023-12-06 17:15:59,607 - INFO - [2023-12-06 17:15:59] 当前轮数、批次数、总批次: [2][3/5]	
2023-12-06 17:15:59,607 - INFO - 本批次的训练损失是0.32530757784843445
2023-12-06 17:15:59,607 - INFO - 本批次的训练集准确率、macro-p\r\f是75.390625、0.43909748819242156、0.5322454348308239、0.46457340514753276
2023-12-06 17:16:00,190 - INFO - [2023-12-06 17:16:00] 当前轮数、批次数、总批次: [2][4/5]	
2023-12-06 17:16:00,190 - INFO - 本批次的训练损失是0.3271859884262085
2023-12-06 17:16:00,190 - INFO - 本批次的训练集准确率、macro-p\r\f是69.140625、0.36014021665063334、0.4012837856587857、0.36496782637473235
2023-12-06 17:16:00,191 - INFO - 这一轮训练集的准确率、p、r、f1是72.5、0.41306839385105165、0.4607936904386387、0.4061968413055941
2023-12-06 17:16:00,196 - INFO - 

以下是测试集


2023-12-06 17:16:00,830 - INFO - [2023-12-06 17:16:00] 当前轮数、批次数、总批次: [3][0/5]	
2023-12-06 17:16:00,831 - INFO - 本批次的训练损失是0.3212466239929199
2023-12-06 17:16:00,831 - INFO - 本批次的训练集准确率、macro-p\r\f是75.390625、0.46543441938178776、0.46750133235387314、0.4514982818223971
2023-12-06 17:16:01,264 - INFO - [2023-12-06 17:16:01] 当前轮数、批次数、总批次: [3][1/5]	
2023-12-06 17:16:01,264 - INFO - 本批次的训练损失是0.32067054510116577
2023-12-06 17:16:01,265 - INFO - 本批次的训练集准确率、macro-p\r\f是73.828125、0.49006367155627023、0.5174459070518853、0.46328120116852467
2023-12-06 17:16:02,389 - INFO - [2023-12-06 17:16:02] 当前轮数、批次数、总批次: [3][2/5]	
2023-12-06 17:16:02,389 - INFO - 本批次的训练损失是0.32176393270492554
2023-12-06 17:16:02,390 - INFO - 本批次的训练集准确率、macro-p\r\f是77.734375、0.5420859202271572、0.5015328303895462、0.48522523566317666
2023-12-06 17:16:02,964 - INFO - [2023-12-06 17:16:02] 当前轮数、批次数、总批次: [3][3/5]	
2023-12-06 17:16:02,964 - INFO - 本批次的训练损失是0.32259634137153625
2023-12-06 17:16:02,964 - INFO - 本批次的训练集准确率、macro-p\r\f是73.828125、0.433079117063492、0.44312018999519、0.4189897005128071
2023-12-06 17:16:03,395 - INFO - [2023-12-06 17:16:03] 当前轮数、批次数、总批次: [3][4/5]	
2023-12-06 17:16:03,396 - INFO - 本批次的训练损失是0.3191283643245697
2023-12-06 17:16:03,396 - INFO - 本批次的训练集准确率、macro-p\r\f是77.34375、0.4682446517156808、0.47781804109203485、0.4547658248214801
2023-12-06 17:16:03,396 - INFO - 这一轮训练集的准确率、p、r、f1是75.625、0.47978155598887756、0.4814836601765059、0.4547520487976771
2023-12-06 17:16:03,401 - INFO - 

以下是测试集


2023-12-06 17:16:03,824 - INFO - [2023-12-06 17:16:03] 当前轮数、批次数、总批次: [4][0/5]	
2023-12-06 17:16:03,824 - INFO - 本批次的训练损失是0.31656157970428467
2023-12-06 17:16:03,824 - INFO - 本批次的训练集准确率、macro-p\r\f是81.640625、0.626523221624115、0.5655753968253968、0.544737971981612
2023-12-06 17:16:04,302 - INFO - [2023-12-06 17:16:04] 当前轮数、批次数、总批次: [4][1/5]	
2023-12-06 17:16:04,302 - INFO - 本批次的训练损失是0.3170230984687805
2023-12-06 17:16:04,302 - INFO - 本批次的训练集准确率、macro-p\r\f是79.296875、0.6798003837135859、0.5615584646834647、0.5582080589539679
2023-12-06 17:16:05,317 - INFO - [2023-12-06 17:16:05] 当前轮数、批次数、总批次: [4][2/5]	
2023-12-06 17:16:05,317 - INFO - 本批次的训练损失是0.32137155532836914
2023-12-06 17:16:05,318 - INFO - 本批次的训练集准确率、macro-p\r\f是73.046875、0.5420963864764268、0.482846628679962、0.4558576555779568
2023-12-06 17:16:05,775 - INFO - [2023-12-06 17:16:05] 当前轮数、批次数、总批次: [4][3/5]	
2023-12-06 17:16:05,775 - INFO - 本批次的训练损失是0.3172456920146942
2023-12-06 17:16:05,775 - INFO - 本批次的训练集准确率、macro-p\r\f是76.953125、0.5372560705151467、0.47872983870967745、0.47668752724402186
2023-12-06 17:16:06,452 - INFO - [2023-12-06 17:16:06] 当前轮数、批次数、总批次: [4][4/5]	
2023-12-06 17:16:06,452 - INFO - 本批次的训练损失是0.31656014919281006
2023-12-06 17:16:06,453 - INFO - 本批次的训练集准确率、macro-p\r\f是79.6875、0.5504316138657201、0.4926667468334135、0.4898287602713361
2023-12-06 17:16:06,454 - INFO - 这一轮训练集的准确率、p、r、f1是78.125、0.5872215352389989、0.5162754151463829、0.5050639948057789
2023-12-06 17:16:06,462 - INFO - 

以下是测试集


2023-12-06 17:16:06,792 - INFO - [2023-12-06 17:16:06] 当前轮数、批次数、总批次: [5][0/5]	
2023-12-06 17:16:06,792 - INFO - 本批次的训练损失是0.31642046570777893
2023-12-06 17:16:06,792 - INFO - 本批次的训练集准确率、macro-p\r\f是83.59375、0.6987982139947866、0.6047086575312381、0.6184905151695119
2023-12-06 17:16:07,696 - INFO - [2023-12-06 17:16:07] 当前轮数、批次数、总批次: [5][1/5]	
2023-12-06 17:16:07,696 - INFO - 本批次的训练损失是0.3164854347705841
2023-12-06 17:16:07,696 - INFO - 本批次的训练集准确率、macro-p\r\f是80.078125、0.7099568290679926、0.6725303631553632、0.6485328988757547
2023-12-06 17:16:07,939 - INFO - [2023-12-06 17:16:07] 当前轮数、批次数、总批次: [5][2/5]	
2023-12-06 17:16:07,939 - INFO - 本批次的训练损失是0.3164070248603821
2023-12-06 17:16:07,939 - INFO - 本批次的训练集准确率、macro-p\r\f是83.203125、0.7285532111375702、0.6676668533864936、0.6516634745129163
2023-12-06 17:16:08,370 - INFO - [2023-12-06 17:16:08] 当前轮数、批次数、总批次: [5][3/5]	
2023-12-06 17:16:08,371 - INFO - 本批次的训练损失是0.3159569799900055
2023-12-06 17:16:08,371 - INFO - 本批次的训练集准确率、macro-p\r\f是84.765625、0.5976644202469408、0.6214145807895808、0.5858931179168887
2023-12-06 17:16:08,988 - INFO - [2023-12-06 17:16:08] 当前轮数、批次数、总批次: [5][4/5]	
2023-12-06 17:16:08,988 - INFO - 本批次的训练损失是0.314287006855011
2023-12-06 17:16:08,988 - INFO - 本批次的训练集准确率、macro-p\r\f是82.421875、0.7563390439433265、0.6713687258102551、0.6745304784430941
2023-12-06 17:16:08,990 - INFO - 这一轮训练集的准确率、p、r、f1是82.8125、0.6982623436781233、0.6475378361345862、0.6358220969836332
2023-12-06 17:16:08,995 - INFO - 

以下是测试集


2023-12-06 17:16:10,295 - INFO - [2023-12-06 17:16:10] 当前轮数、批次数、总批次: [6][0/5]	
2023-12-06 17:16:10,295 - INFO - 本批次的训练损失是0.3142433166503906
2023-12-06 17:16:10,295 - INFO - 本批次的训练集准确率、macro-p\r\f是87.109375、0.698247013026225、0.6831354434615304、0.6792103968354659
2023-12-06 17:16:10,657 - INFO - [2023-12-06 17:16:10] 当前轮数、批次数、总批次: [6][1/5]	
2023-12-06 17:16:10,658 - INFO - 本批次的训练损失是0.31466415524482727
2023-12-06 17:16:10,658 - INFO - 本批次的训练集准确率、macro-p\r\f是85.546875、0.8777712274027625、0.7246763703285442、0.7425812397740365
2023-12-06 17:16:11,198 - INFO - [2023-12-06 17:16:11] 当前轮数、批次数、总批次: [6][2/5]	
2023-12-06 17:16:11,198 - INFO - 本批次的训练损失是0.3146505355834961
2023-12-06 17:16:11,198 - INFO - 本批次的训练集准确率、macro-p\r\f是87.109375、0.7925829665123324、0.710422192749779、0.7036226230449848
2023-12-06 17:16:11,756 - INFO - [2023-12-06 17:16:11] 当前轮数、批次数、总批次: [6][3/5]	
2023-12-06 17:16:11,756 - INFO - 本批次的训练损失是0.31295856833457947
2023-12-06 17:16:11,756 - INFO - 本批次的训练集准确率、macro-p\r\f是90.625、0.6311595345610891、0.5924272486772487、0.5995478930334233
2023-12-06 17:16:12,323 - INFO - [2023-12-06 17:16:12] 当前轮数、批次数、总批次: [6][4/5]	
2023-12-06 17:16:12,324 - INFO - 本批次的训练损失是0.3149040937423706
2023-12-06 17:16:12,324 - INFO - 本批次的训练集准确率、macro-p\r\f是89.84375、0.6731752550996156、0.6619028223866934、0.6534744375699238
2023-12-06 17:16:12,325 - INFO - 这一轮训练集的准确率、p、r、f1是88.046875、0.7345871993204048、0.6745128155207591、0.6756873180515668
2023-12-06 17:16:12,332 - INFO - 

以下是测试集


2023-12-06 17:16:12,955 - INFO - [2023-12-06 17:16:12] 当前轮数、批次数、总批次: [7][0/5]	
2023-12-06 17:16:12,956 - INFO - 本批次的训练损失是0.3129138946533203
2023-12-06 17:16:12,956 - INFO - 本批次的训练集准确率、macro-p\r\f是90.234375、0.8529078333612646、0.858179012345679、0.8331572242593421
2023-12-06 17:16:14,525 - INFO - [2023-12-06 17:16:14] 当前轮数、批次数、总批次: [7][1/5]	
2023-12-06 17:16:14,525 - INFO - 本批次的训练损失是0.3124496340751648
2023-12-06 17:16:14,526 - INFO - 本批次的训练集准确率、macro-p\r\f是91.796875、0.9242114805692392、0.8800925925925925、0.8747140063301391
2023-12-06 17:16:15,051 - INFO - [2023-12-06 17:16:15] 当前轮数、批次数、总批次: [7][2/5]	
2023-12-06 17:16:15,051 - INFO - 本批次的训练损失是0.31441184878349304
2023-12-06 17:16:15,051 - INFO - 本批次的训练集准确率、macro-p\r\f是90.234375、0.8217575442777055、0.7345107914960857、0.758530339454065
2023-12-06 17:16:15,330 - INFO - [2023-12-06 17:16:15] 当前轮数、批次数、总批次: [7][3/5]	
2023-12-06 17:16:15,330 - INFO - 本批次的训练损失是0.3124806582927704
2023-12-06 17:16:15,331 - INFO - 本批次的训练集准确率、macro-p\r\f是92.578125、0.940485964191634、0.8613782051282052、0.8758840189777584
2023-12-06 17:16:15,796 - INFO - [2023-12-06 17:16:15] 当前轮数、批次数、总批次: [7][4/5]	
2023-12-06 17:16:15,796 - INFO - 本批次的训练损失是0.3133738040924072
2023-12-06 17:16:15,796 - INFO - 本批次的训练集准确率、macro-p\r\f是91.015625、0.8235314532746729、0.7553954725829726、0.772963918099726
2023-12-06 17:16:15,797 - INFO - 这一轮训练集的准确率、p、r、f1是91.171875、0.8725788551349033、0.817911214829107、0.8230499014242061
2023-12-06 17:16:15,801 - INFO - 

以下是测试集


2023-12-06 17:16:16,960 - INFO - [2023-12-06 17:16:16] 当前轮数、批次数、总批次: [8][0/5]	
2023-12-06 17:16:16,960 - INFO - 本批次的训练损失是0.3120521008968353
2023-12-06 17:16:16,961 - INFO - 本批次的训练集准确率、macro-p\r\f是91.015625、0.8452889695576287、0.7958180708180709、0.8027131193034805
2023-12-06 17:16:17,408 - INFO - [2023-12-06 17:16:17] 当前轮数、批次数、总批次: [8][1/5]	
2023-12-06 17:16:17,409 - INFO - 本批次的训练损失是0.3122892379760742
2023-12-06 17:16:17,409 - INFO - 本批次的训练集准确率、macro-p\r\f是93.359375、0.9021821032909744、0.9027507215007214、0.8919339633874788
2023-12-06 17:16:17,881 - INFO - [2023-12-06 17:16:17] 当前轮数、批次数、总批次: [8][2/5]	
2023-12-06 17:16:17,882 - INFO - 本批次的训练损失是0.31253284215927124
2023-12-06 17:16:17,882 - INFO - 本批次的训练集准确率、macro-p\r\f是92.96875、0.8105056603033766、0.8143277008219536、0.8020476438953539
2023-12-06 17:16:18,374 - INFO - [2023-12-06 17:16:18] 当前轮数、批次数、总批次: [8][3/5]	
2023-12-06 17:16:18,374 - INFO - 本批次的训练损失是0.312148779630661
2023-12-06 17:16:18,374 - INFO - 本批次的训练集准确率、macro-p\r\f是91.015625、0.914562559354226、0.8845257592806614、0.8801565113540941
2023-12-06 17:16:18,855 - INFO - [2023-12-06 17:16:18] 当前轮数、批次数、总批次: [8][4/5]	
2023-12-06 17:16:18,855 - INFO - 本批次的训练损失是0.3119109570980072
2023-12-06 17:16:18,855 - INFO - 本批次的训练集准确率、macro-p\r\f是94.140625、0.9415445055250153、0.911567265795207、0.909865596795356
2023-12-06 17:16:18,856 - INFO - 这一轮训练集的准确率、p、r、f1是92.5、0.8828167596062443、0.8617979036433228、0.8573433669471526
2023-12-06 17:16:18,859 - INFO - 

以下是测试集


2023-12-06 17:16:20,375 - INFO - [2023-12-06 17:16:20] 当前轮数、批次数、总批次: [9][0/5]	
2023-12-06 17:16:20,375 - INFO - 本批次的训练损失是0.31102827191352844
2023-12-06 17:16:20,375 - INFO - 本批次的训练集准确率、macro-p\r\f是96.09375、0.9202264239028946、0.8914245248538011、0.891464949117127
2023-12-06 17:16:20,947 - INFO - [2023-12-06 17:16:20] 当前轮数、批次数、总批次: [9][1/5]	
2023-12-06 17:16:20,947 - INFO - 本批次的训练损失是0.31152716279029846
2023-12-06 17:16:20,947 - INFO - 本批次的训练集准确率、macro-p\r\f是95.3125、0.8555812163977436、0.8438263125763127、0.845358052978515
2023-12-06 17:16:21,439 - INFO - [2023-12-06 17:16:21] 当前轮数、批次数、总批次: [9][2/5]	
2023-12-06 17:16:21,439 - INFO - 本批次的训练损失是0.3118468225002289
2023-12-06 17:16:21,439 - INFO - 本批次的训练集准确率、macro-p\r\f是94.140625、0.9472129382055853、0.9365967365967367、0.9238241681140709
2023-12-06 17:16:21,790 - INFO - [2023-12-06 17:16:21] 当前轮数、批次数、总批次: [9][3/5]	
2023-12-06 17:16:21,790 - INFO - 本批次的训练损失是0.31085947155952454
2023-12-06 17:16:21,790 - INFO - 本批次的训练集准确率、macro-p\r\f是97.265625、0.9811698717948718、0.9712714947089947、0.9710422602089268
2023-12-06 17:16:22,312 - INFO - [2023-12-06 17:16:22] 当前轮数、批次数、总批次: [9][4/5]	
2023-12-06 17:16:22,313 - INFO - 本批次的训练损失是0.31232795119285583
2023-12-06 17:16:22,313 - INFO - 本批次的训练集准确率、macro-p\r\f是90.625、0.7903634609136637、0.8100496031746032、0.7854990231865933
2023-12-06 17:16:22,313 - INFO - 这一轮训练集的准确率、p、r、f1是94.6875、0.8989107822429518、0.8906337343820896、0.8834376907210466
2023-12-06 17:16:22,319 - INFO - 

以下是测试集


2023-12-06 17:16:22,789 - INFO - [2023-12-06 17:16:22] 当前轮数、批次数、总批次: [10][0/5]	
2023-12-06 17:16:22,789 - INFO - 本批次的训练损失是0.31145021319389343
2023-12-06 17:16:22,789 - INFO - 本批次的训练集准确率、macro-p\r\f是96.09375、0.9200307241068111、0.9464230985064318、0.9166053239124927
2023-12-06 17:16:23,354 - INFO - [2023-12-06 17:16:23] 当前轮数、批次数、总批次: [10][1/5]	
2023-12-06 17:16:23,354 - INFO - 本批次的训练损失是0.31152382493019104
2023-12-06 17:16:23,355 - INFO - 本批次的训练集准确率、macro-p\r\f是95.703125、0.8932450850710656、0.8504960317460317、0.8670429259635821
2023-12-06 17:16:23,801 - INFO - [2023-12-06 17:16:23] 当前轮数、批次数、总批次: [10][2/5]	
2023-12-06 17:16:23,802 - INFO - 本批次的训练损失是0.3113488256931305
2023-12-06 17:16:23,802 - INFO - 本批次的训练集准确率、macro-p\r\f是94.921875、0.9554608368498803、0.8929912608318181、0.9053032153905446
2023-12-06 17:16:24,893 - INFO - [2023-12-06 17:16:24] 当前轮数、批次数、总批次: [10][3/5]	
2023-12-06 17:16:24,893 - INFO - 本批次的训练损失是0.31105753779411316
2023-12-06 17:16:24,893 - INFO - 本批次的训练集准确率、macro-p\r\f是96.09375、0.9521278350480936、0.9197844186880918、0.922543806456239
2023-12-06 17:16:25,448 - INFO - [2023-12-06 17:16:25] 当前轮数、批次数、总批次: [10][4/5]	
2023-12-06 17:16:25,448 - INFO - 本批次的训练损失是0.31098565459251404
2023-12-06 17:16:25,448 - INFO - 本批次的训练集准确率、macro-p\r\f是98.046875、0.9729700854700855、0.98577152014652、0.9767421145682016
2023-12-06 17:16:25,449 - INFO - 这一轮训练集的准确率、p、r、f1是96.171875、0.9387669133091872、0.9190932659837787、0.9176474772582119
2023-12-06 17:16:25,463 - INFO - 

以下是测试集


2023-12-06 17:16:25,803 - INFO - [2023-12-06 17:16:25] 当前轮数、批次数、总批次: [11][0/5]	
2023-12-06 17:16:25,804 - INFO - 本批次的训练损失是0.3108111023902893
2023-12-06 17:16:25,804 - INFO - 本批次的训练集准确率、macro-p\r\f是98.828125、0.9929117063492063、0.9835069444444444、0.9876081049644684
2023-12-06 17:16:26,252 - INFO - [2023-12-06 17:16:26] 当前轮数、批次数、总批次: [11][1/5]	
2023-12-06 17:16:26,253 - INFO - 本批次的训练损失是0.3112063407897949
2023-12-06 17:16:26,253 - INFO - 本批次的训练集准确率、macro-p\r\f是97.65625、0.8484566534525416、0.8603077991937736、0.8528436268504181
2023-12-06 17:16:26,774 - INFO - [2023-12-06 17:16:26] 当前轮数、批次数、总批次: [11][2/5]	
2023-12-06 17:16:26,775 - INFO - 本批次的训练损失是0.3111828863620758
2023-12-06 17:16:26,775 - INFO - 本批次的训练集准确率、macro-p\r\f是95.703125、0.9612878915934191、0.9466369047619048、0.9473908492822967
2023-12-06 17:16:27,955 - INFO - [2023-12-06 17:16:27] 当前轮数、批次数、总批次: [11][3/5]	
2023-12-06 17:16:27,955 - INFO - 本批次的训练损失是0.3114699721336365
2023-12-06 17:16:27,955 - INFO - 本批次的训练集准确率、macro-p\r\f是96.875、0.9101388888888888、0.9338965693804404、0.9148519626643503
2023-12-06 17:16:28,462 - INFO - [2023-12-06 17:16:28] 当前轮数、批次数、总批次: [11][4/5]	
2023-12-06 17:16:28,462 - INFO - 本批次的训练损失是0.310653418302536
2023-12-06 17:16:28,462 - INFO - 本批次的训练集准确率、macro-p\r\f是99.21875、0.9907407407407407、0.9944444444444445、0.9922244759972955
2023-12-06 17:16:28,463 - INFO - 这一轮训练集的准确率、p、r、f1是97.65625、0.9407071762049593、0.9437585324450015、0.9389838039517657
2023-12-06 17:16:28,467 - INFO - 

以下是测试集


2023-12-06 17:16:29,485 - INFO - [2023-12-06 17:16:29] 当前轮数、批次数、总批次: [12][0/5]	
2023-12-06 17:16:29,485 - INFO - 本批次的训练损失是0.3107466697692871
2023-12-06 17:16:29,485 - INFO - 本批次的训练集准确率、macro-p\r\f是98.4375、0.9814814814814814、0.9867724867724867、0.9819240196078431
2023-12-06 17:16:29,930 - INFO - [2023-12-06 17:16:29] 当前轮数、批次数、总批次: [12][1/5]	
2023-12-06 17:16:29,930 - INFO - 本批次的训练损失是0.3113234341144562
2023-12-06 17:16:29,930 - INFO - 本批次的训练集准确率、macro-p\r\f是95.3125、0.925854263874213、0.8940972222222222、0.9011254419022097
2023-12-06 17:16:30,281 - INFO - [2023-12-06 17:16:30] 当前轮数、批次数、总批次: [12][2/5]	
2023-12-06 17:16:30,282 - INFO - 本批次的训练损失是0.3108503222465515
2023-12-06 17:16:30,282 - INFO - 本批次的训练集准确率、macro-p\r\f是97.65625、0.932487922705314、0.944345238095238、0.9358962431330853
2023-12-06 17:16:30,708 - INFO - [2023-12-06 17:16:30] 当前轮数、批次数、总批次: [12][3/5]	
2023-12-06 17:16:30,708 - INFO - 本批次的训练损失是0.3106245994567871
2023-12-06 17:16:30,709 - INFO - 本批次的训练集准确率、macro-p\r\f是98.828125、0.9931299603174604、0.9759615384615384、0.982890128040295
2023-12-06 17:16:31,241 - INFO - [2023-12-06 17:16:31] 当前轮数、批次数、总批次: [12][4/5]	
2023-12-06 17:16:31,242 - INFO - 本批次的训练损失是0.3107221722602844
2023-12-06 17:16:31,242 - INFO - 本批次的训练集准确率、macro-p\r\f是98.046875、0.9824021464646465、0.9772979797979799、0.978385720038544
2023-12-06 17:16:31,242 - INFO - 这一轮训练集的准确率、p、r、f1是97.65625、0.963071154968623、0.955694893069893、0.9560443105443954
2023-12-06 17:16:31,248 - INFO - 

以下是测试集


2023-12-06 17:16:31,764 - INFO - [2023-12-06 17:16:31] 当前轮数、批次数、总批次: [13][0/5]	
2023-12-06 17:16:31,764 - INFO - 本批次的训练损失是0.31078627705574036
2023-12-06 17:16:31,764 - INFO - 本批次的训练集准确率、macro-p\r\f是98.4375、0.9905864197530864、0.9810897435897437、0.9847523355033285
2023-12-06 17:16:32,032 - INFO - [2023-12-06 17:16:32] 当前轮数、批次数、总批次: [13][1/5]	
2023-12-06 17:16:32,032 - INFO - 本批次的训练损失是0.3107985258102417
2023-12-06 17:16:32,033 - INFO - 本批次的训练集准确率、macro-p\r\f是97.65625、0.939504128264209、0.919128787878788、0.9277437773901286
2023-12-06 17:16:32,588 - INFO - [2023-12-06 17:16:32] 当前轮数、批次数、总批次: [13][2/5]	
2023-12-06 17:16:32,588 - INFO - 本批次的训练损失是0.3106818199157715
2023-12-06 17:16:32,588 - INFO - 本批次的训练集准确率、macro-p\r\f是99.609375、0.9791666666666666、0.9983974358974359、0.9852941176470589
2023-12-06 17:16:33,221 - INFO - [2023-12-06 17:16:33] 当前轮数、批次数、总批次: [13][3/5]	
2023-12-06 17:16:33,221 - INFO - 本批次的训练损失是0.31053343415260315
2023-12-06 17:16:33,221 - INFO - 本批次的训练集准确率、macro-p\r\f是99.21875、0.9916666666666667、0.9947916666666667、0.9925925925925926
2023-12-06 17:16:34,420 - INFO - [2023-12-06 17:16:34] 当前轮数、批次数、总批次: [13][4/5]	
2023-12-06 17:16:34,420 - INFO - 本批次的训练损失是0.31061211228370667
2023-12-06 17:16:34,420 - INFO - 本批次的训练集准确率、macro-p\r\f是98.4375、0.9866056397306397、0.9866056397306397、0.9866056397306397
2023-12-06 17:16:34,421 - INFO - 这一轮训练集的准确率、p、r、f1是98.671875、0.9775059042162537、0.9760026547526548、0.9753976925727497
2023-12-06 17:16:34,428 - INFO - 

以下是测试集


2023-12-06 17:16:35,573 - INFO - [2023-12-06 17:16:35] 当前轮数、批次数、总批次: [14][0/5]	
2023-12-06 17:16:35,573 - INFO - 本批次的训练损失是0.3102905750274658
2023-12-06 17:16:35,573 - INFO - 本批次的训练集准确率、macro-p\r\f是99.609375、0.9958333333333333、0.9975490196078431、0.9965443912812334
2023-12-06 17:16:35,963 - INFO - [2023-12-06 17:16:35] 当前轮数、批次数、总批次: [14][1/5]	
2023-12-06 17:16:35,963 - INFO - 本批次的训练损失是0.3105485737323761
2023-12-06 17:16:35,963 - INFO - 本批次的训练集准确率、macro-p\r\f是98.828125、0.9915918255131965、0.9590277777777778、0.9697149100871321
2023-12-06 17:16:36,528 - INFO - [2023-12-06 17:16:36] 当前轮数、批次数、总批次: [14][2/5]	
2023-12-06 17:16:36,528 - INFO - 本批次的训练损失是0.3107016682624817
2023-12-06 17:16:36,529 - INFO - 本批次的训练集准确率、macro-p\r\f是98.828125、0.9935548293391431、0.9673611111111111、0.9762795570899037
2023-12-06 17:16:37,028 - INFO - [2023-12-06 17:16:37] 当前轮数、批次数、总批次: [14][3/5]	
2023-12-06 17:16:37,028 - INFO - 本批次的训练损失是0.3106321096420288
2023-12-06 17:16:37,029 - INFO - 本批次的训练集准确率、macro-p\r\f是99.609375、0.99375、0.9972826086956522、0.9953216374269006
2023-12-06 17:16:37,557 - INFO - [2023-12-06 17:16:37] 当前轮数、批次数、总批次: [14][4/5]	
2023-12-06 17:16:37,557 - INFO - 本批次的训练损失是0.31053540110588074
2023-12-06 17:16:37,557 - INFO - 本批次的训练集准确率、macro-p\r\f是99.21875、0.9956140350877193、0.9888392857142857、0.9917022792022792
2023-12-06 17:16:37,558 - INFO - 这一轮训练集的准确率、p、r、f1是99.21875、0.9940688046546784、0.982011960581334、0.9859125550174896
2023-12-06 17:16:37,562 - INFO - 

以下是测试集


2023-12-06 17:16:38,098 - INFO - [2023-12-06 17:16:38] 当前轮数、批次数、总批次: [15][0/5]	
2023-12-06 17:16:38,098 - INFO - 本批次的训练损失是0.31029513478279114
2023-12-06 17:16:38,098 - INFO - 本批次的训练集准确率、macro-p\r\f是99.609375、0.9967948717948718、0.9958333333333333、0.996140350877193
2023-12-06 17:16:38,356 - INFO - [2023-12-06 17:16:38] 当前轮数、批次数、总批次: [15][1/5]	
2023-12-06 17:16:38,357 - INFO - 本批次的训练损失是0.31037941575050354
2023-12-06 17:16:38,357 - INFO - 本批次的训练集准确率、macro-p\r\f是98.828125、0.9861467236467236、0.990542328042328、0.9876526965562054
2023-12-06 17:16:38,873 - INFO - [2023-12-06 17:16:38] 当前轮数、批次数、总批次: [15][2/5]	
2023-12-06 17:16:38,873 - INFO - 本批次的训练损失是0.31041231751441956
2023-12-06 17:16:38,873 - INFO - 本批次的训练集准确率、macro-p\r\f是99.21875、0.9954530423280423、0.9770833333333333、0.9850581284543549
2023-12-06 17:16:39,499 - INFO - [2023-12-06 17:16:39] 当前轮数、批次数、总批次: [15][3/5]	
2023-12-06 17:16:39,499 - INFO - 本批次的训练损失是0.31051963567733765
2023-12-06 17:16:39,499 - INFO - 本批次的训练集准确率、macro-p\r\f是100.0、1.0、1.0、1.0
2023-12-06 17:16:40,675 - INFO - [2023-12-06 17:16:40] 当前轮数、批次数、总批次: [15][4/5]	
2023-12-06 17:16:40,675 - INFO - 本批次的训练损失是0.3110056519508362
2023-12-06 17:16:40,675 - INFO - 本批次的训练集准确率、macro-p\r\f是98.828125、0.9827803901079764、0.9735119047619047、0.973127233163953
2023-12-06 17:16:40,676 - INFO - 这一轮训练集的准确率、p、r、f1是99.296875、0.9922350055755228、0.9873941798941799、0.9883956818103412
2023-12-06 17:16:40,688 - INFO - 

以下是测试集


2023-12-06 17:16:41,181 - INFO - [2023-12-06 17:16:41] 当前轮数、批次数、总批次: [16][0/5]	
2023-12-06 17:16:41,181 - INFO - 本批次的训练损失是0.31015366315841675
2023-12-06 17:16:41,181 - INFO - 本批次的训练集准确率、macro-p\r\f是99.609375、0.9972222222222222、0.9962121212121212、0.9965790914066777
2023-12-06 17:16:42,406 - INFO - [2023-12-06 17:16:42] 当前轮数、批次数、总批次: [16][1/5]	
2023-12-06 17:16:42,406 - INFO - 本批次的训练损失是0.31030017137527466
2023-12-06 17:16:42,407 - INFO - 本批次的训练集准确率、macro-p\r\f是99.609375、0.9973958333333333、0.9962121212121212、0.9966717869943676
2023-12-06 17:16:43,006 - INFO - [2023-12-06 17:16:43] 当前轮数、批次数、总批次: [16][2/5]	
2023-12-06 17:16:43,006 - INFO - 本批次的训练损失是0.3105176091194153
2023-12-06 17:16:43,006 - INFO - 本批次的训练集准确率、macro-p\r\f是99.21875、0.9880952380952381、0.9965277777777778、0.991243961352657
2023-12-06 17:16:43,577 - INFO - [2023-12-06 17:16:43] 当前轮数、批次数、总批次: [16][3/5]	
2023-12-06 17:16:43,577 - INFO - 本批次的训练损失是0.3103318214416504
2023-12-06 17:16:43,577 - INFO - 本批次的训练集准确率、macro-p\r\f是98.828125、0.95625、0.9913381123058542、0.9631473102061338
2023-12-06 17:16:43,951 - INFO - [2023-12-06 17:16:43] 当前轮数、批次数、总批次: [16][4/5]	
2023-12-06 17:16:43,951 - INFO - 本批次的训练损失是0.310403048992157
2023-12-06 17:16:43,951 - INFO - 本批次的训练集准确率、macro-p\r\f是98.828125、0.9922979797979798、0.9710338680926915、0.9779009971080374
2023-12-06 17:16:43,953 - INFO - 这一轮训练集的准确率、p、r、f1是99.21875、0.9862522546897547、0.9902648001201132、0.9851086294135747
2023-12-06 17:16:43,958 - INFO - 

以下是测试集


2023-12-06 17:16:44,424 - INFO - [2023-12-06 17:16:44] 当前轮数、批次数、总批次: [17][0/5]	
2023-12-06 17:16:44,424 - INFO - 本批次的训练损失是0.310238778591156
2023-12-06 17:16:44,424 - INFO - 本批次的训练集准确率、macro-p\r\f是100.0、1.0、1.0、1.0
2023-12-06 17:16:44,956 - INFO - [2023-12-06 17:16:44] 当前轮数、批次数、总批次: [17][1/5]	
2023-12-06 17:16:44,956 - INFO - 本批次的训练损失是0.31016188859939575
2023-12-06 17:16:44,956 - INFO - 本批次的训练集准确率、macro-p\r\f是99.21875、0.9908424908424909、0.9948308270676691、0.9924588691255358
2023-12-06 17:16:46,211 - INFO - [2023-12-06 17:16:46] 当前轮数、批次数、总批次: [17][2/5]	
2023-12-06 17:16:46,212 - INFO - 本批次的训练损失是0.3103453814983368
2023-12-06 17:16:46,214 - INFO - 本批次的训练集准确率、macro-p\r\f是98.828125、0.9885912698412699、0.982390873015873、0.9842441227913126
2023-12-06 17:16:46,779 - INFO - [2023-12-06 17:16:46] 当前轮数、批次数、总批次: [17][3/5]	
2023-12-06 17:16:46,779 - INFO - 本批次的训练损失是0.31016990542411804
2023-12-06 17:16:46,780 - INFO - 本批次的训练集准确率、macro-p\r\f是100.0、1.0、1.0、1.0
2023-12-06 17:16:47,089 - INFO - [2023-12-06 17:16:47] 当前轮数、批次数、总批次: [17][4/5]	
2023-12-06 17:16:47,089 - INFO - 本批次的训练损失是0.31019872426986694
2023-12-06 17:16:47,089 - INFO - 本批次的训练集准确率、macro-p\r\f是99.609375、0.9973958333333333、0.9953703703703703、0.9962049335863378
2023-12-06 17:16:47,090 - INFO - 这一轮训练集的准确率、p、r、f1是99.53125、0.9953659188034187、0.9945184140907825、0.9945815851006372
2023-12-06 17:16:47,096 - INFO - 

以下是测试集


2023-12-06 17:16:47,644 - INFO - [2023-12-06 17:16:47] 当前轮数、批次数、总批次: [18][0/5]	
2023-12-06 17:16:47,644 - INFO - 本批次的训练损失是0.3102974593639374
2023-12-06 17:16:47,644 - INFO - 本批次的训练集准确率、macro-p\r\f是99.21875、0.994017094017094、0.9938186813186813、0.993686675180928
2023-12-06 17:16:48,164 - INFO - [2023-12-06 17:16:48] 当前轮数、批次数、总批次: [18][1/5]	
2023-12-06 17:16:48,164 - INFO - 本批次的训练损失是0.31021058559417725
2023-12-06 17:16:48,164 - INFO - 本批次的训练集准确率、macro-p\r\f是99.21875、0.9950039184952978、0.9786931818181819、0.9855452584950749
2023-12-06 17:16:48,874 - INFO - [2023-12-06 17:16:48] 当前轮数、批次数、总批次: [18][2/5]	
2023-12-06 17:16:48,875 - INFO - 本批次的训练损失是0.31016451120376587
2023-12-06 17:16:48,875 - INFO - 本批次的训练集准确率、macro-p\r\f是100.0、1.0、1.0、1.0
2023-12-06 17:16:49,411 - INFO - [2023-12-06 17:16:49] 当前轮数、批次数、总批次: [18][3/5]	
2023-12-06 17:16:49,411 - INFO - 本批次的训练损失是0.31015485525131226
2023-12-06 17:16:49,411 - INFO - 本批次的训练集准确率、macro-p\r\f是100.0、1.0、1.0、1.0
2023-12-06 17:16:50,478 - INFO - [2023-12-06 17:16:50] 当前轮数、批次数、总批次: [18][4/5]	
2023-12-06 17:16:50,478 - INFO - 本批次的训练损失是0.3100981116294861
2023-12-06 17:16:50,479 - INFO - 本批次的训练集准确率、macro-p\r\f是100.0、1.0、1.0、1.0
2023-12-06 17:16:50,479 - INFO - 这一轮训练集的准确率、p、r、f1是99.6875、0.9978042025024783、0.9945023726273725、0.9958463867352005
2023-12-06 17:16:50,486 - INFO - 

以下是测试集


2023-12-06 17:16:50,962 - INFO - [2023-12-06 17:16:50] 当前轮数、批次数、总批次: [19][0/5]	
2023-12-06 17:16:50,962 - INFO - 本批次的训练损失是0.31010702252388
2023-12-06 17:16:50,963 - INFO - 本批次的训练集准确率、macro-p\r\f是99.21875、0.9918981481481481、0.9954656862745098、0.9934064230739423
2023-12-06 17:16:51,520 - INFO - [2023-12-06 17:16:51] 当前轮数、批次数、总批次: [19][1/5]	
2023-12-06 17:16:51,520 - INFO - 本批次的训练损失是0.31011611223220825
2023-12-06 17:16:51,520 - INFO - 本批次的训练集准确率、macro-p\r\f是99.21875、0.994858870967742、0.9639423076923077、0.9740395124001682
2023-12-06 17:16:51,936 - INFO - [2023-12-06 17:16:51] 当前轮数、批次数、总批次: [19][2/5]	
2023-12-06 17:16:51,936 - INFO - 本批次的训练损失是0.31005796790122986
2023-12-06 17:16:51,936 - INFO - 本批次的训练集准确率、macro-p\r\f是99.609375、0.9967948717948718、0.9972222222222222、0.9968965517241379
2023-12-06 17:16:53,602 - INFO - [2023-12-06 17:16:53] 当前轮数、批次数、总批次: [19][3/5]	
2023-12-06 17:16:53,602 - INFO - 本批次的训练损失是0.3100338280200958
2023-12-06 17:16:53,602 - INFO - 本批次的训练集准确率、macro-p\r\f是100.0、1.0、1.0、1.0
2023-12-06 17:16:53,943 - INFO - [2023-12-06 17:16:53] 当前轮数、批次数、总批次: [19][4/5]	
2023-12-06 17:16:53,944 - INFO - 本批次的训练损失是0.31002649664878845
2023-12-06 17:16:53,944 - INFO - 本批次的训练集准确率、macro-p\r\f是100.0、1.0、1.0、1.0
2023-12-06 17:16:53,945 - INFO - 这一轮训练集的准确率、p、r、f1是99.609375、0.9967103781821522、0.9913260432378079、0.9928684974396496
2023-12-06 17:16:53,953 - INFO - 

以下是测试集


2023-12-06 19:16:50,476 - INFO - [2023-12-06 19:16:50] 当前轮数、批次数、总批次: [0][0/5]	
2023-12-06 19:16:50,476 - INFO - 本批次的训练损失是0.3392634391784668
2023-12-06 19:16:50,477 - INFO - 本批次的训练集准确率、macro-p\r\f是37.109375、0.2782627688172043、0.37816983797934856、0.22001212645578094
2023-12-06 19:16:50,695 - INFO - [2023-12-06 19:16:50] 当前轮数、批次数、总批次: [0][1/5]	
2023-12-06 19:16:50,696 - INFO - 本批次的训练损失是0.3933051526546478
2023-12-06 19:16:50,696 - INFO - 本批次的训练集准确率、macro-p\r\f是75.78125、0.29523009762479874、0.36356516290726815、0.31358851958835077
2023-12-06 19:16:51,181 - INFO - [2023-12-06 19:16:51] 当前轮数、批次数、总批次: [0][2/5]	
2023-12-06 19:16:51,182 - INFO - 本批次的训练损失是0.4239085614681244
2023-12-06 19:16:51,182 - INFO - 本批次的训练集准确率、macro-p\r\f是19.53125、0.09512488799283153、0.3558201058201058、0.11707072540405872
2023-12-06 19:16:51,629 - INFO - [2023-12-06 19:16:51] 当前轮数、批次数、总批次: [0][3/5]	
2023-12-06 19:16:51,629 - INFO - 本批次的训练损失是0.388252854347229
2023-12-06 19:16:51,629 - INFO - 本批次的训练集准确率、macro-p\r\f是38.28125、0.31052587365591394、0.4291229603729604、0.26996524271888
2023-12-06 19:16:52,092 - INFO - [2023-12-06 19:16:52] 当前轮数、批次数、总批次: [0][4/5]	
2023-12-06 19:16:52,092 - INFO - 本批次的训练损失是0.39092835783958435
2023-12-06 19:16:52,092 - INFO - 本批次的训练集准确率、macro-p\r\f是58.203125、0.26246359767025085、0.34332981567176973、0.23918423409229578
2023-12-06 19:16:52,093 - INFO - 这一轮训练集的准确率、p、r、f1是45.78125、0.2483214451521999、0.37400157655029054、0.23196416965187325
2023-12-06 19:17:19,402 - INFO - [2023-12-06 19:17:19] 当前轮数、批次数、总批次: [0][0/5]	
2023-12-06 19:17:19,402 - INFO - 本批次的训练损失是0.34093794226646423
2023-12-06 19:17:19,402 - INFO - 本批次的训练集准确率、macro-p\r\f是22.265625、0.21848678315412184、0.24652939061309473、0.11984921529531488
2023-12-06 19:17:19,593 - INFO - [2023-12-06 19:17:19] 当前轮数、批次数、总批次: [0][1/5]	
2023-12-06 19:17:19,593 - INFO - 本批次的训练损失是0.3774949014186859
2023-12-06 19:17:19,593 - INFO - 本批次的训练集准确率、macro-p\r\f是75.78125、0.2858072916666667、0.35526315789473684、0.311261679761511
2023-12-06 19:17:20,069 - INFO - [2023-12-06 19:17:20] 当前轮数、批次数、总批次: [0][2/5]	
2023-12-06 19:17:20,069 - INFO - 本批次的训练损失是0.4179117679595947
2023-12-06 19:17:20,069 - INFO - 本批次的训练集准确率、macro-p\r\f是14.453125、0.07055431547619047、0.28267045454545453、0.0888305581853969
2023-12-06 19:17:20,545 - INFO - [2023-12-06 19:17:20] 当前轮数、批次数、总批次: [0][3/5]	
2023-12-06 19:17:20,546 - INFO - 本批次的训练损失是0.35070791840553284
2023-12-06 19:17:20,546 - INFO - 本批次的训练集准确率、macro-p\r\f是62.5、0.37446924603174603、0.418147805791484、0.3891809468284873
2023-12-06 19:17:21,029 - INFO - [2023-12-06 19:17:21] 当前轮数、批次数、总批次: [0][4/5]	
2023-12-06 19:17:21,029 - INFO - 本批次的训练损失是0.39990338683128357
2023-12-06 19:17:21,029 - INFO - 本批次的训练集准确率、macro-p\r\f是67.578125、0.2507512019230769、0.34523809523809523、0.2830375170729536
2023-12-06 19:17:21,030 - INFO - 这一轮训练集的准确率、p、r、f1是48.515625、0.2400137676503604、0.32956978081657307、0.23843198342873273
2023-12-06 19:17:21,050 - INFO - 

以下是测试集


2023-12-06 19:17:21,505 - INFO - [2023-12-06 19:17:21] 当前轮数、批次数、总批次: [1][0/5]	
2023-12-06 19:17:21,506 - INFO - 本批次的训练损失是0.3632449805736542
2023-12-06 19:17:21,506 - INFO - 本批次的训练集准确率、macro-p\r\f是63.28125、0.3021425189393939、0.4219322344322344、0.33041870565230363
2023-12-06 19:17:21,723 - INFO - [2023-12-06 19:17:21] 当前轮数、批次数、总批次: [1][1/5]	
2023-12-06 19:17:21,723 - INFO - 本批次的训练损失是0.35718971490859985
2023-12-06 19:17:21,723 - INFO - 本批次的训练集准确率、macro-p\r\f是50.0、0.3039248604864234、0.3928418803418804、0.24881233978493222
2023-12-06 19:17:22,297 - INFO - [2023-12-06 19:17:22] 当前轮数、批次数、总批次: [1][2/5]	
2023-12-06 19:17:22,297 - INFO - 本批次的训练损失是0.3487304747104645
2023-12-06 19:17:22,297 - INFO - 本批次的训练集准确率、macro-p\r\f是44.53125、0.32071414848553004、0.36891753886331197、0.2584049436223349
2023-12-06 19:17:23,362 - INFO - [2023-12-06 19:17:23] 当前轮数、批次数、总批次: [1][3/5]	
2023-12-06 19:17:23,362 - INFO - 本批次的训练损失是0.3290494680404663
2023-12-06 19:17:23,362 - INFO - 本批次的训练集准确率、macro-p\r\f是62.109375、0.3393601709922456、0.350523745091351、0.3166068638515176
2023-12-06 19:17:23,787 - INFO - [2023-12-06 19:17:23] 当前轮数、批次数、总批次: [1][4/5]	
2023-12-06 19:17:23,787 - INFO - 本批次的训练损失是0.3303898274898529
2023-12-06 19:17:23,787 - INFO - 本批次的训练集准确率、macro-p\r\f是60.15625、0.27459383289124667、0.3481036324786324、0.28564887881976264
2023-12-06 19:17:23,788 - INFO - 这一轮训练集的准确率、p、r、f1是56.015625、0.3081471063589679、0.376463806241482、0.2879783463461702
2023-12-06 19:17:23,792 - INFO - 

以下是测试集


2023-12-06 19:17:24,281 - INFO - [2023-12-06 19:17:24] 当前轮数、批次数、总批次: [2][0/5]	
2023-12-06 19:17:24,281 - INFO - 本批次的训练损失是0.3292575478553772
2023-12-06 19:17:24,281 - INFO - 本批次的训练集准确率、macro-p\r\f是69.140625、0.3301215277777778、0.36692620650953983、0.335011917240359
2023-12-06 19:17:24,740 - INFO - [2023-12-06 19:17:24] 当前轮数、批次数、总批次: [2][1/5]	
2023-12-06 19:17:24,740 - INFO - 本批次的训练损失是0.3247126638889313
2023-12-06 19:17:24,740 - INFO - 本批次的训练集准确率、macro-p\r\f是75.78125、0.3544086421530978、0.39453012265512266、0.35556165466501316
2023-12-06 19:17:25,012 - INFO - [2023-12-06 19:17:25] 当前轮数、批次数、总批次: [2][2/5]	
2023-12-06 19:17:25,013 - INFO - 本批次的训练损失是0.3239091634750366
2023-12-06 19:17:25,013 - INFO - 本批次的训练集准确率、macro-p\r\f是72.265625、0.37230507724623696、0.4100883440795721、0.3689613644434518
2023-12-06 19:17:25,469 - INFO - [2023-12-06 19:17:25] 当前轮数、批次数、总批次: [2][3/5]	
2023-12-06 19:17:25,469 - INFO - 本批次的训练损失是0.325167715549469
2023-12-06 19:17:25,470 - INFO - 本批次的训练集准确率、macro-p\r\f是66.796875、0.4653994033963966、0.4189436608791447、0.38528736850213496
2023-12-06 19:17:25,987 - INFO - [2023-12-06 19:17:25] 当前轮数、批次数、总批次: [2][4/5]	
2023-12-06 19:17:25,987 - INFO - 本批次的训练损失是0.32428309321403503
2023-12-06 19:17:25,987 - INFO - 本批次的训练集准确率、macro-p\r\f是65.625、0.37787721326352514、0.3832349749016416、0.33278746628821027
2023-12-06 19:17:25,990 - INFO - 这一轮训练集的准确率、p、r、f1是69.921875、0.3800223727674068、0.3947446618050042、0.35552195422783384
2023-12-06 19:17:25,995 - INFO - 

以下是测试集


2023-12-06 19:17:26,493 - INFO - [2023-12-06 19:17:26] 当前轮数、批次数、总批次: [3][0/5]	
2023-12-06 19:17:26,494 - INFO - 本批次的训练损失是0.3226932883262634
2023-12-06 19:17:26,494 - INFO - 本批次的训练集准确率、macro-p\r\f是73.828125、0.5035826150458769、0.5059095225761893、0.478158729483208
2023-12-06 19:17:27,613 - INFO - [2023-12-06 19:17:27] 当前轮数、批次数、总批次: [3][1/5]	
2023-12-06 19:17:27,613 - INFO - 本批次的训练损失是0.31884872913360596
2023-12-06 19:17:27,614 - INFO - 本批次的训练集准确率、macro-p\r\f是78.90625、0.6033460723304472、0.5657665945165945、0.537331125955293
2023-12-06 19:17:28,112 - INFO - [2023-12-06 19:17:28] 当前轮数、批次数、总批次: [3][2/5]	
2023-12-06 19:17:28,113 - INFO - 本批次的训练损失是0.31702661514282227
2023-12-06 19:17:28,113 - INFO - 本批次的训练集准确率、macro-p\r\f是79.6875、0.5771847859801489、0.5363451582740375、0.532957645873631
2023-12-06 19:17:28,588 - INFO - [2023-12-06 19:17:28] 当前轮数、批次数、总批次: [3][3/5]	
2023-12-06 19:17:28,589 - INFO - 本批次的训练损失是0.320815771818161
2023-12-06 19:17:28,589 - INFO - 本批次的训练集准确率、macro-p\r\f是70.3125、0.38815949675324674、0.4189560439560439、0.368273667050367
2023-12-06 19:17:29,117 - INFO - [2023-12-06 19:17:29] 当前轮数、批次数、总批次: [3][4/5]	
2023-12-06 19:17:29,117 - INFO - 本批次的训练损失是0.3191967010498047
2023-12-06 19:17:29,117 - INFO - 本批次的训练集准确率、macro-p\r\f是73.4375、0.43976255555070276、0.4586462919796253、0.42176004479328405
2023-12-06 19:17:29,118 - INFO - 这一轮训练集的准确率、p、r、f1是75.234375、0.5024071051320844、0.4971247222604981、0.4676962426311566
2023-12-06 19:17:29,124 - INFO - 

以下是测试集


2023-12-06 19:17:30,255 - INFO - [2023-12-06 19:17:30] 当前轮数、批次数、总批次: [4][0/5]	
2023-12-06 19:17:30,255 - INFO - 本批次的训练损失是0.31912726163864136
2023-12-06 19:17:30,255 - INFO - 本批次的训练集准确率、macro-p\r\f是76.171875、0.5343174780999749、0.540331659081659、0.5252510623447156
2023-12-06 19:17:30,764 - INFO - [2023-12-06 19:17:30] 当前轮数、批次数、总批次: [4][1/5]	
2023-12-06 19:17:30,764 - INFO - 本批次的训练损失是0.3153342008590698
2023-12-06 19:17:30,764 - INFO - 本批次的训练集准确率、macro-p\r\f是79.6875、0.6102793245434375、0.5611549908424909、0.5483763045933991
2023-12-06 19:17:31,194 - INFO - [2023-12-06 19:17:31] 当前轮数、批次数、总批次: [4][2/5]	
2023-12-06 19:17:31,194 - INFO - 本批次的训练损失是0.31721949577331543
2023-12-06 19:17:31,194 - INFO - 本批次的训练集准确率、macro-p\r\f是78.515625、0.45920029055863487、0.46034057961302544、0.43192416729086264
2023-12-06 19:17:31,718 - INFO - [2023-12-06 19:17:31] 当前轮数、批次数、总批次: [4][3/5]	
2023-12-06 19:17:31,718 - INFO - 本批次的训练损失是0.3156188726425171
2023-12-06 19:17:31,719 - INFO - 本批次的训练集准确率、macro-p\r\f是83.203125、0.6734726817388108、0.6493684009569717、0.6120714900706596
2023-12-06 19:17:32,042 - INFO - [2023-12-06 19:17:32] 当前轮数、批次数、总批次: [4][4/5]	
2023-12-06 19:17:32,043 - INFO - 本批次的训练损失是0.31923070549964905
2023-12-06 19:17:32,043 - INFO - 本批次的训练集准确率、macro-p\r\f是75.78125、0.5110967604814021、0.5094334742580355、0.48571787828459073
2023-12-06 19:17:32,043 - INFO - 这一轮训练集的准确率、p、r、f1是78.671875、0.5576733070844521、0.5441258209504365、0.5206681805168455
2023-12-06 19:17:32,048 - INFO - 

以下是测试集


2023-12-06 19:17:32,573 - INFO - [2023-12-06 19:17:32] 当前轮数、批次数、总批次: [5][0/5]	
2023-12-06 19:17:32,574 - INFO - 本批次的训练损失是0.313835084438324
2023-12-06 19:17:32,574 - INFO - 本批次的训练集准确率、macro-p\r\f是83.203125、0.7013840276426259、0.6849069068778149、0.6598401544330339
2023-12-06 19:17:32,974 - INFO - [2023-12-06 19:17:32] 当前轮数、批次数、总批次: [5][1/5]	
2023-12-06 19:17:32,975 - INFO - 本批次的训练损失是0.3155007064342499
2023-12-06 19:17:32,975 - INFO - 本批次的训练集准确率、macro-p\r\f是80.46875、0.5754899415890241、0.5348627645502646、0.49852745908029183
2023-12-06 19:17:34,088 - INFO - [2023-12-06 19:17:34] 当前轮数、批次数、总批次: [5][2/5]	
2023-12-06 19:17:34,088 - INFO - 本批次的训练损失是0.3160789906978607
2023-12-06 19:17:34,088 - INFO - 本批次的训练集准确率、macro-p\r\f是85.546875、0.6360084600970017、0.5674628831417625、0.5676921804363819
2023-12-06 19:17:34,535 - INFO - [2023-12-06 19:17:34] 当前轮数、批次数、总批次: [5][3/5]	
2023-12-06 19:17:34,536 - INFO - 本批次的训练损失是0.3174899220466614
2023-12-06 19:17:34,536 - INFO - 本批次的训练集准确率、macro-p\r\f是85.15625、0.632342640369505、0.5653397817460317、0.5622656796057632
2023-12-06 19:17:35,100 - INFO - [2023-12-06 19:17:35] 当前轮数、批次数、总批次: [5][4/5]	
2023-12-06 19:17:35,100 - INFO - 本批次的训练损失是0.31539326906204224
2023-12-06 19:17:35,100 - INFO - 本批次的训练集准确率、macro-p\r\f是87.109375、0.6854574166214347、0.6672361888013109、0.6664299675847855
2023-12-06 19:17:35,101 - INFO - 这一轮训练集的准确率、p、r、f1是84.296875、0.6461364972639183、0.6039617050234369、0.5909510882280513
2023-12-06 19:17:35,108 - INFO - 

以下是测试集


2023-12-06 19:17:35,470 - INFO - [2023-12-06 19:17:35] 当前轮数、批次数、总批次: [6][0/5]	
2023-12-06 19:17:35,470 - INFO - 本批次的训练损失是0.314024418592453
2023-12-06 19:17:35,470 - INFO - 本批次的训练集准确率、macro-p\r\f是83.203125、0.6697287331036862、0.6987557710301118、0.6542641796442348
2023-12-06 19:17:35,906 - INFO - [2023-12-06 19:17:35] 当前轮数、批次数、总批次: [6][1/5]	
2023-12-06 19:17:35,906 - INFO - 本批次的训练损失是0.3134550452232361
2023-12-06 19:17:35,907 - INFO - 本批次的训练集准确率、macro-p\r\f是86.71875、0.7593221206611299、0.7668425324675324、0.7370983553771012
2023-12-06 19:17:36,548 - INFO - [2023-12-06 19:17:36] 当前轮数、批次数、总批次: [6][2/5]	
2023-12-06 19:17:36,548 - INFO - 本批次的训练损失是0.31488510966300964
2023-12-06 19:17:36,548 - INFO - 本批次的训练集准确率、macro-p\r\f是87.5、0.817001381492005、0.7523682457892984、0.7615604730010022
2023-12-06 19:17:37,054 - INFO - [2023-12-06 19:17:37] 当前轮数、批次数、总批次: [6][3/5]	
2023-12-06 19:17:37,054 - INFO - 本批次的训练损失是0.3158780634403229
2023-12-06 19:17:37,054 - INFO - 本批次的训练集准确率、macro-p\r\f是86.71875、0.6809394747972334、0.6689940566667022、0.6601139811989157
2023-12-06 19:17:38,359 - INFO - [2023-12-06 19:17:38] 当前轮数、批次数、总批次: [6][4/5]	
2023-12-06 19:17:38,359 - INFO - 本批次的训练损失是0.3132944405078888
2023-12-06 19:17:38,360 - INFO - 本批次的训练集准确率、macro-p\r\f是86.71875、0.7116236491767052、0.6450336511650552、0.6591890546710565
2023-12-06 19:17:38,360 - INFO - 这一轮训练集的准确率、p、r、f1是86.171875、0.7277230718461519、0.7063988514237399、0.694445208778462
2023-12-06 19:17:38,371 - INFO - 

以下是测试集


2023-12-06 19:17:39,701 - INFO - [2023-12-06 19:17:39] 当前轮数、批次数、总批次: [7][0/5]	
2023-12-06 19:17:39,702 - INFO - 本批次的训练损失是0.3136679530143738
2023-12-06 19:17:39,702 - INFO - 本批次的训练集准确率、macro-p\r\f是92.1875、0.807755938391559、0.7222514005602241、0.7479178292992634
2023-12-06 19:17:40,333 - INFO - [2023-12-06 19:17:40] 当前轮数、批次数、总批次: [7][1/5]	
2023-12-06 19:17:40,333 - INFO - 本批次的训练损失是0.31318238377571106
2023-12-06 19:17:40,333 - INFO - 本批次的训练集准确率、macro-p\r\f是90.234375、0.7358413582147418、0.7251217532467533、0.7222967521714598
2023-12-06 19:17:40,926 - INFO - [2023-12-06 19:17:40] 当前轮数、批次数、总批次: [7][2/5]	
2023-12-06 19:17:40,926 - INFO - 本批次的训练损失是0.3127913475036621
2023-12-06 19:17:40,926 - INFO - 本批次的训练集准确率、macro-p\r\f是90.625、0.752941529548784、0.7400258080285255、0.7314942869269135
2023-12-06 19:17:41,382 - INFO - [2023-12-06 19:17:41] 当前轮数、批次数、总批次: [7][3/5]	
2023-12-06 19:17:41,383 - INFO - 本批次的训练损失是0.31220752000808716
2023-12-06 19:17:41,383 - INFO - 本批次的训练集准确率、macro-p\r\f是91.015625、0.8000868055555556、0.8029234295398089、0.7905785267216692
2023-12-06 19:17:42,051 - INFO - [2023-12-06 19:17:42] 当前轮数、批次数、总批次: [7][4/5]	
2023-12-06 19:17:42,051 - INFO - 本批次的训练损失是0.31194132566452026
2023-12-06 19:17:42,051 - INFO - 本批次的训练集准确率、macro-p\r\f是92.96875、0.8669321547993418、0.7984832127295363、0.8018434243226344
2023-12-06 19:17:42,053 - INFO - 这一轮训练集的准确率、p、r、f1是91.40625、0.7927115573019965、0.7577611208209696、0.7588261638883882
2023-12-06 19:17:42,060 - INFO - 

以下是测试集


2023-12-06 19:17:42,781 - INFO - [2023-12-06 19:17:42] 当前轮数、批次数、总批次: [8][0/5]	
2023-12-06 19:17:42,782 - INFO - 本批次的训练损失是0.31397151947021484
2023-12-06 19:17:42,782 - INFO - 本批次的训练集准确率、macro-p\r\f是92.578125、0.7774323287589663、0.7526478967655438、0.7484224920493763
2023-12-06 19:17:44,059 - INFO - [2023-12-06 19:17:44] 当前轮数、批次数、总批次: [8][1/5]	
2023-12-06 19:17:44,059 - INFO - 本批次的训练损失是0.3120609521865845
2023-12-06 19:17:44,059 - INFO - 本批次的训练集准确率、macro-p\r\f是94.53125、0.8808730150744166、0.8533661191749429、0.8553710316148142
2023-12-06 19:17:44,502 - INFO - [2023-12-06 19:17:44] 当前轮数、批次数、总批次: [8][2/5]	
2023-12-06 19:17:44,503 - INFO - 本批次的训练损失是0.31224074959754944
2023-12-06 19:17:44,503 - INFO - 本批次的训练集准确率、macro-p\r\f是92.96875、0.8859788359788361、0.8850283935413246、0.8654388772895311
2023-12-06 19:17:45,000 - INFO - [2023-12-06 19:17:45] 当前轮数、批次数、总批次: [8][3/5]	
2023-12-06 19:17:45,001 - INFO - 本批次的训练损失是0.3116495907306671
2023-12-06 19:17:45,001 - INFO - 本批次的训练集准确率、macro-p\r\f是96.09375、0.9109435167266235、0.9119378306878307、0.9071415679025342
2023-12-06 19:17:45,493 - INFO - [2023-12-06 19:17:45] 当前轮数、批次数、总批次: [8][4/5]	
2023-12-06 19:17:45,493 - INFO - 本批次的训练损失是0.3113906979560852
2023-12-06 19:17:45,493 - INFO - 本批次的训练集准确率、macro-p\r\f是94.921875、0.8817950656534326、0.8327969028520499、0.843239211773564
2023-12-06 19:17:45,494 - INFO - 这一轮训练集的准确率、p、r、f1是94.21875、0.867404552438455、0.8471554286043383、0.843922636125964
2023-12-06 19:17:45,499 - INFO - 

以下是测试集


2023-12-06 19:17:46,899 - INFO - [2023-12-06 19:17:46] 当前轮数、批次数、总批次: [9][0/5]	
2023-12-06 19:17:46,899 - INFO - 本批次的训练损失是0.31197836995124817
2023-12-06 19:17:46,899 - INFO - 本批次的训练集准确率、macro-p\r\f是95.3125、0.8805168279432984、0.8669011544011543、0.8701126155652616
2023-12-06 19:17:47,438 - INFO - [2023-12-06 19:17:47] 当前轮数、批次数、总批次: [9][1/5]	
2023-12-06 19:17:47,438 - INFO - 本批次的训练损失是0.31105372309684753
2023-12-06 19:17:47,438 - INFO - 本批次的训练集准确率、macro-p\r\f是96.484375、0.9101628122236959、0.8604828042328042、0.8740810359231412
2023-12-06 19:17:47,694 - INFO - [2023-12-06 19:17:47] 当前轮数、批次数、总批次: [9][2/5]	
2023-12-06 19:17:47,695 - INFO - 本批次的训练损失是0.31130167841911316
2023-12-06 19:17:47,695 - INFO - 本批次的训练集准确率、macro-p\r\f是96.09375、0.9128959782837867、0.9146238308541809、0.9079762853411864
2023-12-06 19:17:48,105 - INFO - [2023-12-06 19:17:48] 当前轮数、批次数、总批次: [9][3/5]	
2023-12-06 19:17:48,105 - INFO - 本批次的训练损失是0.31226646900177
2023-12-06 19:17:48,105 - INFO - 本批次的训练集准确率、macro-p\r\f是95.3125、0.8102402975195094、0.8109048458725183、0.8032897724344298
2023-12-06 19:17:48,689 - INFO - [2023-12-06 19:17:48] 当前轮数、批次数、总批次: [9][4/5]	
2023-12-06 19:17:48,689 - INFO - 本批次的训练损失是0.3114393353462219
2023-12-06 19:17:48,689 - INFO - 本批次的训练集准确率、macro-p\r\f是96.484375、0.9588431437389772、0.9201509936423731、0.9325905402057193
2023-12-06 19:17:48,690 - INFO - 这一轮训练集的准确率、p、r、f1是95.9375、0.8945318119418535、0.8746127258006061、0.8776100498939478
2023-12-06 19:17:48,696 - INFO - 

以下是测试集


2023-12-06 19:17:49,213 - INFO - [2023-12-06 19:17:49] 当前轮数、批次数、总批次: [10][0/5]	
2023-12-06 19:17:49,213 - INFO - 本批次的训练损失是0.31132936477661133
2023-12-06 19:17:49,214 - INFO - 本批次的训练集准确率、macro-p\r\f是96.875、0.9566040201816064、0.9447942104192104、0.9451374429663904
2023-12-06 19:17:49,601 - INFO - [2023-12-06 19:17:49] 当前轮数、批次数、总批次: [10][1/5]	
2023-12-06 19:17:49,601 - INFO - 本批次的训练损失是0.312121719121933
2023-12-06 19:17:49,601 - INFO - 本批次的训练集准确率、macro-p\r\f是96.484375、0.8172330901856764、0.8552640907479617、0.8304975406039219
2023-12-06 19:17:50,147 - INFO - [2023-12-06 19:17:50] 当前轮数、批次数、总批次: [10][2/5]	
2023-12-06 19:17:50,147 - INFO - 本批次的训练损失是0.31080713868141174
2023-12-06 19:17:50,147 - INFO - 本批次的训练集准确率、macro-p\r\f是96.484375、0.9366786018366478、0.9215790465983964、0.9252606862352277
2023-12-06 19:17:50,741 - INFO - [2023-12-06 19:17:50] 当前轮数、批次数、总批次: [10][3/5]	
2023-12-06 19:17:50,741 - INFO - 本批次的训练损失是0.3115338087081909
2023-12-06 19:17:50,741 - INFO - 本批次的训练集准确率、macro-p\r\f是96.09375、0.9248626666011723、0.9003472222222222、0.9039322430083301
2023-12-06 19:17:51,862 - INFO - [2023-12-06 19:17:51] 当前轮数、批次数、总批次: [10][4/5]	
2023-12-06 19:17:51,862 - INFO - 本批次的训练损失是0.3108660578727722
2023-12-06 19:17:51,862 - INFO - 本批次的训练集准确率、macro-p\r\f是96.09375、0.9163676236044656、0.9096590909090909、0.9058804006169547
2023-12-06 19:17:51,863 - INFO - 这一轮训练集的准确率、p、r、f1是96.40625、0.9103492004819136、0.9063287321793763、0.9021416626861649
2023-12-06 19:17:51,868 - INFO - 

以下是测试集


2023-12-06 19:17:52,448 - INFO - [2023-12-06 19:17:52] 当前轮数、批次数、总批次: [11][0/5]	
2023-12-06 19:17:52,448 - INFO - 本批次的训练损失是0.31197628378868103
2023-12-06 19:17:52,448 - INFO - 本批次的训练集准确率、macro-p\r\f是95.3125、0.8480963883137798、0.8106349206349206、0.8215687731558977
2023-12-06 19:17:52,955 - INFO - [2023-12-06 19:17:52] 当前轮数、批次数、总批次: [11][1/5]	
2023-12-06 19:17:52,955 - INFO - 本批次的训练损失是0.3110242187976837
2023-12-06 19:17:52,955 - INFO - 本批次的训练集准确率、macro-p\r\f是95.703125、0.9173748897707231、0.8874510188087774、0.8969512334651683
2023-12-06 19:25:23,371 - INFO - [2023-12-06 19:25:23] 当前轮数、批次数、总批次: [0][0/5]	
2023-12-06 19:25:23,371 - INFO - 本批次的训练损失是0.3428536355495453
2023-12-06 19:25:23,372 - INFO - 本批次的训练集准确率、macro-p\r\f是29.6875、0.2565028076295774、0.38129786879786876、0.1927717090752401
2023-12-06 19:25:23,620 - INFO - [2023-12-06 19:25:23] 当前轮数、批次数、总批次: [0][1/5]	
2023-12-06 19:25:23,620 - INFO - 本批次的训练损失是0.38411980867385864
2023-12-06 19:25:23,621 - INFO - 本批次的训练集准确率、macro-p\r\f是76.953125、0.29231770833333337、0.36043233082706766、0.3180051752422867
2023-12-06 19:25:24,174 - INFO - [2023-12-06 19:25:24] 当前轮数、批次数、总批次: [0][2/5]	
2023-12-06 19:25:24,174 - INFO - 本批次的训练损失是0.41004884243011475
2023-12-06 19:25:24,174 - INFO - 本批次的训练集准确率、macro-p\r\f是14.84375、0.05390625、0.23421717171717168、0.07607151550650003
2023-12-06 19:25:24,628 - INFO - [2023-12-06 19:25:24] 当前轮数、批次数、总批次: [0][3/5]	
2023-12-06 19:25:24,628 - INFO - 本批次的训练损失是0.3513449430465698
2023-12-06 19:25:24,629 - INFO - 本批次的训练集准确率、macro-p\r\f是70.3125、0.410909880050505、0.44874708624708626、0.4150072286291241
2023-12-06 19:25:25,084 - INFO - [2023-12-06 19:25:25] 当前轮数、批次数、总批次: [0][4/5]	
2023-12-06 19:25:25,085 - INFO - 本批次的训练损失是0.3579839766025543
2023-12-06 19:25:25,085 - INFO - 本批次的训练集准确率、macro-p\r\f是62.109375、0.3023922589869281、0.3703362416904083、0.304513802878756
2023-12-06 19:25:25,085 - INFO - 这一轮训练集的准确率、p、r、f1是50.78125、0.2632057810000688、0.35900613985592056、0.2612738862663814
2023-12-06 19:25:25,097 - INFO - 

以下是测试集


2023-12-06 19:25:25,478 - INFO - [2023-12-06 19:25:25] 当前轮数、批次数、总批次: [1][0/5]	
2023-12-06 19:25:25,478 - INFO - 本批次的训练损失是0.34321704506874084
2023-12-06 19:25:25,478 - INFO - 本批次的训练集准确率、macro-p\r\f是59.765625、0.2871401191147684、0.31424684032442657、0.26923115311255097
2023-12-06 19:25:26,060 - INFO - [2023-12-06 19:25:26] 当前轮数、批次数、总批次: [1][1/5]	
2023-12-06 19:25:26,060 - INFO - 本批次的训练损失是0.338327020406723
2023-12-06 19:25:26,060 - INFO - 本批次的训练集准确率、macro-p\r\f是71.484375、0.32472640192545993、0.40078544061302684、0.35183126892221256
2023-12-06 19:25:29,411 - INFO - [2023-12-06 19:25:29] 当前轮数、批次数、总批次: [1][2/5]	
2023-12-06 19:25:29,411 - INFO - 本批次的训练损失是0.3326770067214966
2023-12-06 19:25:29,411 - INFO - 本批次的训练集准确率、macro-p\r\f是68.359375、0.393088679414613、0.4280059523809523、0.35764135452581824
2023-12-06 19:25:29,943 - INFO - [2023-12-06 19:25:29] 当前轮数、批次数、总批次: [1][3/5]	
2023-12-06 19:25:29,943 - INFO - 本批次的训练损失是0.33044469356536865
2023-12-06 19:25:29,943 - INFO - 本批次的训练集准确率、macro-p\r\f是69.140625、0.349307117274696、0.40673738268310633、0.3488566628528431
2023-12-06 19:25:30,307 - INFO - [2023-12-06 19:25:30] 当前轮数、批次数、总批次: [1][4/5]	
2023-12-06 19:25:30,308 - INFO - 本批次的训练损失是0.3343936502933502
2023-12-06 19:25:30,308 - INFO - 本批次的训练集准确率、macro-p\r\f是66.015625、0.283571894055765、0.3618606701940035、0.29658983409498296
2023-12-06 19:25:30,309 - INFO - 这一轮训练集的准确率、p、r、f1是66.953125、0.3275668423570604、0.3823272572391031、0.3248300547016816
2023-12-06 19:25:30,314 - INFO - 

以下是测试集


2023-12-06 19:25:30,777 - INFO - [2023-12-06 19:25:30] 当前轮数、批次数、总批次: [2][0/5]	
2023-12-06 19:25:30,777 - INFO - 本批次的训练损失是0.3254632353782654
2023-12-06 19:25:30,778 - INFO - 本批次的训练集准确率、macro-p\r\f是74.21875、0.4120874402628435、0.45412784679089024、0.40613444910191765
2023-12-06 19:25:31,757 - INFO - [2023-12-06 19:25:31] 当前轮数、批次数、总批次: [2][1/5]	
2023-12-06 19:25:31,757 - INFO - 本批次的训练损失是0.32204678654670715
2023-12-06 19:25:31,758 - INFO - 本批次的训练集准确率、macro-p\r\f是66.40625、0.4124347445714722、0.4340260232482296、0.4010056981823722
2023-12-06 19:25:33,224 - INFO - [2023-12-06 19:25:33] 当前轮数、批次数、总批次: [2][2/5]	
2023-12-06 19:25:33,225 - INFO - 本批次的训练损失是0.32960453629493713
2023-12-06 19:25:33,225 - INFO - 本批次的训练集准确率、macro-p\r\f是66.796875、0.3770983078361647、0.3936412363046702、0.34773882910228093
2023-12-06 19:25:33,692 - INFO - [2023-12-06 19:25:33] 当前轮数、批次数、总批次: [2][3/5]	
2023-12-06 19:25:33,693 - INFO - 本批次的训练损失是0.3227667510509491
2023-12-06 19:25:33,693 - INFO - 本批次的训练集准确率、macro-p\r\f是71.484375、0.5080369971264368、0.5576636904761905、0.48581630065526105
2023-12-06 19:25:34,425 - INFO - [2023-12-06 19:25:34] 当前轮数、批次数、总批次: [2][4/5]	
2023-12-06 19:25:34,425 - INFO - 本批次的训练损失是0.3218351900577545
2023-12-06 19:25:34,425 - INFO - 本批次的训练集准确率、macro-p\r\f是77.734375、0.4627618167562724、0.46660879629629637、0.4363599356603618
2023-12-06 19:25:34,426 - INFO - 这一轮训练集的准确率、p、r、f1是71.328125、0.43448386131063793、0.4612135186232554、0.4154110425404387
2023-12-06 19:25:34,431 - INFO - 

以下是测试集


2023-12-06 19:25:34,839 - INFO - [2023-12-06 19:25:34] 当前轮数、批次数、总批次: [3][0/5]	
2023-12-06 19:25:34,839 - INFO - 本批次的训练损失是0.32058435678482056
2023-12-06 19:25:34,840 - INFO - 本批次的训练集准确率、macro-p\r\f是77.734375、0.37643509184587814、0.41314273609532226、0.38498200403656346
2023-12-06 19:25:35,486 - INFO - [2023-12-06 19:25:35] 当前轮数、批次数、总批次: [3][1/5]	
2023-12-06 19:25:35,486 - INFO - 本批次的训练损失是0.31888270378112793
2023-12-06 19:25:35,486 - INFO - 本批次的训练集准确率、macro-p\r\f是76.171875、0.5359227534172735、0.508811577305361、0.49486591604014496
2023-12-06 19:25:36,204 - INFO - [2023-12-06 19:25:36] 当前轮数、批次数、总批次: [3][2/5]	
2023-12-06 19:25:36,205 - INFO - 本批次的训练损失是0.3207283020019531
2023-12-06 19:25:36,205 - INFO - 本批次的训练集准确率、macro-p\r\f是73.828125、0.48239646467808717、0.4575766417678182、0.4151119298547217
2023-12-06 19:25:36,943 - INFO - [2023-12-06 19:25:36] 当前轮数、批次数、总批次: [3][3/5]	
2023-12-06 19:25:36,944 - INFO - 本批次的训练损失是0.3230590224266052
2023-12-06 19:25:36,944 - INFO - 本批次的训练集准确率、macro-p\r\f是72.65625、0.49896645590124455、0.4531431930138827、0.4290040722123859
2023-12-06 19:25:38,297 - INFO - [2023-12-06 19:25:38] 当前轮数、批次数、总批次: [3][4/5]	
2023-12-06 19:25:38,297 - INFO - 本批次的训练损失是0.319360613822937
2023-12-06 19:25:38,297 - INFO - 本批次的训练集准确率、macro-p\r\f是76.171875、0.4546600761126175、0.5161189709378116、0.454334747376546
2023-12-06 19:25:38,298 - INFO - 这一轮训练集的准确率、p、r、f1是75.3125、0.4696761683910202、0.4697586238240391、0.4356597339040724
2023-12-06 19:25:38,308 - INFO - 

以下是测试集


2023-12-06 19:25:38,896 - INFO - [2023-12-06 19:25:38] 当前轮数、批次数、总批次: [4][0/5]	
2023-12-06 19:25:38,896 - INFO - 本批次的训练损失是0.3190799355506897
2023-12-06 19:25:38,896 - INFO - 本批次的训练集准确率、macro-p\r\f是77.34375、0.5236914093676084、0.4952177452177452、0.47529249974777893
2023-12-06 19:25:40,162 - INFO - [2023-12-06 19:25:40] 当前轮数、批次数、总批次: [4][1/5]	
2023-12-06 19:25:40,162 - INFO - 本批次的训练损失是0.3156898617744446
2023-12-06 19:25:40,162 - INFO - 本批次的训练集准确率、macro-p\r\f是83.59375、0.647963706040823、0.6186344803072744、0.6104923173093662
2023-12-06 19:25:40,624 - INFO - [2023-12-06 19:25:40] 当前轮数、批次数、总批次: [4][2/5]	
2023-12-06 19:25:40,624 - INFO - 本批次的训练损失是0.3215055465698242
2023-12-06 19:25:40,624 - INFO - 本批次的训练集准确率、macro-p\r\f是78.90625、0.6060585722896893、0.5754332010582011、0.5490699223233133
2023-12-06 19:25:40,908 - INFO - [2023-12-06 19:25:40] 当前轮数、批次数、总批次: [4][3/5]	
2023-12-06 19:25:40,908 - INFO - 本批次的训练损失是0.3182721734046936
2023-12-06 19:25:40,908 - INFO - 本批次的训练集准确率、macro-p\r\f是76.5625、0.6165974445529854、0.583220666452488、0.553320466252486
2023-12-06 19:25:41,398 - INFO - [2023-12-06 19:25:41] 当前轮数、批次数、总批次: [4][4/5]	
2023-12-06 19:25:41,398 - INFO - 本批次的训练损失是0.31805819272994995
2023-12-06 19:25:41,398 - INFO - 本批次的训练集准确率、macro-p\r\f是78.515625、0.5700733211415351、0.49606306116722787、0.49365332661287775
2023-12-06 19:25:41,399 - INFO - 这一轮训练集的准确率、p、r、f1是78.984375、0.5928768906785282、0.5537138308405873、0.5363657064491644
2023-12-06 19:25:41,402 - INFO - 

以下是测试集


2023-12-06 19:25:42,573 - INFO - [2023-12-06 19:25:42] 当前轮数、批次数、总批次: [5][0/5]	
2023-12-06 19:25:42,573 - INFO - 本批次的训练损失是0.31377193331718445
2023-12-06 19:25:42,573 - INFO - 本批次的训练集准确率、macro-p\r\f是92.578125、0.7226755615807687、0.6785714285714285、0.6851147690958201
2023-12-06 19:25:43,066 - INFO - [2023-12-06 19:25:43] 当前轮数、批次数、总批次: [5][1/5]	
2023-12-06 19:25:43,066 - INFO - 本批次的训练损失是0.31713852286338806
2023-12-06 19:25:43,066 - INFO - 本批次的训练集准确率、macro-p\r\f是80.859375、0.6209927384070529、0.5892023234414538、0.5816286834740165
2023-12-06 19:25:43,489 - INFO - [2023-12-06 19:25:43] 当前轮数、批次数、总批次: [5][2/5]	
2023-12-06 19:25:43,489 - INFO - 本批次的训练损失是0.31720268726348877
2023-12-06 19:25:43,489 - INFO - 本批次的训练集准确率、macro-p\r\f是80.078125、0.5816660096967209、0.6021794470429528、0.5766369306571536
2023-12-06 19:25:44,038 - INFO - [2023-12-06 19:25:44] 当前轮数、批次数、总批次: [5][3/5]	
2023-12-06 19:25:44,038 - INFO - 本批次的训练损失是0.31599998474121094
2023-12-06 19:25:44,038 - INFO - 本批次的训练集准确率、macro-p\r\f是83.984375、0.6953349561080373、0.6477149567875373、0.6486199995356594
2023-12-06 19:25:44,490 - INFO - [2023-12-06 19:25:44] 当前轮数、批次数、总批次: [5][4/5]	
2023-12-06 19:25:44,490 - INFO - 本批次的训练损失是0.31650498509407043
2023-12-06 19:25:44,490 - INFO - 本批次的训练集准确率、macro-p\r\f是85.9375、0.6988771878265413、0.6859940882918824、0.6795086783971546
2023-12-06 19:25:44,491 - INFO - 这一轮训练集的准确率、p、r、f1是84.6875、0.6639092907238242、0.6407324488270509、0.6343018122319608
2023-12-06 19:25:44,494 - INFO - 

以下是测试集


2023-12-06 19:25:44,975 - INFO - [2023-12-06 19:25:44] 当前轮数、批次数、总批次: [6][0/5]	
2023-12-06 19:25:44,975 - INFO - 本批次的训练损失是0.3166922926902771
2023-12-06 19:25:44,975 - INFO - 本批次的训练集准确率、macro-p\r\f是84.765625、0.7002068342900262、0.6154314504813597、0.6256503281642369
2023-12-06 19:25:45,405 - INFO - [2023-12-06 19:25:45] 当前轮数、批次数、总批次: [6][1/5]	
2023-12-06 19:25:45,406 - INFO - 本批次的训练损失是0.31403112411499023
2023-12-06 19:25:45,406 - INFO - 本批次的训练集准确率、macro-p\r\f是87.109375、0.765402443572935、0.7331183862433863、0.7226416861636205
2023-12-06 19:25:46,690 - INFO - [2023-12-06 19:25:46] 当前轮数、批次数、总批次: [6][2/5]	
2023-12-06 19:25:46,690 - INFO - 本批次的训练损失是0.3143714666366577
2023-12-06 19:25:46,691 - INFO - 本批次的训练集准确率、macro-p\r\f是91.40625、0.7675360828521081、0.7166686708353374、0.7321020232164511
2023-12-06 19:25:47,550 - INFO - [2023-12-06 19:25:47] 当前轮数、批次数、总批次: [6][3/5]	
2023-12-06 19:25:47,551 - INFO - 本批次的训练损失是0.3133833110332489
2023-12-06 19:25:47,551 - INFO - 本批次的训练集准确率、macro-p\r\f是89.84375、0.8754035378388365、0.7820196007696008、0.8029262777771826
2023-12-06 19:25:49,393 - INFO - [2023-12-06 19:25:49] 当前轮数、批次数、总批次: [6][4/5]	
2023-12-06 19:25:49,393 - INFO - 本批次的训练损失是0.31354013085365295
2023-12-06 19:25:49,393 - INFO - 本批次的训练集准确率、macro-p\r\f是87.890625、0.7137868249654935、0.7135938303629733、0.6898397015826369
2023-12-06 19:25:49,394 - INFO - 这一轮训练集的准确率、p、r、f1是88.203125、0.7644671447038798、0.7121663877385316、0.7146320033808257
2023-12-06 19:25:49,402 - INFO - 

以下是测试集


2023-12-06 19:25:49,851 - INFO - [2023-12-06 19:25:49] 当前轮数、批次数、总批次: [7][0/5]	
2023-12-06 19:25:49,852 - INFO - 本批次的训练损失是0.31486406922340393
2023-12-06 19:25:49,852 - INFO - 本批次的训练集准确率、macro-p\r\f是88.671875、0.6966637848627979、0.6620056787082649、0.6659600740769266
2023-12-06 19:25:50,579 - INFO - [2023-12-06 19:25:50] 当前轮数、批次数、总批次: [7][1/5]	
2023-12-06 19:25:50,579 - INFO - 本批次的训练损失是0.31215181946754456
2023-12-06 19:25:50,579 - INFO - 本批次的训练集准确率、macro-p\r\f是90.625、0.8627488968343748、0.792906746031746、0.7986693706842326
2023-12-06 19:25:51,910 - INFO - [2023-12-06 19:25:51] 当前轮数、批次数、总批次: [7][2/5]	
2023-12-06 19:25:51,911 - INFO - 本批次的训练损失是0.3124222755432129
2023-12-06 19:25:51,911 - INFO - 本批次的训练集准确率、macro-p\r\f是91.015625、0.8408880171763666、0.7832905581260845、0.7933819215713382
2023-12-06 19:25:52,254 - INFO - [2023-12-06 19:25:52] 当前轮数、批次数、总批次: [7][3/5]	
2023-12-06 19:25:52,254 - INFO - 本批次的训练损失是0.3133922517299652
2023-12-06 19:25:52,254 - INFO - 本批次的训练集准确率、macro-p\r\f是91.796875、0.7542494308254006、0.7528246498074084、0.743862117051016
2023-12-06 19:25:52,891 - INFO - [2023-12-06 19:25:52] 当前轮数、批次数、总批次: [7][4/5]	
2023-12-06 19:25:52,891 - INFO - 本批次的训练损失是0.3129503130912781
2023-12-06 19:25:52,891 - INFO - 本批次的训练集准确率、macro-p\r\f是89.453125、0.8552334178613378、0.7914694979350152、0.8012013131693493
2023-12-06 19:25:52,892 - INFO - 这一轮训练集的准确率、p、r、f1是90.3125、0.8019567095120554、0.7564994261217038、0.7606149593105727
2023-12-06 19:25:52,899 - INFO - 

以下是测试集


2023-12-06 19:25:53,224 - INFO - [2023-12-06 19:25:53] 当前轮数、批次数、总批次: [8][0/5]	
2023-12-06 19:25:53,224 - INFO - 本批次的训练损失是0.31189316511154175
2023-12-06 19:25:53,225 - INFO - 本批次的训练集准确率、macro-p\r\f是93.75、0.8812300760402196、0.7989983974358974、0.8255725428332606
2023-12-06 19:25:53,697 - INFO - [2023-12-06 19:25:53] 当前轮数、批次数、总批次: [8][1/5]	
2023-12-06 19:25:53,697 - INFO - 本批次的训练损失是0.3118051290512085
2023-12-06 19:25:53,697 - INFO - 本批次的训练集准确率、macro-p\r\f是94.53125、0.8703455687830689、0.8242080596606458、0.8396002063683949
2023-12-06 19:25:54,275 - INFO - [2023-12-06 19:25:54] 当前轮数、批次数、总批次: [8][2/5]	
2023-12-06 19:25:54,275 - INFO - 本批次的训练损失是0.3125193119049072
2023-12-06 19:25:54,275 - INFO - 本批次的训练集准确率、macro-p\r\f是94.53125、0.7808692148634677、0.8019708994708994、0.7865954569586335
2023-12-06 19:25:54,797 - INFO - [2023-12-06 19:25:54] 当前轮数、批次数、总批次: [8][3/5]	
2023-12-06 19:25:54,797 - INFO - 本批次的训练损失是0.3132074177265167
2023-12-06 19:25:54,797 - INFO - 本批次的训练集准确率、macro-p\r\f是91.40625、0.8625689464569753、0.8360285547785546、0.8364740221822875
2023-12-06 19:25:55,981 - INFO - [2023-12-06 19:25:55] 当前轮数、批次数、总批次: [8][4/5]	
2023-12-06 19:25:55,982 - INFO - 本批次的训练损失是0.31177353858947754
2023-12-06 19:25:55,982 - INFO - 本批次的训练集准确率、macro-p\r\f是93.359375、0.8881324248584379、0.8546819923903256、0.8611375009842248
2023-12-06 19:25:55,982 - INFO - 这一轮训练集的准确率、p、r、f1是93.515625、0.8566292462004339、0.8231775807472645、0.8298759458653603
2023-12-06 19:25:55,994 - INFO - 

以下是测试集


2023-12-06 19:25:56,468 - INFO - [2023-12-06 19:25:56] 当前轮数、批次数、总批次: [9][0/5]	
2023-12-06 19:25:56,469 - INFO - 本批次的训练损失是0.3112618625164032
2023-12-06 19:25:56,469 - INFO - 本批次的训练集准确率、macro-p\r\f是93.359375、0.9168691137669333、0.8860764334268393、0.8936829819647157
2023-12-06 19:25:56,967 - INFO - [2023-12-06 19:25:56] 当前轮数、批次数、总批次: [9][1/5]	
2023-12-06 19:25:56,967 - INFO - 本批次的训练损失是0.3138694763183594
2023-12-06 19:25:56,967 - INFO - 本批次的训练集准确率、macro-p\r\f是92.96875、0.8269718013468014、0.7762559200059199、0.7876668819822973
2023-12-06 19:25:58,223 - INFO - [2023-12-06 19:25:58] 当前轮数、批次数、总批次: [9][2/5]	
2023-12-06 19:25:58,224 - INFO - 本批次的训练损失是0.31104204058647156
2023-12-06 19:25:58,224 - INFO - 本批次的训练集准确率、macro-p\r\f是96.484375、0.9517433954933954、0.9402559319755328、0.9382120973908111
2023-12-06 19:27:12,007 - INFO - [2023-12-06 19:27:12] 当前轮数、批次数、总批次: [0][0/5]	
2023-12-06 19:27:12,007 - INFO - 本批次的训练损失是0.3381349444389343
2023-12-06 19:27:12,007 - INFO - 本批次的训练集准确率、macro-p\r\f是33.984375、0.3310262026048664、0.2873712344351017、0.21923530550823522
2023-12-06 19:27:12,234 - INFO - [2023-12-06 19:27:12] 当前轮数、批次数、总批次: [0][1/5]	
2023-12-06 19:27:12,234 - INFO - 本批次的训练损失是0.39264705777168274
2023-12-06 19:27:12,234 - INFO - 本批次的训练集准确率、macro-p\r\f是78.90625、0.32045950940860213、0.3601190476190476、0.31940527876195546
2023-12-06 19:27:12,690 - INFO - [2023-12-06 19:27:12] 当前轮数、批次数、总批次: [0][2/5]	
2023-12-06 19:27:12,691 - INFO - 本批次的训练损失是0.4202691316604614
2023-12-06 19:27:12,691 - INFO - 本批次的训练集准确率、macro-p\r\f是13.28125、0.07019262566137566、0.38935185185185184、0.1000605323629414
2023-12-06 19:27:13,103 - INFO - [2023-12-06 19:27:13] 当前轮数、批次数、总批次: [0][3/5]	
2023-12-06 19:27:13,103 - INFO - 本批次的训练损失是0.352570503950119
2023-12-06 19:27:13,103 - INFO - 本批次的训练集准确率、macro-p\r\f是62.109375、0.3613711846728151、0.4077845765345765、0.3767049639948922
2023-12-06 19:27:13,587 - INFO - [2023-12-06 19:27:13] 当前轮数、批次数、总批次: [0][4/5]	
2023-12-06 19:27:13,587 - INFO - 本批次的训练损失是0.39066100120544434
2023-12-06 19:27:13,587 - INFO - 本批次的训练集准确率、macro-p\r\f是50.78125、0.2426008597883598、0.31577365163572063、0.23726806404946127
2023-12-06 19:27:13,588 - INFO - 这一轮训练集的准确率、p、r、f1是47.8125、0.2651300764272038、0.3520800724152596、0.2505348289354971
2023-12-06 19:27:13,591 - INFO - 

以下是测试集


2023-12-06 19:27:13,828 - INFO - [2023-12-06 19:27:13] 当前轮数、批次数、总批次: [1][0/5]	
2023-12-06 19:27:13,828 - INFO - 本批次的训练损失是0.3831002414226532
2023-12-06 19:27:13,828 - INFO - 本批次的训练集准确率、macro-p\r\f是62.890625、0.30416666666666664、0.38958333333333334、0.28210548557074866
2023-12-06 19:27:14,282 - INFO - [2023-12-06 19:27:14] 当前轮数、批次数、总批次: [1][1/5]	
2023-12-06 19:27:14,283 - INFO - 本批次的训练损失是0.3638402819633484
2023-12-06 19:27:14,283 - INFO - 本批次的训练集准确率、macro-p\r\f是51.171875、0.31057870370370366、0.3951699805339266、0.27966749431214233
2023-12-06 19:27:15,316 - INFO - [2023-12-06 19:27:15] 当前轮数、批次数、总批次: [1][2/5]	
2023-12-06 19:27:15,316 - INFO - 本批次的训练损失是0.35078200697898865
2023-12-06 19:27:15,317 - INFO - 本批次的训练集准确率、macro-p\r\f是57.03125、0.33606364600437877、0.39183187239067385、0.29359837120607496
2023-12-06 19:27:15,689 - INFO - [2023-12-06 19:27:15] 当前轮数、批次数、总批次: [1][3/5]	
2023-12-06 19:27:15,689 - INFO - 本批次的训练损失是0.33010998368263245
2023-12-06 19:27:15,689 - INFO - 本批次的训练集准确率、macro-p\r\f是71.484375、0.44451871001017157、0.43840308996558996、0.4091726165730338
2023-12-06 19:27:16,224 - INFO - [2023-12-06 19:27:16] 当前轮数、批次数、总批次: [1][4/5]	
2023-12-06 19:27:16,224 - INFO - 本批次的训练损失是0.33315253257751465
2023-12-06 19:27:16,225 - INFO - 本批次的训练集准确率、macro-p\r\f是66.015625、0.35280481480226494、0.3889580327080327、0.329085382805896
2023-12-06 19:27:16,225 - INFO - 这一轮训练集的准确率、p、r、f1是61.71875、0.34962650823743713、0.4007892617863113、0.3187258700935791
2023-12-06 19:27:16,228 - INFO - 

以下是测试集


2023-12-06 19:27:16,656 - INFO - [2023-12-06 19:27:16] 当前轮数、批次数、总批次: [2][0/5]	
2023-12-06 19:27:16,656 - INFO - 本批次的训练损失是0.3298446834087372
2023-12-06 19:27:16,656 - INFO - 本批次的训练集准确率、macro-p\r\f是72.65625、0.400390625、0.4277467899822019、0.3619320961781817
2023-12-06 19:27:16,883 - INFO - [2023-12-06 19:27:16] 当前轮数、批次数、总批次: [2][1/5]	
2023-12-06 19:27:16,884 - INFO - 本批次的训练损失是0.3321571350097656
2023-12-06 19:27:16,884 - INFO - 本批次的训练集准确率、macro-p\r\f是62.5、0.35775328668919776、0.362063439434129、0.33582619829155047
2023-12-06 19:27:17,358 - INFO - [2023-12-06 19:27:17] 当前轮数、批次数、总批次: [2][2/5]	
2023-12-06 19:27:17,358 - INFO - 本批次的训练损失是0.32368984818458557
2023-12-06 19:27:17,358 - INFO - 本批次的训练集准确率、macro-p\r\f是67.578125、0.5331184572522888、0.524030406322073、0.4551018121741806
2023-12-06 19:27:18,516 - INFO - [2023-12-06 19:27:18] 当前轮数、批次数、总批次: [2][3/5]	
2023-12-06 19:27:18,516 - INFO - 本批次的训练损失是0.3228410482406616
2023-12-06 19:27:18,516 - INFO - 本批次的训练集准确率、macro-p\r\f是71.875、0.40116116522366524、0.4359601007381664、0.40357431196877125
2023-12-06 19:27:19,344 - INFO - [2023-12-06 19:27:19] 当前轮数、批次数、总批次: [2][4/5]	
2023-12-06 19:27:19,344 - INFO - 本批次的训练损失是0.32241761684417725
2023-12-06 19:27:19,344 - INFO - 本批次的训练集准确率、macro-p\r\f是72.265625、0.4638066386223455、0.4417927379134276、0.4390658369208629
2023-12-06 19:27:19,345 - INFO - 这一轮训练集的准确率、p、r、f1是69.375、0.43124603455749944、0.43831869487799957、0.39910005110670943
2023-12-06 19:27:19,348 - INFO - 

以下是测试集


2023-12-06 19:27:19,847 - INFO - [2023-12-06 19:27:19] 当前轮数、批次数、总批次: [3][0/5]	
2023-12-06 19:27:19,848 - INFO - 本批次的训练损失是0.32163235545158386
2023-12-06 19:27:19,848 - INFO - 本批次的训练集准确率、macro-p\r\f是77.34375、0.5436116272975361、0.5691151301603888、0.5365043016946144
2023-12-06 19:27:20,291 - INFO - [2023-12-06 19:27:20] 当前轮数、批次数、总批次: [3][1/5]	
2023-12-06 19:27:20,292 - INFO - 本批次的训练损失是0.31996944546699524
2023-12-06 19:27:20,292 - INFO - 本批次的训练集准确率、macro-p\r\f是76.953125、0.4745259903530378、0.4918460012210012、0.4588228163074613
2023-12-06 19:27:20,791 - INFO - [2023-12-06 19:27:20] 当前轮数、批次数、总批次: [3][2/5]	
2023-12-06 19:27:20,791 - INFO - 本批次的训练损失是0.3228399455547333
2023-12-06 19:27:20,791 - INFO - 本批次的训练集准确率、macro-p\r\f是76.953125、0.33659006930066715、0.37575757575757573、0.3457856846122592
2023-12-06 19:27:21,440 - INFO - [2023-12-06 19:27:21] 当前轮数、批次数、总批次: [3][3/5]	
2023-12-06 19:27:21,441 - INFO - 本批次的训练损失是0.3204868733882904
2023-12-06 19:27:21,441 - INFO - 本批次的训练集准确率、macro-p\r\f是76.171875、0.40030121008204295、0.4179200435687112、0.39485069052090505
2023-12-06 19:27:22,395 - INFO - [2023-12-06 19:27:22] 当前轮数、批次数、总批次: [3][4/5]	
2023-12-06 19:27:22,395 - INFO - 本批次的训练损失是0.32112905383110046
2023-12-06 19:27:22,395 - INFO - 本批次的训练集准确率、macro-p\r\f是71.484375、0.4252661770353302、0.4207596801346802、0.4071469831069402
2023-12-06 19:27:22,396 - INFO - 这一轮训练集的准确率、p、r、f1是75.78125、0.43605901481372283、0.4550796861684714、0.42862209524843603
2023-12-06 19:27:22,403 - INFO - 

以下是测试集


2023-12-06 19:27:22,810 - INFO - [2023-12-06 19:27:22] 当前轮数、批次数、总批次: [4][0/5]	
2023-12-06 19:27:22,811 - INFO - 本批次的训练损失是0.3181654214859009
2023-12-06 19:27:22,811 - INFO - 本批次的训练集准确率、macro-p\r\f是78.515625、0.6415812526809018、0.6243539422038408、0.6142681600783219
2023-12-06 19:27:23,366 - INFO - [2023-12-06 19:27:23] 当前轮数、批次数、总批次: [4][1/5]	
2023-12-06 19:27:23,366 - INFO - 本批次的训练损失是0.3180535137653351
2023-12-06 19:27:23,366 - INFO - 本批次的训练集准确率、macro-p\r\f是73.828125、0.4676775313620072、0.4446756862970631、0.3984310911856393
2023-12-06 19:27:24,467 - INFO - [2023-12-06 19:27:24] 当前轮数、批次数、总批次: [4][2/5]	
2023-12-06 19:27:24,468 - INFO - 本批次的训练损失是0.3203432857990265
2023-12-06 19:27:24,468 - INFO - 本批次的训练集准确率、macro-p\r\f是74.21875、0.4736380082860181、0.44086489898989895、0.41336455490928725
2023-12-06 19:27:24,962 - INFO - [2023-12-06 19:27:24] 当前轮数、批次数、总批次: [4][3/5]	
2023-12-06 19:27:24,962 - INFO - 本批次的训练损失是0.31861525774002075
2023-12-06 19:27:24,962 - INFO - 本批次的训练集准确率、macro-p\r\f是77.734375、0.616405005475906、0.5337428774928775、0.5050191626218821
2023-12-06 19:27:25,455 - INFO - [2023-12-06 19:27:25] 当前轮数、批次数、总批次: [4][4/5]	
2023-12-06 19:27:25,455 - INFO - 本批次的训练损失是0.3180806338787079
2023-12-06 19:27:25,455 - INFO - 本批次的训练集准确率、macro-p\r\f是84.765625、0.5497209821428571、0.5629477004477005、0.5455426457513399
2023-12-06 19:27:25,456 - INFO - 这一轮训练集的准确率、p、r、f1是77.8125、0.549804555989538、0.5213170210862762、0.49532512290929404
2023-12-06 19:27:25,460 - INFO - 

以下是测试集


2023-12-06 19:27:26,449 - INFO - [2023-12-06 19:27:26] 当前轮数、批次数、总批次: [5][0/5]	
2023-12-06 19:27:26,450 - INFO - 本批次的训练损失是0.318399578332901
2023-12-06 19:27:26,450 - INFO - 本批次的训练集准确率、macro-p\r\f是79.296875、0.5172659626875159、0.4941377336114179、0.4813213480409487
2023-12-06 19:27:26,899 - INFO - [2023-12-06 19:27:26] 当前轮数、批次数、总批次: [5][1/5]	
2023-12-06 19:27:26,899 - INFO - 本批次的训练损失是0.3156755566596985
2023-12-06 19:27:26,900 - INFO - 本批次的训练集准确率、macro-p\r\f是84.765625、0.6731296107246085、0.6709298444212237、0.6485740882159015
2023-12-06 19:27:27,393 - INFO - [2023-12-06 19:27:27] 当前轮数、批次数、总批次: [5][2/5]	
2023-12-06 19:27:27,393 - INFO - 本批次的训练损失是0.3143223524093628
2023-12-06 19:27:27,393 - INFO - 本批次的训练集准确率、macro-p\r\f是90.234375、0.6520600847866027、0.6359949052084602、0.634482981593992
2023-12-06 19:27:27,838 - INFO - [2023-12-06 19:27:27] 当前轮数、批次数、总批次: [5][3/5]	
2023-12-06 19:27:27,838 - INFO - 本批次的训练损失是0.31792116165161133
2023-12-06 19:27:27,838 - INFO - 本批次的训练集准确率、macro-p\r\f是80.46875、0.5774839520763811、0.5081842328818136、0.5073051740367893
2023-12-06 19:27:28,492 - INFO - [2023-12-06 19:27:28] 当前轮数、批次数、总批次: [5][4/5]	
2023-12-06 19:27:28,493 - INFO - 本批次的训练损失是0.3179928958415985
2023-12-06 19:27:28,493 - INFO - 本批次的训练集准确率、macro-p\r\f是80.078125、0.6549559415986751、0.5301635932150638、0.5261564634608272
2023-12-06 19:27:28,493 - INFO - 这一轮训练集的准确率、p、r、f1是82.96875、0.6149791103747567、0.5678820618675959、0.5595680110696918
2023-12-06 19:27:28,495 - INFO - 

以下是测试集


2023-12-06 19:27:29,035 - INFO - [2023-12-06 19:27:29] 当前轮数、批次数、总批次: [6][0/5]	
2023-12-06 19:27:29,035 - INFO - 本批次的训练损失是0.3156432509422302
2023-12-06 19:27:29,035 - INFO - 本批次的训练集准确率、macro-p\r\f是88.28125、0.8277820345095388、0.7435261497761498、0.7479882777161712
2023-12-06 19:27:29,579 - INFO - [2023-12-06 19:27:29] 当前轮数、批次数、总批次: [6][1/5]	
2023-12-06 19:27:29,579 - INFO - 本批次的训练损失是0.3142238259315491
2023-12-06 19:27:29,579 - INFO - 本批次的训练集准确率、macro-p\r\f是84.375、0.6805534174876847、0.6765828126122244、0.6429037280395514
2023-12-06 19:27:30,122 - INFO - [2023-12-06 19:27:30] 当前轮数、批次数、总批次: [6][2/5]	
2023-12-06 19:27:30,122 - INFO - 本批次的训练损失是0.3157414197921753
2023-12-06 19:27:30,122 - INFO - 本批次的训练集准确率、macro-p\r\f是86.71875、0.7039480963563278、0.6248320017341755、0.632294285588736
2023-12-06 19:27:31,334 - INFO - [2023-12-06 19:27:31] 当前轮数、批次数、总批次: [6][3/5]	
2023-12-06 19:27:31,334 - INFO - 本批次的训练损失是0.31628891825675964
2023-12-06 19:27:31,334 - INFO - 本批次的训练集准确率、macro-p\r\f是79.296875、0.5561559270135248、0.5506022534367738、0.5384105926990658
2023-12-06 19:27:31,839 - INFO - [2023-12-06 19:27:31] 当前轮数、批次数、总批次: [6][4/5]	
2023-12-06 19:27:31,839 - INFO - 本批次的训练损失是0.31384652853012085
2023-12-06 19:27:31,840 - INFO - 本批次的训练集准确率、macro-p\r\f是88.671875、0.8036265065658104、0.7443589396714396、0.7466037789699577
2023-12-06 19:27:31,840 - INFO - 这一轮训练集的准确率、p、r、f1是85.46875、0.7144131963865773、0.6679804314461527、0.6616401326026964
2023-12-06 19:27:31,846 - INFO - 

以下是测试集


2023-12-06 19:27:32,510 - INFO - [2023-12-06 19:27:32] 当前轮数、批次数、总批次: [7][0/5]	
2023-12-06 19:27:32,510 - INFO - 本批次的训练损失是0.31563758850097656
2023-12-06 19:27:32,510 - INFO - 本批次的训练集准确率、macro-p\r\f是85.15625、0.6806591710589823、0.580661065987153、0.5989968418054924
2023-12-06 19:27:33,039 - INFO - [2023-12-06 19:27:33] 当前轮数、批次数、总批次: [7][1/5]	
2023-12-06 19:27:33,040 - INFO - 本批次的训练损失是0.3136467933654785
2023-12-06 19:27:33,040 - INFO - 本批次的训练集准确率、macro-p\r\f是88.28125、0.8522724181620351、0.7910581112786995、0.7959467387593488
2023-12-06 19:27:33,270 - INFO - [2023-12-06 19:27:33] 当前轮数、批次数、总批次: [7][2/5]	
2023-12-06 19:27:33,270 - INFO - 本批次的训练损失是0.31428876519203186
2023-12-06 19:27:33,271 - INFO - 本批次的训练集准确率、macro-p\r\f是89.0625、0.662946945064068、0.6343746330563858、0.6365831324962749
2023-12-06 19:27:33,693 - INFO - [2023-12-06 19:27:33] 当前轮数、批次数、总批次: [7][3/5]	
2023-12-06 19:27:33,693 - INFO - 本批次的训练损失是0.3134932518005371
2023-12-06 19:27:33,693 - INFO - 本批次的训练集准确率、macro-p\r\f是91.40625、0.8481366782388735、0.8061387981118373、0.8130137180256976
2023-12-06 19:27:34,749 - INFO - [2023-12-06 19:27:34] 当前轮数、批次数、总批次: [7][4/5]	
2023-12-06 19:27:34,749 - INFO - 本批次的训练损失是0.3152690827846527
2023-12-06 19:27:34,749 - INFO - 本批次的训练集准确率、macro-p\r\f是86.328125、0.8672919103784553、0.7939517070268969、0.8047101183130595
2023-12-06 19:27:34,750 - INFO - 这一轮训练集的准确率、p、r、f1是88.046875、0.782261424580483、0.7212368630921945、0.7298501098799747
2023-12-06 19:27:34,760 - INFO - 

以下是测试集


2023-12-06 19:27:35,262 - INFO - [2023-12-06 19:27:35] 当前轮数、批次数、总批次: [8][0/5]	
2023-12-06 19:27:35,262 - INFO - 本批次的训练损失是0.3133816719055176
2023-12-06 19:27:35,262 - INFO - 本批次的训练集准确率、macro-p\r\f是89.453125、0.8370501004371973、0.7425084175084175、0.7521005875755808
2023-12-06 19:27:36,459 - INFO - [2023-12-06 19:27:36] 当前轮数、批次数、总批次: [8][1/5]	
2023-12-06 19:27:36,460 - INFO - 本批次的训练损失是0.313595175743103
2023-12-06 19:27:36,460 - INFO - 本批次的训练集准确率、macro-p\r\f是87.5、0.7451706242532855、0.7028604497354497、0.6977982361206045
2023-12-06 19:27:36,750 - INFO - [2023-12-06 19:27:36] 当前轮数、批次数、总批次: [8][2/5]	
2023-12-06 19:27:36,751 - INFO - 本批次的训练损失是0.31348323822021484
2023-12-06 19:27:36,751 - INFO - 本批次的训练集准确率、macro-p\r\f是93.359375、0.9561103007033533、0.8824765512265511、0.9017554273817283
2023-12-06 19:27:37,225 - INFO - [2023-12-06 19:27:37] 当前轮数、批次数、总批次: [8][3/5]	
2023-12-06 19:27:37,225 - INFO - 本批次的训练损失是0.31335514783859253
2023-12-06 19:27:37,225 - INFO - 本批次的训练集准确率、macro-p\r\f是93.359375、0.801942948539688、0.7163194444444444、0.7376348535789743
2023-12-06 19:27:37,710 - INFO - [2023-12-06 19:27:37] 当前轮数、批次数、总批次: [8][4/5]	
2023-12-06 19:27:37,710 - INFO - 本批次的训练损失是0.31459808349609375
2023-12-06 19:27:37,710 - INFO - 本批次的训练集准确率、macro-p\r\f是86.71875、0.6724854208851184、0.598024867852454、0.6145963614791761
2023-12-06 19:27:37,711 - INFO - 这一轮训练集的准确率、p、r、f1是90.078125、0.8025518789637285、0.7284379461534634、0.7407770932272127
2023-12-06 19:27:37,714 - INFO - 

以下是测试集


2023-12-06 19:27:39,028 - INFO - [2023-12-06 19:27:39] 当前轮数、批次数、总批次: [9][0/5]	
2023-12-06 19:27:39,028 - INFO - 本批次的训练损失是0.312894344329834
2023-12-06 19:27:39,028 - INFO - 本批次的训练集准确率、macro-p\r\f是94.53125、0.8268163899331662、0.7925978535353535、0.8034946872504094
2023-12-06 19:27:39,656 - INFO - [2023-12-06 19:27:39] 当前轮数、批次数、总批次: [9][1/5]	
2023-12-06 19:27:39,656 - INFO - 本批次的训练损失是0.31193476915359497
2023-12-06 19:27:39,656 - INFO - 本批次的训练集准确率、macro-p\r\f是94.53125、0.906766316302162、0.8246527777777778、0.8442953642049176
2023-12-06 19:27:40,156 - INFO - [2023-12-06 19:27:40] 当前轮数、批次数、总批次: [9][2/5]	
2023-12-06 19:27:40,157 - INFO - 本批次的训练损失是0.31382715702056885
2023-12-06 19:27:40,157 - INFO - 本批次的训练集准确率、macro-p\r\f是88.671875、0.7902771959223573、0.6872610028860029、0.7141122412982674
2023-12-06 19:27:40,747 - INFO - [2023-12-06 19:27:40] 当前轮数、批次数、总批次: [9][3/5]	
2023-12-06 19:27:40,748 - INFO - 本批次的训练损失是0.3118632137775421
2023-12-06 19:27:40,748 - INFO - 本批次的训练集准确率、macro-p\r\f是93.359375、0.9282942869911609、0.8620539775364335、0.8820300232590378
2023-12-06 19:27:41,801 - INFO - [2023-12-06 19:27:41] 当前轮数、批次数、总批次: [9][4/5]	
2023-12-06 19:27:41,802 - INFO - 本批次的训练损失是0.3121581971645355
2023-12-06 19:27:41,802 - INFO - 本批次的训练集准确率、macro-p\r\f是91.015625、0.774350912639618、0.7329315621654331、0.7311909496034945
2023-12-06 19:27:41,802 - INFO - 这一轮训练集的准确率、p、r、f1是92.421875、0.845301020357693、0.7798994347802002、0.7950246531232253
2023-12-06 19:27:41,804 - INFO - 

以下是测试集


2023-12-06 19:27:43,248 - INFO - [2023-12-06 19:27:43] 当前轮数、批次数、总批次: [10][0/5]	
2023-12-06 19:27:43,248 - INFO - 本批次的训练损失是0.31251367926597595
2023-12-06 19:27:43,248 - INFO - 本批次的训练集准确率、macro-p\r\f是91.40625、0.7981018181845388、0.7823698152579202、0.7578653794254764
2023-12-06 19:27:43,714 - INFO - [2023-12-06 19:27:43] 当前轮数、批次数、总批次: [10][1/5]	
2023-12-06 19:27:43,715 - INFO - 本批次的训练损失是0.3127671182155609
2023-12-06 19:27:43,715 - INFO - 本批次的训练集准确率、macro-p\r\f是93.75、0.8742550675974589、0.8886619785345422、0.8722582788304958
2023-12-06 19:27:44,154 - INFO - [2023-12-06 19:27:44] 当前轮数、批次数、总批次: [10][2/5]	
2023-12-06 19:27:44,155 - INFO - 本批次的训练损失是0.31135427951812744
2023-12-06 19:27:44,155 - INFO - 本批次的训练集准确率、macro-p\r\f是95.703125、0.9670275289633057、0.8967261904761906、0.91595404696576
2023-12-06 19:27:44,727 - INFO - [2023-12-06 19:27:44] 当前轮数、批次数、总批次: [10][3/5]	
2023-12-06 19:27:44,727 - INFO - 本批次的训练损失是0.31144726276397705
2023-12-06 19:27:44,728 - INFO - 本批次的训练集准确率、macro-p\r\f是94.140625、0.9654380341880342、0.8859012515262515、0.906278582126767
2023-12-06 19:27:45,282 - INFO - [2023-12-06 19:27:45] 当前轮数、批次数、总批次: [10][4/5]	
2023-12-06 19:27:45,282 - INFO - 本批次的训练损失是0.311294823884964
2023-12-06 19:27:45,282 - INFO - 本批次的训练集准确率、macro-p\r\f是94.921875、0.9653941488618909、0.8906411248710011、0.9082202377540493
2023-12-06 19:27:45,283 - INFO - 这一轮训练集的准确率、p、r、f1是93.984375、0.9140433195590456、0.8688600721331811、0.8721153050205097
2023-12-06 19:27:45,301 - INFO - 

以下是测试集


2023-12-06 19:27:45,855 - INFO - [2023-12-06 19:27:45] 当前轮数、批次数、总批次: [11][0/5]	
2023-12-06 19:27:45,855 - INFO - 本批次的训练损失是0.3115848898887634
2023-12-06 19:27:45,855 - INFO - 本批次的训练集准确率、macro-p\r\f是95.703125、0.8478847808715964、0.8147516835016835、0.8251703198724291
2023-12-06 19:27:46,979 - INFO - [2023-12-06 19:27:46] 当前轮数、批次数、总批次: [11][1/5]	
2023-12-06 19:27:46,979 - INFO - 本批次的训练损失是0.31147024035453796
2023-12-06 19:27:46,979 - INFO - 本批次的训练集准确率、macro-p\r\f是94.921875、0.9458776250972257、0.9343750000000001、0.9263144121946747
2023-12-06 19:27:47,810 - INFO - [2023-12-06 19:27:47] 当前轮数、批次数、总批次: [11][2/5]	
2023-12-06 19:27:47,810 - INFO - 本批次的训练损失是0.31139543652534485
2023-12-06 19:27:47,810 - INFO - 本批次的训练集准确率、macro-p\r\f是95.3125、0.8860725481415137、0.8974493276331512、0.881120607643171
2023-12-06 19:27:48,430 - INFO - [2023-12-06 19:27:48] 当前轮数、批次数、总批次: [11][3/5]	
2023-12-06 19:27:48,430 - INFO - 本批次的训练损失是0.3113969564437866
2023-12-06 19:27:48,431 - INFO - 本批次的训练集准确率、macro-p\r\f是96.875、0.9341233010097107、0.9108687245942149、0.9178052682660136
2023-12-06 19:27:48,962 - INFO - [2023-12-06 19:27:48] 当前轮数、批次数、总批次: [11][4/5]	
2023-12-06 19:27:48,962 - INFO - 本批次的训练损失是0.3112013638019562
2023-12-06 19:27:48,962 - INFO - 本批次的训练集准确率、macro-p\r\f是96.484375、0.9760075740632841、0.8940806878306878、0.9202685857902378
2023-12-06 19:27:48,962 - INFO - 这一轮训练集的准确率、p、r、f1是95.859375、0.9179931658366661、0.8903050847119475、0.8941358387533052
2023-12-06 19:27:48,965 - INFO - 

以下是测试集


2023-12-06 19:27:50,163 - INFO - [2023-12-06 19:27:50] 当前轮数、批次数、总批次: [12][0/5]	
2023-12-06 19:27:50,163 - INFO - 本批次的训练损失是0.3113304376602173
2023-12-06 19:27:50,163 - INFO - 本批次的训练集准确率、macro-p\r\f是94.140625、0.9189130258182678、0.8519815162907268、0.8680460170714408
2023-12-06 19:27:50,584 - INFO - [2023-12-06 19:27:50] 当前轮数、批次数、总批次: [12][1/5]	
2023-12-06 19:27:50,584 - INFO - 本批次的训练损失是0.3117907643318176
2023-12-06 19:27:50,584 - INFO - 本批次的训练集准确率、macro-p\r\f是94.53125、0.8268767431541583、0.7886205109283857、0.79979660343349
2023-12-06 19:27:51,112 - INFO - [2023-12-06 19:27:51] 当前轮数、批次数、总批次: [12][2/5]	
2023-12-06 19:27:51,112 - INFO - 本批次的训练损失是0.31057488918304443
2023-12-06 19:27:51,113 - INFO - 本批次的训练集准确率、macro-p\r\f是99.21875、0.9972222222222222、0.9722222222222222、0.9777298850574713
2023-12-06 19:27:51,623 - INFO - [2023-12-06 19:27:51] 当前轮数、批次数、总批次: [12][3/5]	
2023-12-06 19:27:51,623 - INFO - 本批次的训练损失是0.3108689785003662
2023-12-06 19:27:51,624 - INFO - 本批次的训练集准确率、macro-p\r\f是96.875、0.9743398962148963、0.9617266414141414、0.964820776777819
2023-12-06 19:27:52,083 - INFO - [2023-12-06 19:27:52] 当前轮数、批次数、总批次: [12][4/5]	
2023-12-06 19:27:52,083 - INFO - 本批次的训练损失是0.3108062744140625
2023-12-06 19:27:52,083 - INFO - 本批次的训练集准确率、macro-p\r\f是97.265625、0.9442190669371197、0.9288461538461539、0.9325126262626262
2023-12-06 19:27:52,084 - INFO - 这一轮训练集的准确率、p、r、f1是96.40625、0.9323141908693329、0.9006794089403259、0.9085811817205693
2023-12-06 19:27:52,086 - INFO - 

以下是测试集


2023-12-06 19:27:53,218 - INFO - [2023-12-06 19:27:53] 当前轮数、批次数、总批次: [13][0/5]	
2023-12-06 19:27:53,218 - INFO - 本批次的训练损失是0.31047385931015015
2023-12-06 19:27:53,218 - INFO - 本批次的训练集准确率、macro-p\r\f是97.65625、0.9371843434343435、0.929261982570806、0.9315163398307682
2023-12-06 19:27:53,800 - INFO - [2023-12-06 19:27:53] 当前轮数、批次数、总批次: [13][1/5]	
2023-12-06 19:27:53,800 - INFO - 本批次的训练损失是0.31052231788635254
2023-12-06 19:27:53,800 - INFO - 本批次的训练集准确率、macro-p\r\f是99.609375、0.9976851851851851、0.9895833333333334、0.9931389365351629
2023-12-06 19:27:54,420 - INFO - [2023-12-06 19:27:54] 当前轮数、批次数、总批次: [13][2/5]	
2023-12-06 19:27:54,421 - INFO - 本批次的训练损失是0.3109506368637085
2023-12-06 19:27:54,421 - INFO - 本批次的训练集准确率、macro-p\r\f是95.703125、0.9685780822300429、0.9203317901234568、0.934275349863013
2023-12-06 19:27:54,735 - INFO - [2023-12-06 19:27:54] 当前轮数、批次数、总批次: [13][3/5]	
2023-12-06 19:27:54,735 - INFO - 本批次的训练损失是0.3106763958930969
2023-12-06 19:27:54,736 - INFO - 本批次的训练集准确率、macro-p\r\f是96.875、0.9364803436308812、0.8917658730158731、0.905830324575739
2023-12-06 19:27:55,258 - INFO - [2023-12-06 19:27:55] 当前轮数、批次数、总批次: [13][4/5]	
2023-12-06 19:27:55,258 - INFO - 本批次的训练损失是0.3114762306213379
2023-12-06 19:27:55,258 - INFO - 本批次的训练集准确率、macro-p\r\f是98.046875、0.9469015745057412、0.9162698412698413、0.9269214455820487
2023-12-06 19:27:55,259 - INFO - 这一轮训练集的准确率、p、r、f1是97.578125、0.9573659057972388、0.929442564062662、0.9383364792773463
2023-12-06 19:27:55,266 - INFO - 

以下是测试集


2023-12-06 19:27:56,518 - INFO - [2023-12-06 19:27:56] 当前轮数、批次数、总批次: [14][0/5]	
2023-12-06 19:27:56,518 - INFO - 本批次的训练损失是0.3111221194267273
2023-12-06 19:27:56,518 - INFO - 本批次的训练集准确率、macro-p\r\f是97.265625、0.9420140450842205、0.9145833333333333、0.9231617759989015
2023-12-06 19:27:57,008 - INFO - [2023-12-06 19:27:57] 当前轮数、批次数、总批次: [14][1/5]	
2023-12-06 19:27:57,008 - INFO - 本批次的训练损失是0.3105739951133728
2023-12-06 19:27:57,008 - INFO - 本批次的训练集准确率、macro-p\r\f是99.21875、0.9930555555555556、0.9912698412698413、0.9915702113977976
2023-12-06 19:27:57,578 - INFO - [2023-12-06 19:27:57] 当前轮数、批次数、总批次: [14][2/5]	
2023-12-06 19:27:57,578 - INFO - 本批次的训练损失是0.3104185461997986
2023-12-06 19:27:57,578 - INFO - 本批次的训练集准确率、macro-p\r\f是98.828125、0.9939925044091711、0.9708333333333333、0.979769392033543
2023-12-06 19:27:58,401 - INFO - [2023-12-06 19:27:58] 当前轮数、批次数、总批次: [14][3/5]	
2023-12-06 19:27:58,401 - INFO - 本批次的训练损失是0.31045717000961304
2023-12-06 19:27:58,401 - INFO - 本批次的训练集准确率、macro-p\r\f是99.21875、0.9960529439696106、0.9827380952380953、0.9885510243445871
2023-12-06 19:27:59,028 - INFO - [2023-12-06 19:27:59] 当前轮数、批次数、总批次: [14][4/5]	
2023-12-06 19:27:59,029 - INFO - 本批次的训练损失是0.31065770983695984
2023-12-06 19:27:59,029 - INFO - 本批次的训练集准确率、macro-p\r\f是98.4375、0.9697420634920635、0.9897321428571428、0.977102967903754
2023-12-06 19:27:59,030 - INFO - 这一轮训练集的准确率、p、r、f1是98.59375、0.9789714225021243、0.9698313492063493、0.9720310743357167
2023-12-06 19:27:59,034 - INFO - 

以下是测试集


2023-12-06 19:27:59,762 - INFO - [2023-12-06 19:27:59] 当前轮数、批次数、总批次: [15][0/5]	
2023-12-06 19:27:59,762 - INFO - 本批次的训练损失是0.31018614768981934
2023-12-06 19:27:59,762 - INFO - 本批次的训练集准确率、macro-p\r\f是99.609375、0.9965277777777778、0.9972222222222222、0.996751624187906
2023-12-06 19:28:01,542 - INFO - [2023-12-06 19:28:01] 当前轮数、批次数、总批次: [15][1/5]	
2023-12-06 19:28:01,542 - INFO - 本批次的训练损失是0.3105582296848297
2023-12-06 19:28:01,542 - INFO - 本批次的训练集准确率、macro-p\r\f是97.265625、0.9787996007823594、0.9401737967914439、0.9523804555849047
2023-12-06 19:28:01,977 - INFO - [2023-12-06 19:28:01] 当前轮数、批次数、总批次: [15][2/5]	
2023-12-06 19:28:01,978 - INFO - 本批次的训练损失是0.3105672001838684
2023-12-06 19:28:01,978 - INFO - 本批次的训练集准确率、macro-p\r\f是98.828125、0.9918402777777777、0.968584656084656、0.9762117193469148
2023-12-06 19:28:02,490 - INFO - [2023-12-06 19:28:02] 当前轮数、批次数、总批次: [15][3/5]	
2023-12-06 19:28:02,490 - INFO - 本批次的训练损失是0.3110109567642212
2023-12-06 19:28:02,491 - INFO - 本批次的训练集准确率、macro-p\r\f是99.21875、0.953392094017094、0.9555555555555556、0.9543433602347762
2023-12-06 19:28:03,015 - INFO - [2023-12-06 19:28:03] 当前轮数、批次数、总批次: [15][4/5]	
2023-12-06 19:28:03,016 - INFO - 本批次的训练损失是0.3103356957435608
2023-12-06 19:28:03,016 - INFO - 本批次的训练集准确率、macro-p\r\f是98.828125、0.9915674603174603、0.9844141604010025、0.9869792507047409
2023-12-06 19:28:03,017 - INFO - 这一轮训练集的准确率、p、r、f1是98.75、0.9824254421344938、0.9691900782109761、0.9733332820118484
2023-12-06 19:28:03,022 - INFO - 

以下是测试集


2023-12-06 19:28:03,577 - INFO - [2023-12-06 19:28:03] 当前轮数、批次数、总批次: [16][0/5]	
2023-12-06 19:28:03,578 - INFO - 本批次的训练损失是0.31035712361335754
2023-12-06 19:28:03,578 - INFO - 本批次的训练集准确率、macro-p\r\f是99.21875、0.9927662037037037、0.99375、0.9929565577742439
2023-12-06 19:28:04,126 - INFO - [2023-12-06 19:28:04] 当前轮数、批次数、总批次: [16][1/5]	
2023-12-06 19:28:04,127 - INFO - 本批次的训练损失是0.3103888928890228
2023-12-06 19:28:04,127 - INFO - 本批次的训练集准确率、macro-p\r\f是100.0、1.0、1.0、1.0
2023-12-06 19:28:04,542 - INFO - [2023-12-06 19:28:04] 当前轮数、批次数、总批次: [16][2/5]	
2023-12-06 19:28:04,542 - INFO - 本批次的训练损失是0.3102976381778717
2023-12-06 19:28:04,542 - INFO - 本批次的训练集准确率、macro-p\r\f是99.609375、0.9985632183908046、0.9861111111111112、0.9909356725146199
2023-12-06 19:28:05,894 - INFO - [2023-12-06 19:28:05] 当前轮数、批次数、总批次: [16][3/5]	
2023-12-06 19:28:05,894 - INFO - 本批次的训练损失是0.3107128143310547
2023-12-06 19:28:05,894 - INFO - 本批次的训练集准确率、macro-p\r\f是99.609375、0.9565972222222222、0.9583333333333334、0.9574468085106382
2023-12-06 19:28:06,422 - INFO - [2023-12-06 19:28:06] 当前轮数、批次数、总批次: [16][4/5]	
2023-12-06 19:28:06,422 - INFO - 本批次的训练损失是0.31033700704574585
2023-12-06 19:28:06,422 - INFO - 本批次的训练集准确率、macro-p\r\f是99.21875、0.9954861111111111、0.9743589743589743、0.9813023323192815
2023-12-06 19:28:06,423 - INFO - 这一轮训练集的准确率、p、r、f1是99.53125、0.9886825510855684、0.9825106837606838、0.9845282742237567
2023-12-06 19:28:06,428 - INFO - 

以下是测试集


2023-12-06 19:28:06,938 - INFO - [2023-12-06 19:28:06] 当前轮数、批次数、总批次: [17][0/5]	
2023-12-06 19:28:06,938 - INFO - 本批次的训练损失是0.31033235788345337
2023-12-06 19:28:06,938 - INFO - 本批次的训练集准确率、macro-p\r\f是99.609375、0.9972222222222222、0.9965277777777778、0.996751624187906
2023-12-06 19:28:08,264 - INFO - [2023-12-06 19:28:08] 当前轮数、批次数、总批次: [17][1/5]	
2023-12-06 19:28:08,264 - INFO - 本批次的训练损失是0.31022799015045166
2023-12-06 19:28:08,264 - INFO - 本批次的训练集准确率、macro-p\r\f是99.609375、0.9984567901234568、0.9916666666666667、0.9945842068483578
2023-12-06 19:28:08,704 - INFO - [2023-12-06 19:28:08] 当前轮数、批次数、总批次: [17][2/5]	
2023-12-06 19:28:08,704 - INFO - 本批次的训练损失是0.31028467416763306
2023-12-06 19:28:08,704 - INFO - 本批次的训练集准确率、macro-p\r\f是99.609375、0.9972222222222222、0.9962121212121212、0.9965790914066777
2023-12-06 19:28:09,353 - INFO - [2023-12-06 19:28:09] 当前轮数、批次数、总批次: [17][3/5]	
2023-12-06 19:28:09,353 - INFO - 本批次的训练损失是0.3105153739452362
2023-12-06 19:28:09,353 - INFO - 本批次的训练集准确率、macro-p\r\f是99.609375、0.9564393939393939、0.9583333333333334、0.9573643410852714
2023-12-06 19:28:10,242 - INFO - [2023-12-06 19:28:10] 当前轮数、批次数、总批次: [17][4/5]	
2023-12-06 19:28:10,243 - INFO - 本批次的训练损失是0.3103024661540985
2023-12-06 19:28:10,243 - INFO - 本批次的训练集准确率、macro-p\r\f是98.4375、0.9897777330428194、0.966468253968254、0.974183991107838
2023-12-06 19:28:10,244 - INFO - 这一轮训练集的准确率、p、r、f1是99.375、0.9878236723100229、0.9818416305916305、0.9838926509272102
2023-12-06 19:28:10,252 - INFO - 

以下是测试集


2023-12-06 19:28:10,523 - INFO - [2023-12-06 19:28:10] 当前轮数、批次数、总批次: [18][0/5]	
2023-12-06 19:28:10,523 - INFO - 本批次的训练损失是0.3102046549320221
2023-12-06 19:28:10,523 - INFO - 本批次的训练集准确率、macro-p\r\f是98.828125、0.991896551724138、0.9761056286549707、0.9821743870616051
2023-12-06 19:28:11,190 - INFO - [2023-12-06 19:28:11] 当前轮数、批次数、总批次: [18][1/5]	
2023-12-06 19:28:11,191 - INFO - 本批次的训练损失是0.3102513253688812
2023-12-06 19:28:11,191 - INFO - 本批次的训练集准确率、macro-p\r\f是99.21875、0.9953703703703703、0.9916666666666667、0.9929193899782135
2023-12-06 19:28:11,808 - INFO - [2023-12-06 19:28:11] 当前轮数、批次数、总批次: [18][2/5]	
2023-12-06 19:28:11,808 - INFO - 本批次的训练损失是0.3104260265827179
2023-12-06 19:28:11,808 - INFO - 本批次的训练集准确率、macro-p\r\f是98.828125、0.9910714285714286、0.9892361111111111、0.9894418927955513
2023-12-06 19:28:13,134 - INFO - [2023-12-06 19:28:13] 当前轮数、批次数、总批次: [18][3/5]	
2023-12-06 19:28:13,134 - INFO - 本批次的训练损失是0.3100930452346802
2023-12-06 19:28:13,134 - INFO - 本批次的训练集准确率、macro-p\r\f是100.0、1.0、1.0、1.0
2023-12-06 19:28:13,673 - INFO - [2023-12-06 19:28:13] 当前轮数、批次数、总批次: [18][4/5]	
2023-12-06 19:28:13,674 - INFO - 本批次的训练损失是0.31025800108909607
2023-12-06 19:28:13,674 - INFO - 本批次的训练集准确率、macro-p\r\f是99.609375、0.996875、0.9951923076923077、0.995897435897436
2023-12-06 19:28:13,674 - INFO - 这一轮训练集的准确率、p、r、f1是99.296875、0.9950426701331873、0.9904401428250111、0.9920866211465611
2023-12-06 19:28:13,681 - INFO - 

以下是测试集


2023-12-06 19:28:14,210 - INFO - [2023-12-06 19:28:14] 当前轮数、批次数、总批次: [19][0/5]	
2023-12-06 19:28:14,211 - INFO - 本批次的训练损失是0.3102317154407501
2023-12-06 19:28:14,211 - INFO - 本批次的训练集准确率、macro-p\r\f是100.0、1.0、1.0、1.0
2023-12-06 19:28:14,786 - INFO - [2023-12-06 19:28:14] 当前轮数、批次数、总批次: [19][1/5]	
2023-12-06 19:28:14,786 - INFO - 本批次的训练损失是0.3101450800895691
2023-12-06 19:28:14,786 - INFO - 本批次的训练集准确率、macro-p\r\f是99.21875、0.9937611408199644、0.9934343434343434、0.9933323381599244
2023-12-06 19:28:15,299 - INFO - [2023-12-06 19:28:15] 当前轮数、批次数、总批次: [19][2/5]	
2023-12-06 19:28:15,300 - INFO - 本批次的训练损失是0.3102792799472809
2023-12-06 19:28:15,300 - INFO - 本批次的训练集准确率、macro-p\r\f是99.21875、0.9958333333333333、0.9756944444444444、0.9835607076948271
2023-12-06 19:28:15,808 - INFO - [2023-12-06 19:28:15] 当前轮数、批次数、总批次: [19][3/5]	
2023-12-06 19:28:15,809 - INFO - 本批次的训练损失是0.3100808262825012
2023-12-06 19:28:15,809 - INFO - 本批次的训练集准确率、macro-p\r\f是100.0、1.0、1.0、1.0
2023-12-06 19:28:17,146 - INFO - [2023-12-06 19:28:17] 当前轮数、批次数、总批次: [19][4/5]	
2023-12-06 19:28:17,147 - INFO - 本批次的训练损失是0.31014272570610046
2023-12-06 19:28:17,147 - INFO - 本批次的训练集准确率、macro-p\r\f是99.609375、0.9979166666666667、0.9947916666666667、0.9961538461538462
2023-12-06 19:28:17,148 - INFO - 这一轮训练集的准确率、p、r、f1是99.609375、0.9975022281639928、0.992784090909091、0.9946093784017195
2023-12-06 19:28:17,160 - INFO - 

以下是测试集


